#
# There is insufficient memory for the Java Runtime Environment to continue.
# Native memory allocation (malloc) failed to allocate 2011216 bytes for Chunk::new
# Possible reasons:
#   The system is out of physical RAM or swap space
#   The process is running with CompressedOops enabled, and the Java Heap may be blocking the growth of the native heap
# Possible solutions:
#   Reduce memory load on the system
#   Increase physical memory or swap space
#   Check if swap backing store is full
#   Decrease Java heap size (-Xmx/-Xms)
#   Decrease number of Java threads
#   Decrease Java thread stack sizes (-Xss)
#   Set larger code cache with -XX:ReservedCodeCacheSize=
#   JVM is running with Unscaled Compressed Oops mode in which the Java heap is
#     placed in the first 4GB address space. The Java Heap base address is the
#     maximum limit for the native heap growth. Please use -XX:HeapBaseMinAddress
#     to set the Java Heap base and to place the Java Heap above 4GB virtual address.
# This output file may be truncated or incomplete.
#
#  Out of Memory Error (t:/workspace/open/src/hotspot/share/memory/arena.cpp:198), pid=26108, tid=9076
#
# JRE version: Java(TM) SE Runtime Environment (10.0.2+13) (build 10.0.2+13)
# Java VM: Java HotSpot(TM) 64-Bit Server VM (10.0.2+13, mixed mode, tiered, compressed oops, g1 gc, windows-amd64)
# No core dump will be written. Minidumps are not enabled by default on client versions of Windows
#

---------------  S U M M A R Y ------------

Command Line: --add-opens=java.base/java.util=ALL-UNNAMED --add-opens=java.base/java.lang=ALL-UNNAMED --add-opens=java.base/java.lang.invoke=ALL-UNNAMED --add-opens=java.prefs/java.util.prefs=ALL-UNNAMED -XX:MaxMetaspaceSize=256m -XX:+HeapDumpOnOutOfMemoryError -Xms256m -Xmx512m -Dfile.encoding=GBK -Duser.country=CN -Duser.language=zh -Duser.variant org.gradle.launcher.daemon.bootstrap.GradleDaemon 5.6.4

Host: Intel(R) Core(TM) i7-7700HQ CPU @ 2.80GHz, 8 cores, 7G,  Windows 10 , 64 bit Build 18362 (10.0.18362.329)
Time: Mon Dec 23 22:13:42 2019 ?D1¨²¡À¨º¡Á?¨º¡À?? elapsed time: 6 seconds (0d 0h 0m 6s)

---------------  T H R E A D  ---------------

Current thread (0x000001dd38a14000):  JavaThread "C2 CompilerThread2" daemon [_thread_in_native, id=9076, stack(0x000000adf1f00000,0x000000adf2000000)]


Current CompileTask:
C2:   6797 5275 % !   4       io.spring.gradle.dependencymanagement.org.apache.maven.model.interpolation.StringSearchModelInterpolator$InterpolateObjectAction::traverseObjectWithParents @ 41 (118 bytes)

Stack: [0x000000adf1f00000,0x000000adf2000000]
Native frames: (J=compiled Java code, j=interpreted, Vv=VM code, C=native code)
V  [jvm.dll+0x5a01a9]
V  [jvm.dll+0x6bcf31]
V  [jvm.dll+0x6be126]
V  [jvm.dll+0x6be7b3]
V  [jvm.dll+0x234978]
V  [jvm.dll+0xbb69c]
V  [jvm.dll+0xbbbac]
V  [jvm.dll+0x34bee1]
V  [jvm.dll+0x18f02c]
V  [jvm.dll+0x1fff9d]
V  [jvm.dll+0x1ff116]
V  [jvm.dll+0x17c94b]
V  [jvm.dll+0x20c8dd]
V  [jvm.dll+0x20b6a6]
V  [jvm.dll+0x68b7ff]
V  [jvm.dll+0x59f4b0]
C  [msvcr120.dll+0x24f7f]
C  [msvcr120.dll+0x25126]
C  [KERNEL32.DLL+0x17bd4]
C  [ntdll.dll+0x6ced1]


---------------  P R O C E S S  ---------------

Threads class SMR info:
_java_thread_list=0x000001dd3f56b140, length=49, elements={
0x000001dd19d55000, 0x000001dd38191800, 0x000001dd389a2800, 0x000001dd389ae000,
0x000001dd389af000, 0x000001dd38a0c800, 0x000001dd38a0f000, 0x000001dd38a14000,
0x000001dd3819d800, 0x000001dd3819e800, 0x000001dd38bd0800, 0x000001dd38bd1800,
0x000001dd38bce800, 0x000001dd38bca800, 0x000001dd38bcb000, 0x000001dd38bcd800,
0x000001dd38bcf000, 0x000001dd38bd0000, 0x000001dd38bcd000, 0x000001dd38bcc000,
0x000001dd3a512000, 0x000001dd3a513800, 0x000001dd3a51a000, 0x000001dd3a515000,
0x000001dd3a516000, 0x000001dd3a517000, 0x000001dd3a51b800, 0x000001dd3a51e800,
0x000001dd3a51c800, 0x000001dd3a517800, 0x000001dd3a51d000, 0x000001dd3a51e000,
0x000001dd3a51f800, 0x000001dd3a518800, 0x000001dd3a520000, 0x000001dd3a521000,
0x000001dd3cb51800, 0x000001dd3cb4c800, 0x000001dd3cb53000, 0x000001dd3cb53800,
0x000001dd3cb54800, 0x000001dd3cb4f000, 0x000001dd3cb52000, 0x000001dd3cb50800,
0x000001dd3cb4d800, 0x000001dd3cb55800, 0x000001dd3cb4e000, 0x000001dd3cb56000,
0x000001dd3cb57000
}

Java Threads: ( => current thread )
  0x000001dd19d55000 JavaThread "main" [_thread_blocked, id=14252, stack(0x000000adf0300000,0x000000adf0400000)]
  0x000001dd38191800 JavaThread "Reference Handler" daemon [_thread_blocked, id=17476, stack(0x000000adf1900000,0x000000adf1a00000)]
  0x000001dd389a2800 JavaThread "Finalizer" daemon [_thread_blocked, id=3248, stack(0x000000adf1a00000,0x000000adf1b00000)]
  0x000001dd389ae000 JavaThread "Signal Dispatcher" daemon [_thread_blocked, id=12340, stack(0x000000adf1b00000,0x000000adf1c00000)]
  0x000001dd389af000 JavaThread "Attach Listener" daemon [_thread_blocked, id=24672, stack(0x000000adf1c00000,0x000000adf1d00000)]
  0x000001dd38a0c800 JavaThread "C2 CompilerThread0" daemon [_thread_in_native, id=1572, stack(0x000000adf1d00000,0x000000adf1e00000)]
  0x000001dd38a0f000 JavaThread "C2 CompilerThread1" daemon [_thread_in_native, id=19660, stack(0x000000adf1e00000,0x000000adf1f00000)]
=>0x000001dd38a14000 JavaThread "C2 CompilerThread2" daemon [_thread_in_native, id=9076, stack(0x000000adf1f00000,0x000000adf2000000)]
  0x000001dd3819d800 JavaThread "C1 CompilerThread3" daemon [_thread_in_native, id=19788, stack(0x000000adf2000000,0x000000adf2100000)]
  0x000001dd3819e800 JavaThread "Sweeper thread" daemon [_thread_blocked, id=12884, stack(0x000000adf2100000,0x000000adf2200000)]
  0x000001dd38bd0800 JavaThread "Common-Cleaner" daemon [_thread_blocked, id=25064, stack(0x000000adf2200000,0x000000adf2300000)]
  0x000001dd38bd1800 JavaThread "Service Thread" daemon [_thread_blocked, id=25452, stack(0x000000adf2300000,0x000000adf2400000)]
  0x000001dd38bce800 JavaThread "Daemon health stats" [_thread_blocked, id=10632, stack(0x000000adf2500000,0x000000adf2600000)]
  0x000001dd38bca800 JavaThread "Incoming local TCP Connector on port 50033" [_thread_in_native, id=26060, stack(0x000000adf2600000,0x000000adf2700000)]
  0x000001dd38bcb000 JavaThread "Daemon periodic checks" [_thread_blocked, id=10156, stack(0x000000adf2700000,0x000000adf2800000)]
  0x000001dd38bcd800 JavaThread "Daemon" [_thread_blocked, id=19064, stack(0x000000adf2800000,0x000000adf2900000)]
  0x000001dd38bcf000 JavaThread "Handler for socket connection from /127.0.0.1:50033 to /127.0.0.1:50034" [_thread_in_native, id=25724, stack(0x000000adf2900000,0x000000adf2a00000)]
  0x000001dd38bd0000 JavaThread "Cancel handler" [_thread_blocked, id=4616, stack(0x000000adf2a00000,0x000000adf2b00000)]
  0x000001dd38bcd000 JavaThread "Daemon worker" [_thread_blocked, id=25856, stack(0x000000adf2b00000,0x000000adf2c00000)]
  0x000001dd38bcc000 JavaThread "Asynchronous log dispatcher for DefaultDaemonConnection: socket connection from /127.0.0.1:50033 to /127.0.0.1:50034" [_thread_blocked, id=25896, stack(0x000000adf2c00000,0x000000adf2d00000)]
  0x000001dd3a512000 JavaThread "Stdin handler" [_thread_blocked, id=4840, stack(0x000000adf2d00000,0x000000adf2e00000)]
  0x000001dd3a513800 JavaThread "Thread-8" [_thread_blocked, id=20580, stack(0x000000adf2e00000,0x000000adf2f00000)]
  0x000001dd3a51a000 JavaThread "Cache worker for file hash cache (C:\Users\asus\.gradle\caches\5.6.4\fileHashes)" [_thread_blocked, id=26328, stack(0x000000adf2f00000,0x000000adf3000000)]
  0x000001dd3a515000 JavaThread "File lock request listener" [_thread_in_native, id=26536, stack(0x000000adf3000000,0x000000adf3100000)]
  0x000001dd3a516000 JavaThread "Cache worker for journal cache (C:\Users\asus\.gradle\caches\journal-1)" [_thread_blocked, id=14752, stack(0x000000adf3100000,0x000000adf3200000)]
  0x000001dd3a517000 JavaThread "Cache worker for file hash cache (G:\vueProject\server\server\.gradle\5.6.4\fileHashes)" [_thread_blocked, id=24708, stack(0x000000adf3200000,0x000000adf3300000)]
  0x000001dd3a51b800 JavaThread "Cache worker for cache directory md-supplier (C:\Users\asus\.gradle\caches\5.6.4\md-supplier)" [_thread_blocked, id=12468, stack(0x000000adf3300000,0x000000adf3400000)]
  0x000001dd3a51e800 JavaThread "Cache worker for cache directory md-rule (C:\Users\asus\.gradle\caches\5.6.4\md-rule)" [_thread_blocked, id=9452, stack(0x000000adf3400000,0x000000adf3500000)]
  0x000001dd3a51c800 JavaThread "Cache worker for execution history cache (C:\Users\asus\.gradle\caches\5.6.4\executionHistory)" [_thread_blocked, id=15076, stack(0x000000adf3500000,0x000000adf3600000)]
  0x000001dd3a517800 JavaThread "Build operations" [_thread_blocked, id=24424, stack(0x000000adf3600000,0x000000adf3700000)]
  0x000001dd3a51d000 JavaThread "Build operations Thread 2" [_thread_blocked, id=25788, stack(0x000000adf3700000,0x000000adf3800000)]
  0x000001dd3a51e000 JavaThread "Build operations Thread 3" [_thread_blocked, id=24920, stack(0x000000adf3800000,0x000000adf3900000)]
  0x000001dd3a51f800 JavaThread "Build operations Thread 4" [_thread_blocked, id=19036, stack(0x000000adf3900000,0x000000adf3a00000)]
  0x000001dd3a518800 JavaThread "Build operations Thread 5" [_thread_blocked, id=16264, stack(0x000000adf3a00000,0x000000adf3b00000)]
  0x000001dd3a520000 JavaThread "Build operations Thread 6" [_thread_blocked, id=26160, stack(0x000000adf3b00000,0x000000adf3c00000)]
  0x000001dd3a521000 JavaThread "Cache worker for Build Output Cleanup Cache (G:\vueProject\server\server\.gradle\buildOutputCleanup)" [_thread_blocked, id=25684, stack(0x000000adf3c00000,0x000000adf3d00000)]
  0x000001dd3cb51800 JavaThread "Memory manager" [_thread_blocked, id=5680, stack(0x000000adf3d00000,0x000000adf3e00000)]
  0x000001dd3cb4c800 JavaThread "Cache worker for file content cache (C:\Users\asus\.gradle\caches\5.6.4\fileContent)" [_thread_blocked, id=25696, stack(0x000000adf3e00000,0x000000adf3f00000)]
  0x000001dd3cb53000 JavaThread "Cache worker for file content cache (G:\vueProject\server\server\.gradle\5.6.4\fileContent)" [_thread_blocked, id=17584, stack(0x000000adf3f00000,0x000000adf4000000)]
  0x000001dd3cb53800 JavaThread "Execution worker for ':'" [_thread_blocked, id=25884, stack(0x000000adf4000000,0x000000adf4100000)]
  0x000001dd3cb54800 JavaThread "Execution worker for ':' Thread 2" [_thread_blocked, id=26304, stack(0x000000adf4100000,0x000000adf4200000)]
  0x000001dd3cb4f000 JavaThread "Execution worker for ':' Thread 3" [_thread_blocked, id=21832, stack(0x000000adf4200000,0x000000adf4300000)]
  0x000001dd3cb52000 JavaThread "Execution worker for ':' Thread 4" [_thread_blocked, id=10680, stack(0x000000adf4300000,0x000000adf4400000)]
  0x000001dd3cb50800 JavaThread "Execution worker for ':' Thread 5" [_thread_blocked, id=14632, stack(0x000000adf4400000,0x000000adf4500000)]
  0x000001dd3cb4d800 JavaThread "Execution worker for ':' Thread 6" [_thread_blocked, id=9220, stack(0x000000adf4500000,0x000000adf4600000)]
  0x000001dd3cb55800 JavaThread "Execution worker for ':' Thread 7" [_thread_blocked, id=23256, stack(0x000000adf4600000,0x000000adf4700000)]
  0x000001dd3cb4e000 JavaThread "Cache worker for execution history cache (G:\vueProject\server\server\.gradle\5.6.4\executionHistory)" [_thread_blocked, id=14612, stack(0x000000adf4700000,0x000000adf4800000)]
  0x000001dd3cb56000 JavaThread "Build operations Thread 7" [_thread_blocked, id=22688, stack(0x000000adf4800000,0x000000adf4900000)]
  0x000001dd3cb57000 JavaThread "Build operations Thread 8" [_thread_blocked, id=26472, stack(0x000000adf4900000,0x000000adf4a00000)]

Other Threads:
  0x000001dd38186800 VMThread "VM Thread" [stack: 0x000000adf1800000,0x000000adf1900000] [id=19168]
  0x000001dd38c29000 WatcherThread [stack: 0x000000adf2400000,0x000000adf2500000] [id=23236]
  0x000001dd19d71000 GCTaskThread "GC Thread#0" [stack: 0x000000adf0400000,0x000000adf0500000] [id=14856]
  0x000001dd19d72000 GCTaskThread "GC Thread#1" [stack: 0x000000adf0500000,0x000000adf0600000] [id=432]
  0x000001dd19d74800 GCTaskThread "GC Thread#2" [stack: 0x000000adf0600000,0x000000adf0700000] [id=12868]
  0x000001dd19d77000 GCTaskThread "GC Thread#3" [stack: 0x000000adf0700000,0x000000adf0800000] [id=25816]
  0x000001dd19d78000 GCTaskThread "GC Thread#4" [stack: 0x000000adf0800000,0x000000adf0900000] [id=5776]
  0x000001dd19d7c800 GCTaskThread "GC Thread#5" [stack: 0x000000adf0900000,0x000000adf0a00000] [id=3640]
  0x000001dd19d7f000 GCTaskThread "GC Thread#6" [stack: 0x000000adf0a00000,0x000000adf0b00000] [id=14636]
  0x000001dd19d85000 GCTaskThread "GC Thread#7" [stack: 0x000000adf0b00000,0x000000adf0c00000] [id=2488]
  0x000001dd19da5800 ConcurrentGCThread "G1 Main Marker" [stack: 0x000000adf0c00000,0x000000adf0d00000] [id=19148]
  0x000001dd19daa800 ConcurrentGCThread "G1 Conc#0" [stack: 0x000000adf0d00000,0x000000adf0e00000] [id=612]
  0x000001dd19dac800 ConcurrentGCThread "G1 Conc#1" [stack: 0x000000adf0e00000,0x000000adf0f00000] [id=9200]
  0x000001dd19e2e000 ConcurrentGCThread "G1 Refine#0" [stack: 0x000000adf0f00000,0x000000adf1000000] [id=20032]
  0x000001dd38004800 ConcurrentGCThread "G1 Refine#1" [stack: 0x000000adf1000000,0x000000adf1100000] [id=8592]
  0x000001dd38005000 ConcurrentGCThread "G1 Refine#2" [stack: 0x000000adf1100000,0x000000adf1200000] [id=21024]
  0x000001dd38005800 ConcurrentGCThread "G1 Refine#3" [stack: 0x000000adf1200000,0x000000adf1300000] [id=17232]
  0x000001dd38008800 ConcurrentGCThread "G1 Refine#4" [stack: 0x000000adf1300000,0x000000adf1400000] [id=22840]
  0x000001dd3800b800 ConcurrentGCThread "G1 Refine#5" [stack: 0x000000adf1400000,0x000000adf1500000] [id=956]
  0x000001dd38010000 ConcurrentGCThread "G1 Refine#6" [stack: 0x000000adf1500000,0x000000adf1600000] [id=25948]
  0x000001dd38020000 ConcurrentGCThread "G1 Refine#7" [stack: 0x000000adf1600000,0x000000adf1700000] [id=12836]
  0x000001dd38021000 ConcurrentGCThread "G1 Young RemSet Sampling" [stack: 0x000000adf1700000,0x000000adf1800000] [id=20660]

Threads with active compile tasks:
C2 CompilerThread05356   !   4       io.spring.gradle.dependencymanagement.org.codehaus.plexus.interpolation.StringSearchInterpolator::interpolate (665 bytes)
C2 CompilerThread15798       4       java.util.HashMap$KeySet::iterator (12 bytes)
C2 CompilerThread25275 % !   4       io.spring.gradle.dependencymanagement.org.apache.maven.model.interpolation.StringSearchModelInterpolator$InterpolateObjectAction::traverseObjectWithParents @ 41 (118 bytes)
C1 CompilerThread36022       3       java.util.concurrent.locks.AbstractQueuedSynchronizer::unparkSuccessor (84 bytes)

VM state:not at safepoint (normal execution)

VM Mutex/Monitor currently owned by a thread: None

Heap address: 0x00000000e0000000, size: 512 MB, Compressed Oops mode: 32-bit
Narrow klass base: 0x0000000000000000, Narrow klass shift: 3
Compressed class space size: 260046848 Address: 0x0000000100000000

Heap:
 garbage-first heap   total 262144K, used 119897K [0x00000000e0000000, 0x0000000100000000)
  region size 1024K, 103 young (105472K), 20 survivors (20480K)
 Metaspace       used 49006K, capacity 50008K, committed 50512K, reserved 299008K
  class space    used 6082K, capacity 6432K, committed 6480K, reserved 253952K
Heap Regions: E=young(eden), S=young(survivor), O=old, HS=humongous(starts), HC=humongous(continues), CS=collection set, F=free, A=archive, TS=gc time stamp, AC=allocation context, TAMS=top-at-mark-start (previous, next)
|   0|0x00000000e0000000, 0x00000000e0000000, 0x00000000e0100000|  0%| F|  |TS  0|AC  0|TAMS 0x00000000e0000000, 0x00000000e0000000|
|   1|0x00000000e0100000, 0x00000000e0100000, 0x00000000e0200000|  0%| F|  |TS  0|AC  0|TAMS 0x00000000e0100000, 0x00000000e0100000|
|   2|0x00000000e0200000, 0x00000000e0200000, 0x00000000e0300000|  0%| F|  |TS  0|AC  0|TAMS 0x00000000e0200000, 0x00000000e0200000|
|   3|0x00000000e0300000, 0x00000000e0400000, 0x00000000e0400000|100%|HS|  |TS  0|AC  0|TAMS 0x00000000e0400000, 0x00000000e0400000|
|   4|0x00000000e0400000, 0x00000000e0500000, 0x00000000e0500000|100%|HC|  |TS  0|AC  0|TAMS 0x00000000e0500000, 0x00000000e0500000|
|   5|0x00000000e0500000, 0x00000000e0600000, 0x00000000e0600000|100%|HC|  |TS  0|AC  0|TAMS 0x00000000e0600000, 0x00000000e0600000|
|   6|0x00000000e0600000, 0x00000000e0700000, 0x00000000e0700000|100%| O|  |TS  0|AC  0|TAMS 0x00000000e0700000, 0x00000000e0700000|
|   7|0x00000000e0700000, 0x00000000e0800000, 0x00000000e0800000|100%| O|  |TS  0|AC  0|TAMS 0x00000000e0800000, 0x00000000e0800000|
|   8|0x00000000e0800000, 0x00000000e0900000, 0x00000000e0900000|100%| O|  |TS  0|AC  0|TAMS 0x00000000e0900000, 0x00000000e0900000|
|   9|0x00000000e0900000, 0x00000000e0a00000, 0x00000000e0a00000|100%| O|  |TS  0|AC  0|TAMS 0x00000000e0a00000, 0x00000000e0a00000|
|  10|0x00000000e0a00000, 0x00000000e0b00000, 0x00000000e0b00000|100%| O|  |TS  0|AC  0|TAMS 0x00000000e0b00000, 0x00000000e0b00000|
|  11|0x00000000e0b00000, 0x00000000e0c00000, 0x00000000e0c00000|100%| O|  |TS  0|AC  0|TAMS 0x00000000e0c00000, 0x00000000e0c00000|
|  12|0x00000000e0c00000, 0x00000000e0d00000, 0x00000000e0d00000|100%| O|  |TS  0|AC  0|TAMS 0x00000000e0d00000, 0x00000000e0d00000|
|  13|0x00000000e0d00000, 0x00000000e0e00000, 0x00000000e0e00000|100%| O|  |TS  0|AC  0|TAMS 0x00000000e0e00000, 0x00000000e0e00000|
|  14|0x00000000e0e00000, 0x00000000e0f00000, 0x00000000e0f00000|100%| O|  |TS  0|AC  0|TAMS 0x00000000e0f00000, 0x00000000e0f00000|
|  15|0x00000000e0f00000, 0x00000000e1000000, 0x00000000e1000000|100%| O|  |TS  0|AC  0|TAMS 0x00000000e1000000, 0x00000000e1000000|
|  16|0x00000000e1000000, 0x00000000e1100000, 0x00000000e1100000|100%| O|  |TS  0|AC  0|TAMS 0x00000000e1100000, 0x00000000e1100000|
|  17|0x00000000e1100000, 0x00000000e1200000, 0x00000000e1200000|100%| O|  |TS  0|AC  0|TAMS 0x00000000e1200000, 0x00000000e1200000|
|  18|0x00000000e1200000, 0x00000000e12b1a00, 0x00000000e1300000| 69%| O|  |TS  2|AC  0|TAMS 0x00000000e12b1a00, 0x00000000e12b1a00|
|  19|0x00000000e1300000, 0x00000000e1300000, 0x00000000e1400000|  0%| F|  |TS  0|AC  0|TAMS 0x00000000e1300000, 0x00000000e1300000|
|  20|0x00000000e1400000, 0x00000000e1400000, 0x00000000e1500000|  0%| F|  |TS  0|AC  0|TAMS 0x00000000e1400000, 0x00000000e1400000|
|  21|0x00000000e1500000, 0x00000000e1500000, 0x00000000e1600000|  0%| F|  |TS  0|AC  0|TAMS 0x00000000e1500000, 0x00000000e1500000|
|  22|0x00000000e1600000, 0x00000000e1600000, 0x00000000e1700000|  0%| F|  |TS  0|AC  0|TAMS 0x00000000e1600000, 0x00000000e1600000|
|  23|0x00000000e1700000, 0x00000000e1700000, 0x00000000e1800000|  0%| F|  |TS  0|AC  0|TAMS 0x00000000e1700000, 0x00000000e1700000|
|  24|0x00000000e1800000, 0x00000000e1800000, 0x00000000e1900000|  0%| F|  |TS  0|AC  0|TAMS 0x00000000e1800000, 0x00000000e1800000|
|  25|0x00000000e1900000, 0x00000000e1900000, 0x00000000e1a00000|  0%| F|  |TS  0|AC  0|TAMS 0x00000000e1900000, 0x00000000e1900000|
|  26|0x00000000e1a00000, 0x00000000e1a00000, 0x00000000e1b00000|  0%| F|  |TS  0|AC  0|TAMS 0x00000000e1a00000, 0x00000000e1a00000|
|  27|0x00000000e1b00000, 0x00000000e1b00000, 0x00000000e1c00000|  0%| F|  |TS  0|AC  0|TAMS 0x00000000e1b00000, 0x00000000e1b00000|
|  28|0x00000000e1c00000, 0x00000000e1c00000, 0x00000000e1d00000|  0%| F|  |TS  0|AC  0|TAMS 0x00000000e1c00000, 0x00000000e1c00000|
|  29|0x00000000e1d00000, 0x00000000e1d00000, 0x00000000e1e00000|  0%| F|  |TS  0|AC  0|TAMS 0x00000000e1d00000, 0x00000000e1d00000|
|  30|0x00000000e1e00000, 0x00000000e1e00000, 0x00000000e1f00000|  0%| F|  |TS  0|AC  0|TAMS 0x00000000e1e00000, 0x00000000e1e00000|
|  31|0x00000000e1f00000, 0x00000000e1f00000, 0x00000000e2000000|  0%| F|  |TS  0|AC  0|TAMS 0x00000000e1f00000, 0x00000000e1f00000|
|  32|0x00000000e2000000, 0x00000000e2000000, 0x00000000e2100000|  0%| F|  |TS  0|AC  0|TAMS 0x00000000e2000000, 0x00000000e2000000|
|  33|0x00000000e2100000, 0x00000000e2100000, 0x00000000e2200000|  0%| F|  |TS  0|AC  0|TAMS 0x00000000e2100000, 0x00000000e2100000|
|  34|0x00000000e2200000, 0x00000000e2200000, 0x00000000e2300000|  0%| F|  |TS  0|AC  0|TAMS 0x00000000e2200000, 0x00000000e2200000|
|  35|0x00000000e2300000, 0x00000000e2300000, 0x00000000e2400000|  0%| F|  |TS  0|AC  0|TAMS 0x00000000e2300000, 0x00000000e2300000|
|  36|0x00000000e2400000, 0x00000000e2400000, 0x00000000e2500000|  0%| F|  |TS  0|AC  0|TAMS 0x00000000e2400000, 0x00000000e2400000|
|  37|0x00000000e2500000, 0x00000000e2500000, 0x00000000e2600000|  0%| F|  |TS  0|AC  0|TAMS 0x00000000e2500000, 0x00000000e2500000|
|  38|0x00000000e2600000, 0x00000000e2600000, 0x00000000e2700000|  0%| F|  |TS  0|AC  0|TAMS 0x00000000e2600000, 0x00000000e2600000|
|  39|0x00000000e2700000, 0x00000000e2700000, 0x00000000e2800000|  0%| F|  |TS  0|AC  0|TAMS 0x00000000e2700000, 0x00000000e2700000|
|  40|0x00000000e2800000, 0x00000000e2800000, 0x00000000e2900000|  0%| F|  |TS  0|AC  0|TAMS 0x00000000e2800000, 0x00000000e2800000|
|  41|0x00000000e2900000, 0x00000000e2900000, 0x00000000e2a00000|  0%| F|  |TS  0|AC  0|TAMS 0x00000000e2900000, 0x00000000e2900000|
|  42|0x00000000e2a00000, 0x00000000e2a00000, 0x00000000e2b00000|  0%| F|  |TS  0|AC  0|TAMS 0x00000000e2a00000, 0x00000000e2a00000|
|  43|0x00000000e2b00000, 0x00000000e2b00000, 0x00000000e2c00000|  0%| F|  |TS  0|AC  0|TAMS 0x00000000e2b00000, 0x00000000e2b00000|
|  44|0x00000000e2c00000, 0x00000000e2c00000, 0x00000000e2d00000|  0%| F|  |TS  0|AC  0|TAMS 0x00000000e2c00000, 0x00000000e2c00000|
|  45|0x00000000e2d00000, 0x00000000e2d00000, 0x00000000e2e00000|  0%| F|  |TS  0|AC  0|TAMS 0x00000000e2d00000, 0x00000000e2d00000|
|  46|0x00000000e2e00000, 0x00000000e2e00000, 0x00000000e2f00000|  0%| F|  |TS  0|AC  0|TAMS 0x00000000e2e00000, 0x00000000e2e00000|
|  47|0x00000000e2f00000, 0x00000000e2f00000, 0x00000000e3000000|  0%| F|  |TS  0|AC  0|TAMS 0x00000000e2f00000, 0x00000000e2f00000|
|  48|0x00000000e3000000, 0x00000000e3000000, 0x00000000e3100000|  0%| F|  |TS  0|AC  0|TAMS 0x00000000e3000000, 0x00000000e3000000|
|  49|0x00000000e3100000, 0x00000000e3100000, 0x00000000e3200000|  0%| F|  |TS  0|AC  0|TAMS 0x00000000e3100000, 0x00000000e3100000|
|  50|0x00000000e3200000, 0x00000000e3200000, 0x00000000e3300000|  0%| F|  |TS  0|AC  0|TAMS 0x00000000e3200000, 0x00000000e3200000|
|  51|0x00000000e3300000, 0x00000000e3300000, 0x00000000e3400000|  0%| F|  |TS  0|AC  0|TAMS 0x00000000e3300000, 0x00000000e3300000|
|  52|0x00000000e3400000, 0x00000000e3400000, 0x00000000e3500000|  0%| F|  |TS  0|AC  0|TAMS 0x00000000e3400000, 0x00000000e3400000|
|  53|0x00000000e3500000, 0x00000000e3500000, 0x00000000e3600000|  0%| F|  |TS  0|AC  0|TAMS 0x00000000e3500000, 0x00000000e3500000|
|  54|0x00000000e3600000, 0x00000000e3600000, 0x00000000e3700000|  0%| F|  |TS  0|AC  0|TAMS 0x00000000e3600000, 0x00000000e3600000|
|  55|0x00000000e3700000, 0x00000000e3700000, 0x00000000e3800000|  0%| F|  |TS  0|AC  0|TAMS 0x00000000e3700000, 0x00000000e3700000|
|  56|0x00000000e3800000, 0x00000000e3800000, 0x00000000e3900000|  0%| F|  |TS  0|AC  0|TAMS 0x00000000e3800000, 0x00000000e3800000|
|  57|0x00000000e3900000, 0x00000000e3900000, 0x00000000e3a00000|  0%| F|  |TS  0|AC  0|TAMS 0x00000000e3900000, 0x00000000e3900000|
|  58|0x00000000e3a00000, 0x00000000e3a00000, 0x00000000e3b00000|  0%| F|  |TS  0|AC  0|TAMS 0x00000000e3a00000, 0x00000000e3a00000|
|  59|0x00000000e3b00000, 0x00000000e3b00000, 0x00000000e3c00000|  0%| F|  |TS  0|AC  0|TAMS 0x00000000e3b00000, 0x00000000e3b00000|
|  60|0x00000000e3c00000, 0x00000000e3c00000, 0x00000000e3d00000|  0%| F|  |TS  0|AC  0|TAMS 0x00000000e3c00000, 0x00000000e3c00000|
|  61|0x00000000e3d00000, 0x00000000e3d00000, 0x00000000e3e00000|  0%| F|  |TS  0|AC  0|TAMS 0x00000000e3d00000, 0x00000000e3d00000|
|  62|0x00000000e3e00000, 0x00000000e3e00000, 0x00000000e3f00000|  0%| F|  |TS  0|AC  0|TAMS 0x00000000e3e00000, 0x00000000e3e00000|
|  63|0x00000000e3f00000, 0x00000000e3f00000, 0x00000000e4000000|  0%| F|  |TS  0|AC  0|TAMS 0x00000000e3f00000, 0x00000000e3f00000|
|  64|0x00000000e4000000, 0x00000000e4000000, 0x00000000e4100000|  0%| F|  |TS  0|AC  0|TAMS 0x00000000e4000000, 0x00000000e4000000|
|  65|0x00000000e4100000, 0x00000000e4100000, 0x00000000e4200000|  0%| F|  |TS  0|AC  0|TAMS 0x00000000e4100000, 0x00000000e4100000|
|  66|0x00000000e4200000, 0x00000000e4200000, 0x00000000e4300000|  0%| F|  |TS  0|AC  0|TAMS 0x00000000e4200000, 0x00000000e4200000|
|  67|0x00000000e4300000, 0x00000000e4300000, 0x00000000e4400000|  0%| F|  |TS  0|AC  0|TAMS 0x00000000e4300000, 0x00000000e4300000|
|  68|0x00000000e4400000, 0x00000000e4400000, 0x00000000e4500000|  0%| F|  |TS  0|AC  0|TAMS 0x00000000e4400000, 0x00000000e4400000|
|  69|0x00000000e4500000, 0x00000000e4500000, 0x00000000e4600000|  0%| F|  |TS  0|AC  0|TAMS 0x00000000e4500000, 0x00000000e4500000|
|  70|0x00000000e4600000, 0x00000000e4600000, 0x00000000e4700000|  0%| F|  |TS  0|AC  0|TAMS 0x00000000e4600000, 0x00000000e4600000|
|  71|0x00000000e4700000, 0x00000000e4700000, 0x00000000e4800000|  0%| F|  |TS  0|AC  0|TAMS 0x00000000e4700000, 0x00000000e4700000|
|  72|0x00000000e4800000, 0x00000000e4800000, 0x00000000e4900000|  0%| F|  |TS  0|AC  0|TAMS 0x00000000e4800000, 0x00000000e4800000|
|  73|0x00000000e4900000, 0x00000000e4900000, 0x00000000e4a00000|  0%| F|  |TS  0|AC  0|TAMS 0x00000000e4900000, 0x00000000e4900000|
|  74|0x00000000e4a00000, 0x00000000e4a00000, 0x00000000e4b00000|  0%| F|  |TS  0|AC  0|TAMS 0x00000000e4a00000, 0x00000000e4a00000|
|  75|0x00000000e4b00000, 0x00000000e4b00000, 0x00000000e4c00000|  0%| F|  |TS  0|AC  0|TAMS 0x00000000e4b00000, 0x00000000e4b00000|
|  76|0x00000000e4c00000, 0x00000000e4c00000, 0x00000000e4d00000|  0%| F|  |TS  0|AC  0|TAMS 0x00000000e4c00000, 0x00000000e4c00000|
|  77|0x00000000e4d00000, 0x00000000e4d00000, 0x00000000e4e00000|  0%| F|  |TS  0|AC  0|TAMS 0x00000000e4d00000, 0x00000000e4d00000|
|  78|0x00000000e4e00000, 0x00000000e4e00000, 0x00000000e4f00000|  0%| F|  |TS  0|AC  0|TAMS 0x00000000e4e00000, 0x00000000e4e00000|
|  79|0x00000000e4f00000, 0x00000000e4f00000, 0x00000000e5000000|  0%| F|  |TS  0|AC  0|TAMS 0x00000000e4f00000, 0x00000000e4f00000|
|  80|0x00000000e5000000, 0x00000000e5000000, 0x00000000e5100000|  0%| F|  |TS  0|AC  0|TAMS 0x00000000e5000000, 0x00000000e5000000|
|  81|0x00000000e5100000, 0x00000000e5100000, 0x00000000e5200000|  0%| F|  |TS  0|AC  0|TAMS 0x00000000e5100000, 0x00000000e5100000|
|  82|0x00000000e5200000, 0x00000000e5200000, 0x00000000e5300000|  0%| F|  |TS  0|AC  0|TAMS 0x00000000e5200000, 0x00000000e5200000|
|  83|0x00000000e5300000, 0x00000000e5364c60, 0x00000000e5400000| 39%| S|CS|TS  2|AC  0|TAMS 0x00000000e5300000, 0x00000000e5300000|
|  84|0x00000000e5400000, 0x00000000e5500000, 0x00000000e5500000|100%| S|CS|TS  2|AC  0|TAMS 0x00000000e5400000, 0x00000000e5400000|
|  85|0x00000000e5500000, 0x00000000e5600000, 0x00000000e5600000|100%| S|CS|TS  2|AC  0|TAMS 0x00000000e5500000, 0x00000000e5500000|
|  86|0x00000000e5600000, 0x00000000e5700000, 0x00000000e5700000|100%| S|CS|TS  2|AC  0|TAMS 0x00000000e5600000, 0x00000000e5600000|
|  87|0x00000000e5700000, 0x00000000e5800000, 0x00000000e5800000|100%| S|CS|TS  2|AC  0|TAMS 0x00000000e5700000, 0x00000000e5700000|
|  88|0x00000000e5800000, 0x00000000e5900000, 0x00000000e5900000|100%| S|CS|TS  2|AC  0|TAMS 0x00000000e5800000, 0x00000000e5800000|
|  89|0x00000000e5900000, 0x00000000e5a00000, 0x00000000e5a00000|100%| S|CS|TS  2|AC  0|TAMS 0x00000000e5900000, 0x00000000e5900000|
|  90|0x00000000e5a00000, 0x00000000e5b00000, 0x00000000e5b00000|100%| S|CS|TS  2|AC  0|TAMS 0x00000000e5a00000, 0x00000000e5a00000|
|  91|0x00000000e5b00000, 0x00000000e5c00000, 0x00000000e5c00000|100%| S|CS|TS  2|AC  0|TAMS 0x00000000e5b00000, 0x00000000e5b00000|
|  92|0x00000000e5c00000, 0x00000000e5d00000, 0x00000000e5d00000|100%| S|CS|TS  2|AC  0|TAMS 0x00000000e5c00000, 0x00000000e5c00000|
|  93|0x00000000e5d00000, 0x00000000e5e00000, 0x00000000e5e00000|100%| S|CS|TS  2|AC  0|TAMS 0x00000000e5d00000, 0x00000000e5d00000|
|  94|0x00000000e5e00000, 0x00000000e5f00000, 0x00000000e5f00000|100%| S|CS|TS  2|AC  0|TAMS 0x00000000e5e00000, 0x00000000e5e00000|
|  95|0x00000000e5f00000, 0x00000000e6000000, 0x00000000e6000000|100%| S|CS|TS  2|AC  0|TAMS 0x00000000e5f00000, 0x00000000e5f00000|
|  96|0x00000000e6000000, 0x00000000e6100000, 0x00000000e6100000|100%| S|CS|TS  2|AC  0|TAMS 0x00000000e6000000, 0x00000000e6000000|
|  97|0x00000000e6100000, 0x00000000e6200000, 0x00000000e6200000|100%| S|CS|TS  2|AC  0|TAMS 0x00000000e6100000, 0x00000000e6100000|
|  98|0x00000000e6200000, 0x00000000e6300000, 0x00000000e6300000|100%| S|CS|TS  2|AC  0|TAMS 0x00000000e6200000, 0x00000000e6200000|
|  99|0x00000000e6300000, 0x00000000e6400000, 0x00000000e6400000|100%| S|CS|TS  2|AC  0|TAMS 0x00000000e6300000, 0x00000000e6300000|
| 100|0x00000000e6400000, 0x00000000e6500000, 0x00000000e6500000|100%| S|CS|TS  2|AC  0|TAMS 0x00000000e6400000, 0x00000000e6400000|
| 101|0x00000000e6500000, 0x00000000e6600000, 0x00000000e6600000|100%| S|CS|TS  2|AC  0|TAMS 0x00000000e6500000, 0x00000000e6500000|
| 102|0x00000000e6600000, 0x00000000e6700000, 0x00000000e6700000|100%| S|CS|TS  2|AC  0|TAMS 0x00000000e6600000, 0x00000000e6600000|
| 103|0x00000000e6700000, 0x00000000e6700000, 0x00000000e6800000|  0%| F|  |TS  2|AC  0|TAMS 0x00000000e6700000, 0x00000000e6700000|
| 104|0x00000000e6800000, 0x00000000e6800000, 0x00000000e6900000|  0%| F|  |TS  2|AC  0|TAMS 0x00000000e6800000, 0x00000000e6800000|
| 105|0x00000000e6900000, 0x00000000e6900000, 0x00000000e6a00000|  0%| F|  |TS  2|AC  0|TAMS 0x00000000e6900000, 0x00000000e6900000|
| 106|0x00000000e6a00000, 0x00000000e6a00000, 0x00000000e6b00000|  0%| F|  |TS  2|AC  0|TAMS 0x00000000e6a00000, 0x00000000e6a00000|
| 107|0x00000000e6b00000, 0x00000000e6b00000, 0x00000000e6c00000|  0%| F|  |TS  2|AC  0|TAMS 0x00000000e6b00000, 0x00000000e6b00000|
| 108|0x00000000e6c00000, 0x00000000e6c00000, 0x00000000e6d00000|  0%| F|  |TS  2|AC  0|TAMS 0x00000000e6c00000, 0x00000000e6c00000|
| 109|0x00000000e6d00000, 0x00000000e6d00000, 0x00000000e6e00000|  0%| F|  |TS  2|AC  0|TAMS 0x00000000e6d00000, 0x00000000e6d00000|
| 110|0x00000000e6e00000, 0x00000000e6e00000, 0x00000000e6f00000|  0%| F|  |TS  2|AC  0|TAMS 0x00000000e6e00000, 0x00000000e6e00000|
| 111|0x00000000e6f00000, 0x00000000e6f00000, 0x00000000e7000000|  0%| F|  |TS  2|AC  0|TAMS 0x00000000e6f00000, 0x00000000e6f00000|
| 112|0x00000000e7000000, 0x00000000e7000000, 0x00000000e7100000|  0%| F|  |TS  2|AC  0|TAMS 0x00000000e7000000, 0x00000000e7000000|
| 113|0x00000000e7100000, 0x00000000e7100000, 0x00000000e7200000|  0%| F|  |TS  2|AC  0|TAMS 0x00000000e7100000, 0x00000000e7100000|
| 114|0x00000000e7200000, 0x00000000e7200000, 0x00000000e7300000|  0%| F|  |TS  2|AC  0|TAMS 0x00000000e7200000, 0x00000000e7200000|
| 115|0x00000000e7300000, 0x00000000e7300000, 0x00000000e7400000|  0%| F|  |TS  2|AC  0|TAMS 0x00000000e7300000, 0x00000000e7300000|
| 116|0x00000000e7400000, 0x00000000e7400000, 0x00000000e7500000|  0%| F|  |TS  2|AC  0|TAMS 0x00000000e7400000, 0x00000000e7400000|
| 117|0x00000000e7500000, 0x00000000e7500000, 0x00000000e7600000|  0%| F|  |TS  2|AC  0|TAMS 0x00000000e7500000, 0x00000000e7500000|
| 118|0x00000000e7600000, 0x00000000e7600000, 0x00000000e7700000|  0%| F|  |TS  2|AC  0|TAMS 0x00000000e7600000, 0x00000000e7600000|
| 119|0x00000000e7700000, 0x00000000e7700000, 0x00000000e7800000|  0%| F|  |TS  2|AC  0|TAMS 0x00000000e7700000, 0x00000000e7700000|
| 120|0x00000000e7800000, 0x00000000e7800000, 0x00000000e7900000|  0%| F|  |TS  2|AC  0|TAMS 0x00000000e7800000, 0x00000000e7800000|
| 121|0x00000000e7900000, 0x00000000e7900000, 0x00000000e7a00000|  0%| F|  |TS  2|AC  0|TAMS 0x00000000e7900000, 0x00000000e7900000|
| 122|0x00000000e7a00000, 0x00000000e7a00000, 0x00000000e7b00000|  0%| F|  |TS  2|AC  0|TAMS 0x00000000e7a00000, 0x00000000e7a00000|
| 123|0x00000000e7b00000, 0x00000000e7b00000, 0x00000000e7c00000|  0%| F|  |TS  2|AC  0|TAMS 0x00000000e7b00000, 0x00000000e7b00000|
| 124|0x00000000e7c00000, 0x00000000e7c00000, 0x00000000e7d00000|  0%| F|  |TS  2|AC  0|TAMS 0x00000000e7c00000, 0x00000000e7c00000|
| 125|0x00000000e7d00000, 0x00000000e7d00000, 0x00000000e7e00000|  0%| F|  |TS  2|AC  0|TAMS 0x00000000e7d00000, 0x00000000e7d00000|
| 126|0x00000000e7e00000, 0x00000000e7e00000, 0x00000000e7f00000|  0%| F|  |TS  2|AC  0|TAMS 0x00000000e7e00000, 0x00000000e7e00000|
| 127|0x00000000e7f00000, 0x00000000e7f00000, 0x00000000e8000000|  0%| F|  |TS  2|AC  0|TAMS 0x00000000e7f00000, 0x00000000e7f00000|
| 128|0x00000000e8000000, 0x00000000e8000000, 0x00000000e8100000|  0%| F|  |TS  2|AC  0|TAMS 0x00000000e8000000, 0x00000000e8000000|
| 129|0x00000000e8100000, 0x00000000e8100000, 0x00000000e8200000|  0%| F|  |TS  2|AC  0|TAMS 0x00000000e8100000, 0x00000000e8100000|
| 130|0x00000000e8200000, 0x00000000e8200000, 0x00000000e8300000|  0%| F|  |TS  2|AC  0|TAMS 0x00000000e8200000, 0x00000000e8200000|
| 131|0x00000000e8300000, 0x00000000e8300000, 0x00000000e8400000|  0%| F|  |TS  2|AC  0|TAMS 0x00000000e8300000, 0x00000000e8300000|
| 132|0x00000000e8400000, 0x00000000e8400000, 0x00000000e8500000|  0%| F|  |TS  2|AC  0|TAMS 0x00000000e8400000, 0x00000000e8400000|
| 133|0x00000000e8500000, 0x00000000e8500000, 0x00000000e8600000|  0%| F|  |TS  2|AC  0|TAMS 0x00000000e8500000, 0x00000000e8500000|
| 134|0x00000000e8600000, 0x00000000e8600000, 0x00000000e8700000|  0%| F|  |TS  2|AC  0|TAMS 0x00000000e8600000, 0x00000000e8600000|
| 135|0x00000000e8700000, 0x00000000e8700000, 0x00000000e8800000|  0%| F|  |TS  2|AC  0|TAMS 0x00000000e8700000, 0x00000000e8700000|
| 136|0x00000000e8800000, 0x00000000e8800000, 0x00000000e8900000|  0%| F|  |TS  2|AC  0|TAMS 0x00000000e8800000, 0x00000000e8800000|
| 137|0x00000000e8900000, 0x00000000e8900000, 0x00000000e8a00000|  0%| F|  |TS  2|AC  0|TAMS 0x00000000e8900000, 0x00000000e8900000|
| 138|0x00000000e8a00000, 0x00000000e8a00000, 0x00000000e8b00000|  0%| F|  |TS  2|AC  0|TAMS 0x00000000e8a00000, 0x00000000e8a00000|
| 139|0x00000000e8b00000, 0x00000000e8b00000, 0x00000000e8c00000|  0%| F|  |TS  2|AC  0|TAMS 0x00000000e8b00000, 0x00000000e8b00000|
| 140|0x00000000e8c00000, 0x00000000e8c00000, 0x00000000e8d00000|  0%| F|  |TS  2|AC  0|TAMS 0x00000000e8c00000, 0x00000000e8c00000|
| 141|0x00000000e8d00000, 0x00000000e8d00000, 0x00000000e8e00000|  0%| F|  |TS  2|AC  0|TAMS 0x00000000e8d00000, 0x00000000e8d00000|
| 142|0x00000000e8e00000, 0x00000000e8e00000, 0x00000000e8f00000|  0%| F|  |TS  2|AC  0|TAMS 0x00000000e8e00000, 0x00000000e8e00000|
| 143|0x00000000e8f00000, 0x00000000e8f00000, 0x00000000e9000000|  0%| F|  |TS  2|AC  0|TAMS 0x00000000e8f00000, 0x00000000e8f00000|
| 144|0x00000000e9000000, 0x00000000e9000000, 0x00000000e9100000|  0%| F|  |TS  2|AC  0|TAMS 0x00000000e9000000, 0x00000000e9000000|
| 145|0x00000000e9100000, 0x00000000e9100000, 0x00000000e9200000|  0%| F|  |TS  2|AC  0|TAMS 0x00000000e9100000, 0x00000000e9100000|
| 146|0x00000000e9200000, 0x00000000e9200000, 0x00000000e9300000|  0%| F|  |TS  2|AC  0|TAMS 0x00000000e9200000, 0x00000000e9200000|
| 147|0x00000000e9300000, 0x00000000e9300000, 0x00000000e9400000|  0%| F|  |TS  2|AC  0|TAMS 0x00000000e9300000, 0x00000000e9300000|
| 148|0x00000000e9400000, 0x00000000e9400000, 0x00000000e9500000|  0%| F|  |TS  2|AC  0|TAMS 0x00000000e9400000, 0x00000000e9400000|
| 149|0x00000000e9500000, 0x00000000e9500000, 0x00000000e9600000|  0%| F|  |TS  2|AC  0|TAMS 0x00000000e9500000, 0x00000000e9500000|
| 150|0x00000000e9600000, 0x00000000e9600000, 0x00000000e9700000|  0%| F|  |TS  2|AC  0|TAMS 0x00000000e9600000, 0x00000000e9600000|
| 151|0x00000000e9700000, 0x00000000e9700000, 0x00000000e9800000|  0%| F|  |TS  2|AC  0|TAMS 0x00000000e9700000, 0x00000000e9700000|
| 152|0x00000000e9800000, 0x00000000e9800000, 0x00000000e9900000|  0%| F|  |TS  2|AC  0|TAMS 0x00000000e9800000, 0x00000000e9800000|
| 153|0x00000000e9900000, 0x00000000e9900000, 0x00000000e9a00000|  0%| F|  |TS  2|AC  0|TAMS 0x00000000e9900000, 0x00000000e9900000|
| 154|0x00000000e9a00000, 0x00000000e9a00000, 0x00000000e9b00000|  0%| F|  |TS  2|AC  0|TAMS 0x00000000e9a00000, 0x00000000e9a00000|
| 155|0x00000000e9b00000, 0x00000000e9b00000, 0x00000000e9c00000|  0%| F|  |TS  2|AC  0|TAMS 0x00000000e9b00000, 0x00000000e9b00000|
| 156|0x00000000e9c00000, 0x00000000e9c00000, 0x00000000e9d00000|  0%| F|  |TS  2|AC  0|TAMS 0x00000000e9c00000, 0x00000000e9c00000|
| 157|0x00000000e9d00000, 0x00000000e9d00000, 0x00000000e9e00000|  0%| F|  |TS  2|AC  0|TAMS 0x00000000e9d00000, 0x00000000e9d00000|
| 158|0x00000000e9e00000, 0x00000000e9e00000, 0x00000000e9f00000|  0%| F|  |TS  2|AC  0|TAMS 0x00000000e9e00000, 0x00000000e9e00000|
| 159|0x00000000e9f00000, 0x00000000e9f00000, 0x00000000ea000000|  0%| F|  |TS  2|AC  0|TAMS 0x00000000e9f00000, 0x00000000e9f00000|
| 160|0x00000000ea000000, 0x00000000ea000000, 0x00000000ea100000|  0%| F|  |TS  2|AC  0|TAMS 0x00000000ea000000, 0x00000000ea000000|
| 161|0x00000000ea100000, 0x00000000ea100000, 0x00000000ea200000|  0%| F|  |TS  2|AC  0|TAMS 0x00000000ea100000, 0x00000000ea100000|
| 162|0x00000000ea200000, 0x00000000ea200000, 0x00000000ea300000|  0%| F|  |TS  2|AC  0|TAMS 0x00000000ea200000, 0x00000000ea200000|
| 163|0x00000000ea300000, 0x00000000ea300000, 0x00000000ea400000|  0%| F|  |TS  2|AC  0|TAMS 0x00000000ea300000, 0x00000000ea300000|
| 164|0x00000000ea400000, 0x00000000ea400000, 0x00000000ea500000|  0%| F|  |TS  2|AC  0|TAMS 0x00000000ea400000, 0x00000000ea400000|
| 165|0x00000000ea500000, 0x00000000ea500000, 0x00000000ea600000|  0%| F|  |TS  2|AC  0|TAMS 0x00000000ea500000, 0x00000000ea500000|
| 166|0x00000000ea600000, 0x00000000ea600000, 0x00000000ea700000|  0%| F|  |TS  2|AC  0|TAMS 0x00000000ea600000, 0x00000000ea600000|
| 167|0x00000000ea700000, 0x00000000ea700000, 0x00000000ea800000|  0%| F|  |TS  2|AC  0|TAMS 0x00000000ea700000, 0x00000000ea700000|
| 168|0x00000000ea800000, 0x00000000ea800000, 0x00000000ea900000|  0%| F|  |TS  2|AC  0|TAMS 0x00000000ea800000, 0x00000000ea800000|
| 169|0x00000000ea900000, 0x00000000ea900000, 0x00000000eaa00000|  0%| F|  |TS  2|AC  0|TAMS 0x00000000ea900000, 0x00000000ea900000|
| 170|0x00000000eaa00000, 0x00000000eaa00000, 0x00000000eab00000|  0%| F|  |TS  2|AC  0|TAMS 0x00000000eaa00000, 0x00000000eaa00000|
| 171|0x00000000eab00000, 0x00000000eab00000, 0x00000000eac00000|  0%| F|  |TS  2|AC  0|TAMS 0x00000000eab00000, 0x00000000eab00000|
| 172|0x00000000eac00000, 0x00000000eac265b0, 0x00000000ead00000| 14%| E|  |TS  2|AC  0|TAMS 0x00000000eac00000, 0x00000000eac00000|
| 173|0x00000000ead00000, 0x00000000eae00000, 0x00000000eae00000|100%| E|CS|TS  2|AC  0|TAMS 0x00000000ead00000, 0x00000000ead00000|
| 174|0x00000000eae00000, 0x00000000eaf00000, 0x00000000eaf00000|100%| E|CS|TS  2|AC  0|TAMS 0x00000000eae00000, 0x00000000eae00000|
| 175|0x00000000eaf00000, 0x00000000eb000000, 0x00000000eb000000|100%| E|CS|TS  2|AC  0|TAMS 0x00000000eaf00000, 0x00000000eaf00000|
| 176|0x00000000eb000000, 0x00000000eb100000, 0x00000000eb100000|100%| E|CS|TS  2|AC  0|TAMS 0x00000000eb000000, 0x00000000eb000000|
| 177|0x00000000eb100000, 0x00000000eb200000, 0x00000000eb200000|100%| E|CS|TS  2|AC  0|TAMS 0x00000000eb100000, 0x00000000eb100000|
| 178|0x00000000eb200000, 0x00000000eb300000, 0x00000000eb300000|100%| E|CS|TS  2|AC  0|TAMS 0x00000000eb200000, 0x00000000eb200000|
| 179|0x00000000eb300000, 0x00000000eb400000, 0x00000000eb400000|100%| E|CS|TS  2|AC  0|TAMS 0x00000000eb300000, 0x00000000eb300000|
| 180|0x00000000eb400000, 0x00000000eb500000, 0x00000000eb500000|100%| E|CS|TS  2|AC  0|TAMS 0x00000000eb400000, 0x00000000eb400000|
| 181|0x00000000eb500000, 0x00000000eb600000, 0x00000000eb600000|100%| E|CS|TS  2|AC  0|TAMS 0x00000000eb500000, 0x00000000eb500000|
| 182|0x00000000eb600000, 0x00000000eb700000, 0x00000000eb700000|100%| E|CS|TS  2|AC  0|TAMS 0x00000000eb600000, 0x00000000eb600000|
| 183|0x00000000eb700000, 0x00000000eb800000, 0x00000000eb800000|100%| E|CS|TS  2|AC  0|TAMS 0x00000000eb700000, 0x00000000eb700000|
| 184|0x00000000eb800000, 0x00000000eb900000, 0x00000000eb900000|100%| E|CS|TS  2|AC  0|TAMS 0x00000000eb800000, 0x00000000eb800000|
| 185|0x00000000eb900000, 0x00000000eba00000, 0x00000000eba00000|100%| E|CS|TS  2|AC  0|TAMS 0x00000000eb900000, 0x00000000eb900000|
| 186|0x00000000eba00000, 0x00000000ebb00000, 0x00000000ebb00000|100%| E|CS|TS  2|AC  0|TAMS 0x00000000eba00000, 0x00000000eba00000|
| 187|0x00000000ebb00000, 0x00000000ebc00000, 0x00000000ebc00000|100%| E|CS|TS  2|AC  0|TAMS 0x00000000ebb00000, 0x00000000ebb00000|
| 188|0x00000000ebc00000, 0x00000000ebd00000, 0x00000000ebd00000|100%| E|CS|TS  2|AC  0|TAMS 0x00000000ebc00000, 0x00000000ebc00000|
| 189|0x00000000ebd00000, 0x00000000ebe00000, 0x00000000ebe00000|100%| E|CS|TS  2|AC  0|TAMS 0x00000000ebd00000, 0x00000000ebd00000|
| 190|0x00000000ebe00000, 0x00000000ebf00000, 0x00000000ebf00000|100%| E|CS|TS  2|AC  0|TAMS 0x00000000ebe00000, 0x00000000ebe00000|
| 191|0x00000000ebf00000, 0x00000000ec000000, 0x00000000ec000000|100%| E|CS|TS  2|AC  0|TAMS 0x00000000ebf00000, 0x00000000ebf00000|
| 192|0x00000000ec000000, 0x00000000ec100000, 0x00000000ec100000|100%| E|CS|TS  2|AC  0|TAMS 0x00000000ec000000, 0x00000000ec000000|
| 193|0x00000000ec100000, 0x00000000ec200000, 0x00000000ec200000|100%| E|CS|TS  2|AC  0|TAMS 0x00000000ec100000, 0x00000000ec100000|
| 194|0x00000000ec200000, 0x00000000ec300000, 0x00000000ec300000|100%| E|CS|TS  2|AC  0|TAMS 0x00000000ec200000, 0x00000000ec200000|
| 195|0x00000000ec300000, 0x00000000ec400000, 0x00000000ec400000|100%| E|CS|TS  2|AC  0|TAMS 0x00000000ec300000, 0x00000000ec300000|
| 196|0x00000000ec400000, 0x00000000ec500000, 0x00000000ec500000|100%| E|CS|TS  2|AC  0|TAMS 0x00000000ec400000, 0x00000000ec400000|
| 197|0x00000000ec500000, 0x00000000ec600000, 0x00000000ec600000|100%| E|CS|TS  2|AC  0|TAMS 0x00000000ec500000, 0x00000000ec500000|
| 198|0x00000000ec600000, 0x00000000ec700000, 0x00000000ec700000|100%| E|CS|TS  2|AC  0|TAMS 0x00000000ec600000, 0x00000000ec600000|
| 199|0x00000000ec700000, 0x00000000ec800000, 0x00000000ec800000|100%| E|CS|TS  2|AC  0|TAMS 0x00000000ec700000, 0x00000000ec700000|
| 200|0x00000000ec800000, 0x00000000ec900000, 0x00000000ec900000|100%| E|CS|TS  2|AC  0|TAMS 0x00000000ec800000, 0x00000000ec800000|
| 201|0x00000000ec900000, 0x00000000eca00000, 0x00000000eca00000|100%| E|CS|TS  2|AC  0|TAMS 0x00000000ec900000, 0x00000000ec900000|
| 202|0x00000000eca00000, 0x00000000ecb00000, 0x00000000ecb00000|100%| E|CS|TS  2|AC  0|TAMS 0x00000000eca00000, 0x00000000eca00000|
| 203|0x00000000ecb00000, 0x00000000ecc00000, 0x00000000ecc00000|100%| E|CS|TS  2|AC  0|TAMS 0x00000000ecb00000, 0x00000000ecb00000|
| 204|0x00000000ecc00000, 0x00000000ecd00000, 0x00000000ecd00000|100%| E|CS|TS  2|AC  0|TAMS 0x00000000ecc00000, 0x00000000ecc00000|
| 205|0x00000000ecd00000, 0x00000000ece00000, 0x00000000ece00000|100%| E|CS|TS  2|AC  0|TAMS 0x00000000ecd00000, 0x00000000ecd00000|
| 206|0x00000000ece00000, 0x00000000ecf00000, 0x00000000ecf00000|100%| E|CS|TS  2|AC  0|TAMS 0x00000000ece00000, 0x00000000ece00000|
| 207|0x00000000ecf00000, 0x00000000ed000000, 0x00000000ed000000|100%| E|CS|TS  2|AC  0|TAMS 0x00000000ecf00000, 0x00000000ecf00000|
| 208|0x00000000ed000000, 0x00000000ed100000, 0x00000000ed100000|100%| E|CS|TS  2|AC  0|TAMS 0x00000000ed000000, 0x00000000ed000000|
| 209|0x00000000ed100000, 0x00000000ed200000, 0x00000000ed200000|100%| E|CS|TS  2|AC  0|TAMS 0x00000000ed100000, 0x00000000ed100000|
| 210|0x00000000ed200000, 0x00000000ed300000, 0x00000000ed300000|100%| E|CS|TS  2|AC  0|TAMS 0x00000000ed200000, 0x00000000ed200000|
| 211|0x00000000ed300000, 0x00000000ed400000, 0x00000000ed400000|100%| E|CS|TS  2|AC  0|TAMS 0x00000000ed300000, 0x00000000ed300000|
| 212|0x00000000ed400000, 0x00000000ed500000, 0x00000000ed500000|100%| E|CS|TS  2|AC  0|TAMS 0x00000000ed400000, 0x00000000ed400000|
| 213|0x00000000ed500000, 0x00000000ed600000, 0x00000000ed600000|100%| E|CS|TS  2|AC  0|TAMS 0x00000000ed500000, 0x00000000ed500000|
| 214|0x00000000ed600000, 0x00000000ed700000, 0x00000000ed700000|100%| E|CS|TS  2|AC  0|TAMS 0x00000000ed600000, 0x00000000ed600000|
| 215|0x00000000ed700000, 0x00000000ed800000, 0x00000000ed800000|100%| E|CS|TS  2|AC  0|TAMS 0x00000000ed700000, 0x00000000ed700000|
| 216|0x00000000ed800000, 0x00000000ed900000, 0x00000000ed900000|100%| E|CS|TS  2|AC  0|TAMS 0x00000000ed800000, 0x00000000ed800000|
| 217|0x00000000ed900000, 0x00000000eda00000, 0x00000000eda00000|100%| E|CS|TS  2|AC  0|TAMS 0x00000000ed900000, 0x00000000ed900000|
| 218|0x00000000eda00000, 0x00000000edb00000, 0x00000000edb00000|100%| E|CS|TS  2|AC  0|TAMS 0x00000000eda00000, 0x00000000eda00000|
| 219|0x00000000edb00000, 0x00000000edc00000, 0x00000000edc00000|100%| E|CS|TS  2|AC  0|TAMS 0x00000000edb00000, 0x00000000edb00000|
| 220|0x00000000edc00000, 0x00000000edd00000, 0x00000000edd00000|100%| E|CS|TS  2|AC  0|TAMS 0x00000000edc00000, 0x00000000edc00000|
| 221|0x00000000edd00000, 0x00000000ede00000, 0x00000000ede00000|100%| E|CS|TS  2|AC  0|TAMS 0x00000000edd00000, 0x00000000edd00000|
| 222|0x00000000ede00000, 0x00000000edf00000, 0x00000000edf00000|100%| E|CS|TS  2|AC  0|TAMS 0x00000000ede00000, 0x00000000ede00000|
| 223|0x00000000edf00000, 0x00000000ee000000, 0x00000000ee000000|100%| E|CS|TS  2|AC  0|TAMS 0x00000000edf00000, 0x00000000edf00000|
| 224|0x00000000ee000000, 0x00000000ee100000, 0x00000000ee100000|100%| E|CS|TS  2|AC  0|TAMS 0x00000000ee000000, 0x00000000ee000000|
| 225|0x00000000ee100000, 0x00000000ee200000, 0x00000000ee200000|100%| E|CS|TS  2|AC  0|TAMS 0x00000000ee100000, 0x00000000ee100000|
| 226|0x00000000ee200000, 0x00000000ee300000, 0x00000000ee300000|100%| E|CS|TS  2|AC  0|TAMS 0x00000000ee200000, 0x00000000ee200000|
| 227|0x00000000ee300000, 0x00000000ee400000, 0x00000000ee400000|100%| E|CS|TS  2|AC  0|TAMS 0x00000000ee300000, 0x00000000ee300000|
| 228|0x00000000ee400000, 0x00000000ee500000, 0x00000000ee500000|100%| E|CS|TS  2|AC  0|TAMS 0x00000000ee400000, 0x00000000ee400000|
| 229|0x00000000ee500000, 0x00000000ee600000, 0x00000000ee600000|100%| E|CS|TS  2|AC  0|TAMS 0x00000000ee500000, 0x00000000ee500000|
| 230|0x00000000ee600000, 0x00000000ee700000, 0x00000000ee700000|100%| E|CS|TS  2|AC  0|TAMS 0x00000000ee600000, 0x00000000ee600000|
| 231|0x00000000ee700000, 0x00000000ee800000, 0x00000000ee800000|100%| E|CS|TS  2|AC  0|TAMS 0x00000000ee700000, 0x00000000ee700000|
| 232|0x00000000ee800000, 0x00000000ee900000, 0x00000000ee900000|100%| E|CS|TS  2|AC  0|TAMS 0x00000000ee800000, 0x00000000ee800000|
| 233|0x00000000ee900000, 0x00000000eea00000, 0x00000000eea00000|100%| E|CS|TS  2|AC  0|TAMS 0x00000000ee900000, 0x00000000ee900000|
| 234|0x00000000eea00000, 0x00000000eeb00000, 0x00000000eeb00000|100%| E|CS|TS  2|AC  0|TAMS 0x00000000eea00000, 0x00000000eea00000|
| 235|0x00000000eeb00000, 0x00000000eec00000, 0x00000000eec00000|100%| E|CS|TS  2|AC  0|TAMS 0x00000000eeb00000, 0x00000000eeb00000|
| 236|0x00000000eec00000, 0x00000000eed00000, 0x00000000eed00000|100%| E|CS|TS  2|AC  0|TAMS 0x00000000eec00000, 0x00000000eec00000|
| 237|0x00000000eed00000, 0x00000000eee00000, 0x00000000eee00000|100%| E|CS|TS  2|AC  0|TAMS 0x00000000eed00000, 0x00000000eed00000|
| 238|0x00000000eee00000, 0x00000000eef00000, 0x00000000eef00000|100%| E|CS|TS  2|AC  0|TAMS 0x00000000eee00000, 0x00000000eee00000|
| 239|0x00000000eef00000, 0x00000000ef000000, 0x00000000ef000000|100%| E|CS|TS  2|AC  0|TAMS 0x00000000eef00000, 0x00000000eef00000|
| 240|0x00000000ef000000, 0x00000000ef100000, 0x00000000ef100000|100%| E|CS|TS  2|AC  0|TAMS 0x00000000ef000000, 0x00000000ef000000|
| 241|0x00000000ef100000, 0x00000000ef200000, 0x00000000ef200000|100%| E|CS|TS  2|AC  0|TAMS 0x00000000ef100000, 0x00000000ef100000|
| 242|0x00000000ef200000, 0x00000000ef300000, 0x00000000ef300000|100%| E|CS|TS  2|AC  0|TAMS 0x00000000ef200000, 0x00000000ef200000|
| 243|0x00000000ef300000, 0x00000000ef400000, 0x00000000ef400000|100%| E|CS|TS  2|AC  0|TAMS 0x00000000ef300000, 0x00000000ef300000|
| 244|0x00000000ef400000, 0x00000000ef500000, 0x00000000ef500000|100%| E|CS|TS  2|AC  0|TAMS 0x00000000ef400000, 0x00000000ef400000|
| 245|0x00000000ef500000, 0x00000000ef600000, 0x00000000ef600000|100%| E|CS|TS  2|AC  0|TAMS 0x00000000ef500000, 0x00000000ef500000|
| 246|0x00000000ef600000, 0x00000000ef700000, 0x00000000ef700000|100%| E|CS|TS  2|AC  0|TAMS 0x00000000ef600000, 0x00000000ef600000|
| 247|0x00000000ef700000, 0x00000000ef800000, 0x00000000ef800000|100%| E|CS|TS  2|AC  0|TAMS 0x00000000ef700000, 0x00000000ef700000|
| 248|0x00000000ef800000, 0x00000000ef900000, 0x00000000ef900000|100%| E|CS|TS  2|AC  0|TAMS 0x00000000ef800000, 0x00000000ef800000|
| 249|0x00000000ef900000, 0x00000000efa00000, 0x00000000efa00000|100%| E|CS|TS  2|AC  0|TAMS 0x00000000ef900000, 0x00000000ef900000|
| 250|0x00000000efa00000, 0x00000000efb00000, 0x00000000efb00000|100%| E|CS|TS  2|AC  0|TAMS 0x00000000efa00000, 0x00000000efa00000|
| 251|0x00000000efb00000, 0x00000000efc00000, 0x00000000efc00000|100%| E|CS|TS  2|AC  0|TAMS 0x00000000efb00000, 0x00000000efb00000|
| 252|0x00000000efc00000, 0x00000000efd00000, 0x00000000efd00000|100%| E|CS|TS  2|AC  0|TAMS 0x00000000efc00000, 0x00000000efc00000|
| 253|0x00000000efd00000, 0x00000000efe00000, 0x00000000efe00000|100%| E|CS|TS  2|AC  0|TAMS 0x00000000efd00000, 0x00000000efd00000|
| 254|0x00000000efe00000, 0x00000000eff00000, 0x00000000eff00000|100%| E|CS|TS  2|AC  0|TAMS 0x00000000efe00000, 0x00000000efe00000|
| 255|0x00000000eff00000, 0x00000000f0000000, 0x00000000f0000000|100%| E|CS|TS  2|AC  0|TAMS 0x00000000eff00000, 0x00000000eff00000|

Card table byte_map: [0x000001dd34510000,0x000001dd34610000] byte_map_base: 0x000001dd33e10000

Marking Bits (Prev, Next): (CMBitMap*) 0x000001dd19da4c20, (CMBitMap*) 0x000001dd19da4c58
 Prev Bits: [0x000001dd34710000, 0x000001dd34f10000)
 Next Bits: [0x000001dd34f10000, 0x000001dd35710000)

Polling page: 0x000001dd178e0000

CodeHeap 'non-profiled nmethods': size=120000Kb used=3360Kb max_used=3360Kb free=116639Kb
 bounds [0x000001dd2cbb0000, 0x000001dd2cf00000, 0x000001dd340e0000]
CodeHeap 'profiled nmethods': size=120000Kb used=11729Kb max_used=11729Kb free=108270Kb
 bounds [0x000001dd25680000, 0x000001dd26200000, 0x000001dd2cbb0000]
CodeHeap 'non-nmethods': size=5760Kb used=2221Kb max_used=2259Kb free=3538Kb
 bounds [0x000001dd250e0000, 0x000001dd25350000, 0x000001dd25680000]
 total_blobs=7938 nmethods=5750 adapters=682
 compilation: enabled

Compilation events (10 events):
Event: 6.790 Thread 0x000001dd3819d800 5880       1       org.gradle.api.internal.project.DefaultProject::getRootProject (5 bytes)
Event: 6.790 Thread 0x000001dd3819d800 nmethod 5880 0x000001dd2cee9b10 code [0x000001dd2cee9cc0, 0x000001dd2cee9dd8]
Event: 6.791 Thread 0x000001dd3819d800 5887       3       org.gradle.internal.component.external.model.AbstractConfigurationMetadata::getConfigDependencies (36 bytes)
Event: 6.791 Thread 0x000001dd3819d800 nmethod 5887 0x000001dd2619c690 code [0x000001dd2619c880, 0x000001dd2619cca0]
Event: 6.791 Thread 0x000001dd3819d800 5888       3       org.gradle.api.internal.artifacts.ivyservice.resolveengine.graph.builder.EdgeState::attachToTargetConfigurations (123 bytes)
Event: 6.793 Thread 0x000001dd3819d800 nmethod 5888 0x000001dd2619cd90 code [0x000001dd2619d180, 0x000001dd2619eb30]
Event: 6.793 Thread 0x000001dd3819d800 5889       3       org.gradle.api.internal.artifacts.ivyservice.ivyresolve.CachingModuleComponentRepository::access$600 (4 bytes)
Event: 6.793 Thread 0x000001dd3819d800 nmethod 5889 0x000001dd2619f490 code [0x000001dd2619f640, 0x000001dd2619f778]
Event: 6.794 Thread 0x000001dd3819d800 5890       3       org.gradle.internal.component.external.model.AbstractLazyModuleComponentResolveMetadata::getPlatformOwners (5 bytes)
Event: 6.794 Thread 0x000001dd3819d800 nmethod 5890 0x000001dd2619f810 code [0x000001dd2619f9c0, 0x000001dd2619fb38]

GC Heap History (10 events):
Event: 0.622 GC heap before
{Heap before GC invocations=0 (full 0):
 garbage-first heap   total 262144K, used 30720K [0x00000000e0000000, 0x0000000100000000)
  region size 1024K, 24 young (24576K), 0 survivors (0K)
 Metaspace       used 10724K, capacity 10972K, committed 11264K, reserved 264192K
  class space    used 1093K, capacity 1154K, committed 1280K, reserved 253952K
}
Event: 0.626 GC heap after
{Heap after GC invocations=1 (full 0):
 garbage-first heap   total 262144K, used 8872K [0x00000000e0000000, 0x0000000100000000)
  region size 1024K, 3 young (3072K), 3 survivors (3072K)
 Metaspace       used 10724K, capacity 10972K, committed 11264K, reserved 264192K
  class space    used 1093K, capacity 1154K, committed 1280K, reserved 253952K
}
Event: 2.575 GC heap before
{Heap before GC invocations=1 (full 0):
 garbage-first heap   total 262144K, used 93864K [0x00000000e0000000, 0x0000000100000000)
  region size 1024K, 86 young (88064K), 3 survivors (3072K)
 Metaspace       used 20632K, capacity 21054K, committed 21296K, reserved 274432K
  class space    used 2495K, capacity 2657K, committed 2688K, reserved 253952K
}
Event: 2.582 GC heap after
{Heap after GC invocations=2 (full 0):
 garbage-first heap   total 262144K, used 16319K [0x00000000e0000000, 0x0000000100000000)
  region size 1024K, 11 young (11264K), 11 survivors (11264K)
 Metaspace       used 20632K, capacity 21054K, committed 21296K, reserved 274432K
  class space    used 2495K, capacity 2657K, committed 2688K, reserved 253952K
}
Event: 3.745 GC heap before
{Heap before GC invocations=3 (full 0):
 garbage-first heap   total 262144K, used 103359K [0x00000000e0000000, 0x0000000100000000)
  region size 1024K, 94 young (96256K), 11 survivors (11264K)
 Metaspace       used 34930K, capacity 35420K, committed 35920K, reserved 286720K
  class space    used 4168K, capacity 4372K, committed 4432K, reserved 253952K
}
Event: 3.756 GC heap after
{Heap after GC invocations=4 (full 0):
 garbage-first heap   total 262144K, used 21540K [0x00000000e0000000, 0x0000000100000000)
  region size 1024K, 6 young (6144K), 6 survivors (6144K)
 Metaspace       used 34930K, capacity 35420K, committed 35920K, reserved 286720K
  class space    used 4168K, capacity 4372K, committed 4432K, reserved 253952K
}
Event: 4.837 GC heap before
{Heap before GC invocations=5 (full 0):
 garbage-first heap   total 262144K, used 112676K [0x00000000e0000000, 0x0000000100000000)
  region size 1024K, 95 young (97280K), 6 survivors (6144K)
 Metaspace       used 43217K, capacity 43898K, committed 44368K, reserved 292864K
  class space    used 5452K, capacity 5696K, committed 5712K, reserved 253952K
}
Event: 4.845 GC heap after
{Heap after GC invocations=6 (full 0):
 garbage-first heap   total 262144K, used 26006K [0x00000000e0000000, 0x0000000100000000)
  region size 1024K, 10 young (10240K), 10 survivors (10240K)
 Metaspace       used 43217K, capacity 43898K, committed 44368K, reserved 292864K
  class space    used 5452K, capacity 5696K, committed 5712K, reserved 253952K
}
Event: 6.130 GC heap before
{Heap before GC invocations=6 (full 0):
 garbage-first heap   total 262144K, used 172438K [0x00000000e0000000, 0x0000000100000000)
  region size 1024K, 153 young (156672K), 10 survivors (10240K)
 Metaspace       used 48500K, capacity 49378K, committed 50000K, reserved 299008K
  class space    used 6074K, capacity 6421K, committed 6480K, reserved 253952K
}
Event: 6.146 GC heap after
{Heap after GC invocations=7 (full 0):
 garbage-first heap   total 262144K, used 35929K [0x00000000e0000000, 0x0000000100000000)
  region size 1024K, 20 young (20480K), 20 survivors (20480K)
 Metaspace       used 48500K, capacity 49378K, committed 50000K, reserved 299008K
  class space    used 6074K, capacity 6421K, committed 6480K, reserved 253952K
}

Deoptimization events (10 events):
Event: 6.022 Thread 0x000001dd3cb4f000 Uncommon trap: reason=unstable_if action=reinterpret pc=0x000001dd2ce0b3dc method=io.spring.gradle.dependencymanagement.org.codehaus.plexus.util.xml.pull.MXParser.isS(C)Z @ 15 c2
Event: 6.022 Thread 0x000001dd3cb4f000 Uncommon trap: reason=unstable_if action=reinterpret pc=0x000001dd2ce1dfe4 method=io.spring.gradle.dependencymanagement.org.codehaus.plexus.util.xml.pull.MXParser.nextImpl()I @ 934 c2
Event: 6.036 Thread 0x000001dd3cb4f000 Uncommon trap: reason=class_check action=maybe_recompile pc=0x000001dd2ce24404 method=io.spring.gradle.dependencymanagement.org.apache.maven.model.interpolation.StringSearchModelInterpolator$InterpolateObjectAction.interpolateMapField(Ljava/lang/Object;Lj
Event: 6.036 Thread 0x000001dd3cb4f000 Uncommon trap: reason=class_check action=maybe_recompile pc=0x000001dd2ce24404 method=io.spring.gradle.dependencymanagement.org.apache.maven.model.interpolation.StringSearchModelInterpolator$InterpolateObjectAction.interpolateMapField(Ljava/lang/Object;Lj
Event: 6.036 Thread 0x000001dd3cb4f000 Uncommon trap: reason=class_check action=maybe_recompile pc=0x000001dd2ce24404 method=io.spring.gradle.dependencymanagement.org.apache.maven.model.interpolation.StringSearchModelInterpolator$InterpolateObjectAction.interpolateMapField(Ljava/lang/Object;Lj
Event: 6.057 Thread 0x000001dd3cb4f000 Uncommon trap: reason=intrinsic_or_type_checked_inlining action=make_not_entrant pc=0x000001dd2ce75848 method=java.util.ArrayList.toArray([Ljava/lang/Object;)[Ljava/lang/Object; @ 36 c2
Event: 6.073 Thread 0x000001dd3cb4f000 Uncommon trap: reason=unstable_if action=reinterpret pc=0x000001dd2ce78cf0 method=io.spring.gradle.dependencymanagement.org.codehaus.plexus.util.xml.pull.MXParser.nextImpl()I @ 280 c2
Event: 6.102 Thread 0x000001dd3cb4f000 Uncommon trap: reason=class_check action=maybe_recompile pc=0x000001dd2ce85c64 method=io.spring.gradle.dependencymanagement.org.apache.maven.model.interpolation.StringSearchModelInterpolator$InterpolateObjectAction.interpolateMapField(Ljava/lang/Object;Lj
Event: 6.102 Thread 0x000001dd3cb4f000 Uncommon trap: reason=class_check action=maybe_recompile pc=0x000001dd2ce24404 method=io.spring.gradle.dependencymanagement.org.apache.maven.model.interpolation.StringSearchModelInterpolator$InterpolateObjectAction.interpolateMapField(Ljava/lang/Object;Lj
Event: 6.516 Thread 0x000001dd3cb4f000 Uncommon trap: reason=unstable_if action=reinterpret pc=0x000001dd2ceb213c method=io.spring.gradle.dependencymanagement.org.codehaus.plexus.util.xml.pull.MXParser.nextImpl()I @ 1154 c2

Classes redefined (0 events):
No events

Internal exceptions (10 events):
Event: 5.190 Thread 0x000001dd38bcd000 Implicit null exception at 0x000001dd2cdb9ef8 to 0x000001dd2cdbc066
Event: 5.316 Thread 0x000001dd3cb4f000 Exception <a 'java/lang/NoSuchMethodError'{0x00000000ed8bdba0}: java.lang.invoke.DirectMethodHandle$Holder.invokeStatic(Ljava/lang/Object;Ljava/lang/Object;Ljava/lang/Object;Ljava/lang/Object;Ljava/lang/Object;Ljava/lang/Object;Ljava/lang/Object;)V> (0x00
Event: 5.317 Thread 0x000001dd3cb4f000 Exception <a 'java/lang/NoSuchMethodError'{0x00000000ed8d04c8}: method resolution failed> (0x00000000ed8d04c8) thrown at [t:/workspace/open/src/hotspot/share/prims/methodHandles.cpp, line 1226]
Event: 5.328 Thread 0x000001dd3cb4f000 Exception <a 'java/lang/ClassNotFoundException'{0x00000000ed6aefa0}: org/gradle/api/internal/artifacts/configurations/DefaultConfiguration_DecoratedBeanInfo> (0x00000000ed6aefa0) thrown at [t:/workspace/open/src/hotspot/share/classfile/systemDictionary.cp
Event: 5.329 Thread 0x000001dd3cb4f000 Exception <a 'java/lang/ClassNotFoundException'{0x00000000ed6c9d80}: org/gradle/api/internal/artifacts/configurations/DefaultConfigurationBeanInfo> (0x00000000ed6c9d80) thrown at [t:/workspace/open/src/hotspot/share/classfile/systemDictionary.cpp, line 23
Event: 5.329 Thread 0x000001dd3cb4f000 Exception <a 'java/lang/ClassNotFoundException'{0x00000000ed6d8a20}: org/gradle/api/internal/file/AbstractFileCollectionBeanInfo> (0x00000000ed6d8a20) thrown at [t:/workspace/open/src/hotspot/share/classfile/systemDictionary.cpp, line 233]
Event: 5.329 Thread 0x000001dd3cb4f000 Exception <a 'java/lang/ClassNotFoundException'{0x00000000ed6e7b88}: org/gradle/api/internal/file/AbstractFileCollectionCustomizer> (0x00000000ed6e7b88) thrown at [t:/workspace/open/src/hotspot/share/classfile/systemDictionary.cpp, line 233]
Event: 5.331 Thread 0x000001dd3cb4f000 Exception <a 'java/lang/ClassNotFoundException'{0x00000000ed50eaf0}: org/gradle/api/internal/artifacts/configurations/DefaultConfigurationCustomizer> (0x00000000ed50eaf0) thrown at [t:/workspace/open/src/hotspot/share/classfile/systemDictionary.cpp, line 
Event: 5.332 Thread 0x000001dd3cb4f000 Exception <a 'java/lang/ClassNotFoundException'{0x00000000ed56dfc8}: org/gradle/api/internal/artifacts/configurations/DefaultConfiguration_DecoratedCustomizer> (0x00000000ed56dfc8) thrown at [t:/workspace/open/src/hotspot/share/classfile/systemDictionary.
Event: 5.398 Thread 0x000001dd3cb4f000 Exception <a 'java/lang/NoSuchMethodError'{0x00000000ed1f4ff0}: java.lang.Object.lambda$union$1(Ljava/util/regex/Pattern$CharPredicate;I)Z> (0x00000000ed1f4ff0) thrown at [t:/workspace/open/src/hotspot/share/interpreter/linkResolver.cpp, line 741]

Events (10 events):
Event: 6.704 loading class io/spring/gradle/dependencymanagement/internal/ExclusionConfiguringAction$Node
Event: 6.704 loading class io/spring/gradle/dependencymanagement/internal/ExclusionConfiguringAction$Node done
Event: 6.733 Thread 0x000001dd3cb4f000 DEOPT PACKING pc=0x000001dd26179897 sp=0x000000adf42fc750
Event: 6.733 Thread 0x000001dd3cb4f000 DEOPT UNPACKING pc=0x000001dd2510884e sp=0x000000adf42fbc08 mode 0
Event: 6.773 loading class org/gradle/api/internal/artifacts/ivyservice/resolveengine/excludes/factories/ExcludeFactory
Event: 6.773 loading class org/gradle/api/internal/artifacts/ivyservice/resolveengine/excludes/factories/ExcludeFactory done
Event: 6.779 loading class org/gradle/api/internal/artifacts/ivyservice/resolveengine/excludes/factories/CachingExcludeFactory$ExcludesKey
Event: 6.779 loading class org/gradle/api/internal/artifacts/ivyservice/resolveengine/excludes/factories/CachingExcludeFactory$ExcludesKey done
Event: 6.779 loading class org/gradle/api/internal/artifacts/ivyservice/resolveengine/excludes/factories/CachingExcludeFactory
Event: 6.779 loading class org/gradle/api/internal/artifacts/ivyservice/resolveengine/excludes/factories/CachingExcludeFactory done


Dynamic libraries:
0x00007ff7fb4b0000 - 0x00007ff7fb4ee000 	D:\JavaSDK\bin\java.exe
0x00007ffd471a0000 - 0x00007ffd47390000 	C:\WINDOWS\SYSTEM32\ntdll.dll
0x00007ffd46aa0000 - 0x00007ffd46b52000 	C:\WINDOWS\System32\KERNEL32.DLL
0x00007ffd442c0000 - 0x00007ffd44563000 	C:\WINDOWS\System32\KERNELBASE.dll
0x00007ffd46460000 - 0x00007ffd46503000 	C:\WINDOWS\System32\ADVAPI32.dll
0x00007ffd45310000 - 0x00007ffd453ae000 	C:\WINDOWS\System32\msvcrt.dll
0x00007ffd45580000 - 0x00007ffd45617000 	C:\WINDOWS\System32\sechost.dll
0x00007ffd46d10000 - 0x00007ffd46e30000 	C:\WINDOWS\System32\RPCRT4.dll
0x00007ffd46e30000 - 0x00007ffd46fc4000 	C:\WINDOWS\System32\USER32.dll
0x00007ffd44570000 - 0x00007ffd44591000 	C:\WINDOWS\System32\win32u.dll
0x00007ffd45250000 - 0x00007ffd45276000 	C:\WINDOWS\System32\GDI32.dll
0x00007ffd445a0000 - 0x00007ffd44734000 	C:\WINDOWS\System32\gdi32full.dll
0x00007ffd451b0000 - 0x00007ffd4524e000 	C:\WINDOWS\System32\msvcp_win.dll
0x00007ffd450b0000 - 0x00007ffd451aa000 	C:\WINDOWS\System32\ucrtbase.dll
0x00007ffd34c20000 - 0x00007ffd34ea5000 	C:\WINDOWS\WinSxS\amd64_microsoft.windows.common-controls_6595b64144ccf1df_6.0.18362.535_none_e6c3b34713100821\COMCTL32.dll
0x00007ffd3d4f0000 - 0x00007ffd3d4fa000 	C:\WINDOWS\SYSTEM32\VERSION.dll
0x00007ffd466e0000 - 0x00007ffd46a16000 	C:\WINDOWS\System32\combase.dll
0x00007ffd448b0000 - 0x00007ffd44930000 	C:\WINDOWS\System32\bcryptPrimitives.dll
0x00007ffd45a90000 - 0x00007ffd45abe000 	C:\WINDOWS\System32\IMM32.DLL
0x00007ffd25060000 - 0x00007ffd2514f000 	D:\JavaSDK\bin\msvcr120.dll
0x00007ffd08300000 - 0x00007ffd083a6000 	D:\JavaSDK\bin\msvcp120.dll
0x0000000063ce0000 - 0x0000000064750000 	D:\JavaSDK\bin\server\jvm.dll
0x00007ffd47150000 - 0x00007ffd47158000 	C:\WINDOWS\System32\PSAPI.DLL
0x00007ffd33310000 - 0x00007ffd33319000 	C:\WINDOWS\SYSTEM32\WSOCK32.dll
0x00007ffd3b630000 - 0x00007ffd3b654000 	C:\WINDOWS\SYSTEM32\WINMM.dll
0x00007ffd453b0000 - 0x00007ffd4541f000 	C:\WINDOWS\System32\WS2_32.dll
0x00007ffd3b600000 - 0x00007ffd3b62d000 	C:\WINDOWS\SYSTEM32\winmmbase.dll
0x00007ffd441e0000 - 0x00007ffd4422a000 	C:\WINDOWS\System32\cfgmgr32.dll
0x00007ffd407d0000 - 0x00007ffd407df000 	D:\JavaSDK\bin\verify.dll
0x00007ffd42930000 - 0x00007ffd42b24000 	C:\WINDOWS\SYSTEM32\DBGHELP.DLL
0x00007ffd32450000 - 0x00007ffd3247a000 	C:\WINDOWS\SYSTEM32\dbgcore.DLL
0x00007ffd3e1e0000 - 0x00007ffd3e207000 	D:\JavaSDK\bin\java.dll
0x00007ffd3c6b0000 - 0x00007ffd3c6c6000 	D:\JavaSDK\bin\zip.dll
0x00007ffd3e240000 - 0x00007ffd3e24a000 	D:\JavaSDK\bin\jimage.dll
0x00007ffd45d70000 - 0x00007ffd46455000 	C:\WINDOWS\System32\SHELL32.dll
0x00007ffd45c60000 - 0x00007ffd45d09000 	C:\WINDOWS\System32\shcore.dll
0x00007ffd44930000 - 0x00007ffd450af000 	C:\WINDOWS\System32\windows.storage.dll
0x00007ffd440f0000 - 0x00007ffd4410f000 	C:\WINDOWS\System32\profapi.dll
0x00007ffd44080000 - 0x00007ffd440ca000 	C:\WINDOWS\System32\powrprof.dll
0x00007ffd44070000 - 0x00007ffd44080000 	C:\WINDOWS\System32\UMPDC.dll
0x00007ffd45bf0000 - 0x00007ffd45c42000 	C:\WINDOWS\System32\shlwapi.dll
0x00007ffd440d0000 - 0x00007ffd440e1000 	C:\WINDOWS\System32\kernel.appcore.dll
0x00007ffd44890000 - 0x00007ffd448a7000 	C:\WINDOWS\System32\cryptsp.dll
0x00007ffd35120000 - 0x00007ffd3513a000 	D:\JavaSDK\bin\net.dll
0x00007ffd392b0000 - 0x00007ffd393a0000 	C:\WINDOWS\SYSTEM32\WINHTTP.dll
0x00007ffd43880000 - 0x00007ffd438e7000 	C:\WINDOWS\system32\mswsock.dll
0x00007ffd260f0000 - 0x00007ffd26101000 	D:\JavaSDK\bin\nio.dll
0x00007ffd24fe0000 - 0x00007ffd25006000 	C:\Users\asus\.gradle\native\30\windows-amd64\native-platform.dll
0x00007ffd350c0000 - 0x00007ffd350c9000 	D:\JavaSDK\bin\management.dll
0x00007ffd26120000 - 0x00007ffd2612a000 	D:\JavaSDK\bin\management_ext.dll
0x00007ffd433f0000 - 0x00007ffd43423000 	C:\WINDOWS\system32\rsaenh.dll
0x00007ffd44290000 - 0x00007ffd442b6000 	C:\WINDOWS\System32\bcrypt.dll
0x00007ffd43f90000 - 0x00007ffd43fb5000 	C:\WINDOWS\SYSTEM32\USERENV.dll
0x00007ffd43ab0000 - 0x00007ffd43abc000 	C:\WINDOWS\SYSTEM32\CRYPTBASE.dll
0x00007ffd43590000 - 0x00007ffd435ca000 	C:\WINDOWS\SYSTEM32\IPHLPAPI.DLL
0x00007ffd45280000 - 0x00007ffd45288000 	C:\WINDOWS\System32\NSI.dll
0x00007ffd3c5c0000 - 0x00007ffd3c5d6000 	C:\WINDOWS\SYSTEM32\dhcpcsvc6.DLL
0x00007ffd3c490000 - 0x00007ffd3c4ac000 	C:\WINDOWS\SYSTEM32\dhcpcsvc.DLL
0x00007ffd435d0000 - 0x00007ffd4369a000 	C:\WINDOWS\SYSTEM32\DNSAPI.dll

dbghelp: loaded successfully - version: 4.0.5 - missing functions: none
symbol engine: initialized successfully - sym options: 0x614 - pdb path: .;D:\JavaSDK\bin;C:\WINDOWS\SYSTEM32;C:\WINDOWS\WinSxS\amd64_microsoft.windows.common-controls_6595b64144ccf1df_6.0.18362.535_none_e6c3b34713100821;D:\JavaSDK\bin\server;C:\Users\asus\.gradle\native\30\windows-amd64

VM Arguments:
jvm_args: --add-opens=java.base/java.util=ALL-UNNAMED --add-opens=java.base/java.lang=ALL-UNNAMED --add-opens=java.base/java.lang.invoke=ALL-UNNAMED --add-opens=java.prefs/java.util.prefs=ALL-UNNAMED -XX:MaxMetaspaceSize=256m -XX:+HeapDumpOnOutOfMemoryError -Xms256m -Xmx512m -Dfile.encoding=GBK -Duser.country=CN -Duser.language=zh -Duser.variant 
java_command: org.gradle.launcher.daemon.bootstrap.GradleDaemon 5.6.4
java_class_path (initial): C:\Users\asus\.gradle\wrapper\dists\gradle-5.6.4-all\ankdp27end7byghfw1q2sw75f\gradle-5.6.4\lib\gradle-launcher-5.6.4.jar
Launcher Type: SUN_STANDARD

Logging:
Log output configuration:
#0: stdout all=warning uptime,level,tags
#1: stderr all=off uptime,level,tags

Environment Variables:
JAVA_HOME=D:\JavaSDK
CLASSPATH=G:\vueProject\server\server\\gradle\wrapper\gradle-wrapper.jar
PATH=C:\Program Files (x86)\Common Files\Oracle\Java\javapath;C:\Program Files\NVIDIA GPU Computing Toolkit\CUDA\v9.1\bin;C:\Program Files\NVIDIA GPU Computing Toolkit\CUDA\v9.1\libnvvp;C:\Program Files\Microsoft MPI\Bin\;F:\Python\Scripts\;F:\Python\;C:\Program Files (x86)\Intel\iCLS Client\;C:\Program Files\Intel\iCLS Client\;C:\Windows\system32;C:\Windows;C:\Windows\System32\Wbem;C:\Windows\System32\WindowsPowerShell\v1.0\;C:\Program Files (x86)\NVIDIA Corporation\PhysX\Common;C:\Program Files (x86)\Intel\Intel(R) Management Engine Components\DAL;C:\Program Files\Intel\Intel(R) Management Engine Components\DAL;C:\Program Files (x86)\Intel\Intel(R) Management Engine Components\IPT;C:\Program Files\Intel\Intel(R) Management Engine Components\IPT;C:\Program Files\Intel\WiFi\bin\;C:\Program Files\Common Files\Intel\WirelessCommon\;C:\Program Files\Microsoft SQL Server\130\Tools\Binn\;C:\Program Files (x86)\GtkSharp\2.12\bin;C:\WINDOWS\system32;C:\WINDOWS;C:\WINDOWS\System32\Wbem;C:\WINDOWS\System32\WindowsPowerShell\v1.0\;D:\opencv\build\x64\vc15\bin;D:\OpenCV2\opencv\build\x64\vc14\bin;C:\Program Files\NVIDIA GPU Computing Toolkit\CUDA\v9.1\lib\x64;C:\Program Files\NVIDIA GPU Computing Toolkit\CUDA\v9.1\include;C:\WINDOWS\System32\OpenSSH\;C:\Program Files\PuTTY\;D:\JavaSDK\jre\bin;D:\JavaSDK\bin;C:\Program Files\NVIDIA Corporation\NVIDIA NvDLISR;D:\node.js\;C:\Program Files\dotnet\;C:\Program Files (x86)\dotnet\;D:\Rational Rose\common;C:\Program Files\PostgreSQL\11\bin;D:\LoadRunner\strawberry-perl\perl\bin;C:\Program Files (x86)\HP\Unified Functional Testing\bin;C:\WINDOWS\system32;C:\WINDOWS;C:\WINDOWS\System32\Wbem;C:\WINDOWS\System32\WindowsPowerShell\v1.0\;C:\WINDOWS\System32\OpenSSH\;D:\Git\cmd;D:\Gradle\gradle-6.0\bin;C:\Program Files\MySQL\MySQL Shell 8.0\bin\;C:\Users\asus\AppData\Local\Microsoft\WindowsApps;C:\ProgramData\NVIDIA GPU Computing Toolkit\v8.0\bin;C:\Users\asus\AppData\Roaming\npm;D:\Microsoft VS Code Insiders\bin;C:\Users\asus\AppData\Local\Git
USERNAME=asus
OS=Windows_NT
PROCESSOR_IDENTIFIER=Intel64 Family 6 Model 158 Stepping 9, GenuineIntel



---------------  S Y S T E M  ---------------

OS: Windows 10 , 64 bit Build 18362 (10.0.18362.329)

CPU:total 8 (initial active 8) (4 cores per cpu, 2 threads per core) family 6 model 158 stepping 9, cmov, cx8, fxsr, mmx, sse, sse2, sse3, ssse3, sse4.1, sse4.2, popcnt, avx, avx2, aes, clmul, erms, 3dnowpref, lzcnt, ht, tsc, tscinvbit, bmi1, bmi2, adx, fma

Memory: 4k page, physical 8330580k(751088k free), swap 15783528k(6092k free)

vm_info: Java HotSpot(TM) 64-Bit Server VM (10.0.2+13) for windows-amd64 JRE (10.0.2+13), built on Jun 28 2018 01:57:56 by "mach5one" with MS VC++ 12.0 (VS2013)

END.
