#
# There is insufficient memory for the Java Runtime Environment to continue.
# Native memory allocation (malloc) failed to allocate 1348656 bytes for Chunk::new
# Possible reasons:
#   The system is out of physical RAM or swap space
#   The process is running with CompressedOops enabled, and the Java Heap may be blocking the growth of the native heap
# Possible solutions:
#   Reduce memory load on the system
#   Increase physical memory or swap space
#   Check if swap backing store is full
#   Decrease Java heap size (-Xmx/-Xms)
#   Decrease number of Java threads
#   Decrease Java thread stack sizes (-Xss)
#   Set larger code cache with -XX:ReservedCodeCacheSize=
#   JVM is running with Unscaled Compressed Oops mode in which the Java heap is
#     placed in the first 4GB address space. The Java Heap base address is the
#     maximum limit for the native heap growth. Please use -XX:HeapBaseMinAddress
#     to set the Java Heap base and to place the Java Heap above 4GB virtual address.
# This output file may be truncated or incomplete.
#
#  Out of Memory Error (t:/workspace/open/src/hotspot/share/memory/arena.cpp:198), pid=13572, tid=21764
#
# JRE version: Java(TM) SE Runtime Environment (10.0.2+13) (build 10.0.2+13)
# Java VM: Java HotSpot(TM) 64-Bit Server VM (10.0.2+13, mixed mode, tiered, compressed oops, g1 gc, windows-amd64)
# No core dump will be written. Minidumps are not enabled by default on client versions of Windows
#

---------------  S U M M A R Y ------------

Command Line: --add-opens=java.base/java.util=ALL-UNNAMED --add-opens=java.base/java.lang=ALL-UNNAMED --add-opens=java.base/java.lang.invoke=ALL-UNNAMED --add-opens=java.prefs/java.util.prefs=ALL-UNNAMED -XX:MaxMetaspaceSize=256m -XX:+HeapDumpOnOutOfMemoryError -Xms256m -Xmx512m -Dfile.encoding=GBK -Duser.country=CN -Duser.language=zh -Duser.variant org.gradle.launcher.daemon.bootstrap.GradleDaemon 5.6.4

Host: Intel(R) Core(TM) i7-7700HQ CPU @ 2.80GHz, 8 cores, 7G,  Windows 10 , 64 bit Build 18362 (10.0.18362.329)
Time: Mon Dec 23 22:13:00 2019 ?D1¨²¡À¨º¡Á?¨º¡À?? elapsed time: 3 seconds (0d 0h 0m 3s)

---------------  T H R E A D  ---------------

Current thread (0x000002fe63a01000):  JavaThread "C2 CompilerThread1" daemon [_thread_in_native, id=21764, stack(0x000000ffaa500000,0x000000ffaa600000)]


Current CompileTask:
C2:   3922 2242  s!   4       jdk.internal.loader.URLClassPath::getLoader (200 bytes)

Stack: [0x000000ffaa500000,0x000000ffaa600000]
Native frames: (J=compiled Java code, j=interpreted, Vv=VM code, C=native code)
V  [jvm.dll+0x5a01a9]
V  [jvm.dll+0x6bcf31]
V  [jvm.dll+0x6be126]
V  [jvm.dll+0x6be7b3]
V  [jvm.dll+0x234978]
V  [jvm.dll+0xbb69c]
V  [jvm.dll+0xbbbac]
V  [jvm.dll+0x34bee1]
V  [jvm.dll+0x3110aa]
V  [jvm.dll+0x31063a]
V  [jvm.dll+0x1ffe91]
V  [jvm.dll+0x1ff116]
V  [jvm.dll+0x17c94b]
V  [jvm.dll+0x20c8dd]
V  [jvm.dll+0x20b6a6]
V  [jvm.dll+0x68b7ff]
V  [jvm.dll+0x59f4b0]
C  [msvcr120.dll+0x24f7f]
C  [msvcr120.dll+0x25126]
C  [KERNEL32.DLL+0x17bd4]
C  [ntdll.dll+0x6ced1]


---------------  P R O C E S S  ---------------

Threads class SMR info:
_java_thread_list=0x000002fe663c1570, length=26, elements={
0x000002fe44d63000, 0x000002fe63186800, 0x000002fe63190000, 0x000002fe639f9000,
0x000002fe639f9800, 0x000002fe639fe800, 0x000002fe63a01000, 0x000002fe63a0a800,
0x000002fe63a14000, 0x000002fe63a25800, 0x000002fe63bc6000, 0x000002fe63c0e800,
0x000002fe651d9000, 0x000002fe65620800, 0x000002fe6721a800, 0x000002fe65945800,
0x000002fe66830800, 0x000002fe6488a800, 0x000002fe6511e800, 0x000002fe653a3000,
0x000002fe65490000, 0x000002fe65096000, 0x000002fe65096800, 0x000002fe65097800,
0x000002fe65094800, 0x000002fe65095000
}

Java Threads: ( => current thread )
  0x000002fe44d63000 JavaThread "main" [_thread_blocked, id=4388, stack(0x000000ffa8a00000,0x000000ffa8b00000)]
  0x000002fe63186800 JavaThread "Reference Handler" daemon [_thread_blocked, id=15928, stack(0x000000ffaa000000,0x000000ffaa100000)]
  0x000002fe63190000 JavaThread "Finalizer" daemon [_thread_blocked, id=25892, stack(0x000000ffaa100000,0x000000ffaa200000)]
  0x000002fe639f9000 JavaThread "Signal Dispatcher" daemon [_thread_blocked, id=24080, stack(0x000000ffaa200000,0x000000ffaa300000)]
  0x000002fe639f9800 JavaThread "Attach Listener" daemon [_thread_blocked, id=10560, stack(0x000000ffaa300000,0x000000ffaa400000)]
  0x000002fe639fe800 JavaThread "C2 CompilerThread0" daemon [_thread_in_native, id=25860, stack(0x000000ffaa400000,0x000000ffaa500000)]
=>0x000002fe63a01000 JavaThread "C2 CompilerThread1" daemon [_thread_in_native, id=21764, stack(0x000000ffaa500000,0x000000ffaa600000)]
  0x000002fe63a0a800 JavaThread "C2 CompilerThread2" daemon [_thread_in_native, id=7068, stack(0x000000ffaa600000,0x000000ffaa700000)]
  0x000002fe63a14000 JavaThread "C1 CompilerThread3" daemon [_thread_in_native, id=24072, stack(0x000000ffaa700000,0x000000ffaa800000)]
  0x000002fe63a25800 JavaThread "Sweeper thread" daemon [_thread_blocked, id=9276, stack(0x000000ffaa800000,0x000000ffaa900000)]
  0x000002fe63bc6000 JavaThread "Common-Cleaner" daemon [_thread_blocked, id=15004, stack(0x000000ffaa900000,0x000000ffaaa00000)]
  0x000002fe63c0e800 JavaThread "Service Thread" daemon [_thread_blocked, id=26180, stack(0x000000ffaaa00000,0x000000ffaab00000)]
  0x000002fe651d9000 JavaThread "Daemon health stats" [_thread_blocked, id=12304, stack(0x000000ffaac00000,0x000000ffaad00000)]
  0x000002fe65620800 JavaThread "Incoming local TCP Connector on port 49985" [_thread_in_native, id=16164, stack(0x000000ffaad00000,0x000000ffaae00000)]
  0x000002fe6721a800 JavaThread "Daemon periodic checks" [_thread_blocked, id=1320, stack(0x000000ffaae00000,0x000000ffaaf00000)]
  0x000002fe65945800 JavaThread "Daemon" [_thread_blocked, id=9328, stack(0x000000ffaaf00000,0x000000ffab000000)]
  0x000002fe66830800 JavaThread "Handler for socket connection from /127.0.0.1:49985 to /127.0.0.1:49986" [_thread_in_native, id=13672, stack(0x000000ffab000000,0x000000ffab100000)]
  0x000002fe6488a800 JavaThread "Cancel handler" [_thread_blocked, id=4176, stack(0x000000ffab100000,0x000000ffab200000)]
  0x000002fe6511e800 JavaThread "Daemon worker" [_thread_in_Java, id=19544, stack(0x000000ffab200000,0x000000ffab300000)]
  0x000002fe653a3000 JavaThread "Asynchronous log dispatcher for DefaultDaemonConnection: socket connection from /127.0.0.1:49985 to /127.0.0.1:49986" [_thread_blocked, id=1500, stack(0x000000ffab300000,0x000000ffab400000)]
  0x000002fe65490000 JavaThread "Stdin handler" [_thread_blocked, id=23496, stack(0x000000ffab400000,0x000000ffab500000)]
  0x000002fe65096000 JavaThread "Thread-8" [_thread_blocked, id=14896, stack(0x000000ffab500000,0x000000ffab600000)]
  0x000002fe65096800 JavaThread "Cache worker for file hash cache (C:\Users\asus\.gradle\caches\5.6.4\fileHashes)" [_thread_blocked, id=15080, stack(0x000000ffab600000,0x000000ffab700000)]
  0x000002fe65097800 JavaThread "File lock request listener" [_thread_in_native, id=7756, stack(0x000000ffab700000,0x000000ffab800000)]
  0x000002fe65094800 JavaThread "Cache worker for journal cache (C:\Users\asus\.gradle\caches\journal-1)" [_thread_blocked, id=3108, stack(0x000000ffab800000,0x000000ffab900000)]
  0x000002fe65095000 JavaThread "Cache worker for file hash cache (G:\vueProject\server\server\.gradle\5.6.4\fileHashes)" [_thread_blocked, id=11048, stack(0x000000ffab900000,0x000000ffaba00000)]

Other Threads:
  0x000002fe63181800 VMThread "VM Thread" [stack: 0x000000ffa9f00000,0x000000ffaa000000] [id=9064]
  0x000002fe63c1e000 WatcherThread [stack: 0x000000ffaab00000,0x000000ffaac00000] [id=25096]
  0x000002fe44d7e000 GCTaskThread "GC Thread#0" [stack: 0x000000ffa8b00000,0x000000ffa8c00000] [id=25712]
  0x000002fe44d7f800 GCTaskThread "GC Thread#1" [stack: 0x000000ffa8c00000,0x000000ffa8d00000] [id=1276]
  0x000002fe44d83800 GCTaskThread "GC Thread#2" [stack: 0x000000ffa8d00000,0x000000ffa8e00000] [id=17456]
  0x000002fe44d85800 GCTaskThread "GC Thread#3" [stack: 0x000000ffa8e00000,0x000000ffa8f00000] [id=23096]
  0x000002fe44d8b800 GCTaskThread "GC Thread#4" [stack: 0x000000ffa8f00000,0x000000ffa9000000] [id=23648]
  0x000002fe44d8a800 GCTaskThread "GC Thread#5" [stack: 0x000000ffa9000000,0x000000ffa9100000] [id=24896]
  0x000002fe44d87000 GCTaskThread "GC Thread#6" [stack: 0x000000ffa9100000,0x000000ffa9200000] [id=20780]
  0x000002fe44d85000 GCTaskThread "GC Thread#7" [stack: 0x000000ffa9200000,0x000000ffa9300000] [id=13796]
  0x000002fe44db9800 ConcurrentGCThread "G1 Main Marker" [stack: 0x000000ffa9300000,0x000000ffa9400000] [id=23172]
  0x000002fe44d8b000 ConcurrentGCThread "G1 Conc#0" [stack: 0x000000ffa9400000,0x000000ffa9500000] [id=22904]
  0x000002fe44d87800 ConcurrentGCThread "G1 Conc#1" [stack: 0x000000ffa9500000,0x000000ffa9600000] [id=19240]
  0x000002fe63006800 ConcurrentGCThread "G1 Refine#0" [stack: 0x000000ffa9600000,0x000000ffa9700000] [id=19216]
  0x000002fe63007800 ConcurrentGCThread "G1 Refine#1" [stack: 0x000000ffa9700000,0x000000ffa9800000] [id=20608]
  0x000002fe63008000 ConcurrentGCThread "G1 Refine#2" [stack: 0x000000ffa9800000,0x000000ffa9900000] [id=22460]
  0x000002fe6300d000 ConcurrentGCThread "G1 Refine#3" [stack: 0x000000ffa9900000,0x000000ffa9a00000] [id=3288]
  0x000002fe6300e000 ConcurrentGCThread "G1 Refine#4" [stack: 0x000000ffa9a00000,0x000000ffa9b00000] [id=25116]
  0x000002fe6300f000 ConcurrentGCThread "G1 Refine#5" [stack: 0x000000ffa9b00000,0x000000ffa9c00000] [id=18076]
  0x000002fe63012800 ConcurrentGCThread "G1 Refine#6" [stack: 0x000000ffa9c00000,0x000000ffa9d00000] [id=23732]
  0x000002fe6301b800 ConcurrentGCThread "G1 Refine#7" [stack: 0x000000ffa9d00000,0x000000ffa9e00000] [id=17032]
  0x000002fe6301c000 ConcurrentGCThread "G1 Young RemSet Sampling" [stack: 0x000000ffa9e00000,0x000000ffa9f00000] [id=26420]

Threads with active compile tasks:
C2 CompilerThread02194   !   4       java.net.URLClassLoader$1::run (63 bytes)
C2 CompilerThread12242  s!   4       jdk.internal.loader.URLClassPath::getLoader (200 bytes)
C2 CompilerThread22193       4       java.net.URLClassLoader$1::run (5 bytes)
C1 CompilerThread32823  s!   2       java.beans.PropertyDescriptor::getWriteMethod (152 bytes)

VM state:not at safepoint (normal execution)

VM Mutex/Monitor currently owned by a thread: None

Heap address: 0x00000000e0000000, size: 512 MB, Compressed Oops mode: 32-bit
Narrow klass base: 0x0000000000000000, Narrow klass shift: 3
Compressed class space size: 260046848 Address: 0x0000000100000000

Heap:
 garbage-first heap   total 262144K, used 91863K [0x00000000e0000000, 0x0000000100000000)
  region size 1024K, 86 young (88064K), 11 survivors (11264K)
 Metaspace       used 33572K, capacity 34051K, committed 34560K, reserved 284672K
  class space    used 4084K, capacity 4258K, committed 4352K, reserved 253952K
Heap Regions: E=young(eden), S=young(survivor), O=old, HS=humongous(starts), HC=humongous(continues), CS=collection set, F=free, A=archive, TS=gc time stamp, AC=allocation context, TAMS=top-at-mark-start (previous, next)
|   0|0x00000000e0000000, 0x00000000e0000000, 0x00000000e0100000|  0%| F|  |TS  0|AC  0|TAMS 0x00000000e0000000, 0x00000000e0000000|
|   1|0x00000000e0100000, 0x00000000e0100000, 0x00000000e0200000|  0%| F|  |TS  0|AC  0|TAMS 0x00000000e0100000, 0x00000000e0100000|
|   2|0x00000000e0200000, 0x00000000e0200000, 0x00000000e0300000|  0%| F|  |TS  0|AC  0|TAMS 0x00000000e0200000, 0x00000000e0200000|
|   3|0x00000000e0300000, 0x00000000e0400000, 0x00000000e0400000|100%|HS|  |TS  0|AC  0|TAMS 0x00000000e0400000, 0x00000000e0400000|
|   4|0x00000000e0400000, 0x00000000e0500000, 0x00000000e0500000|100%|HC|  |TS  0|AC  0|TAMS 0x00000000e0500000, 0x00000000e0500000|
|   5|0x00000000e0500000, 0x00000000e0600000, 0x00000000e0600000|100%|HC|  |TS  0|AC  0|TAMS 0x00000000e0600000, 0x00000000e0600000|
|   6|0x00000000e0600000, 0x00000000e0700000, 0x00000000e0700000|100%| O|  |TS  0|AC  0|TAMS 0x00000000e0700000, 0x00000000e0700000|
|   7|0x00000000e0700000, 0x00000000e0800000, 0x00000000e0800000|100%| O|  |TS  0|AC  0|TAMS 0x00000000e0800000, 0x00000000e0800000|
|   8|0x00000000e0800000, 0x00000000e0852c00, 0x00000000e0900000| 32%| O|  |TS  0|AC  0|TAMS 0x00000000e0852c00, 0x00000000e0852c00|
|   9|0x00000000e0900000, 0x00000000e0900000, 0x00000000e0a00000|  0%| F|  |TS  0|AC  0|TAMS 0x00000000e0900000, 0x00000000e0900000|
|  10|0x00000000e0a00000, 0x00000000e0a00000, 0x00000000e0b00000|  0%| F|  |TS  0|AC  0|TAMS 0x00000000e0a00000, 0x00000000e0a00000|
|  11|0x00000000e0b00000, 0x00000000e0b00000, 0x00000000e0c00000|  0%| F|  |TS  0|AC  0|TAMS 0x00000000e0b00000, 0x00000000e0b00000|
|  12|0x00000000e0c00000, 0x00000000e0c00000, 0x00000000e0d00000|  0%| F|  |TS  0|AC  0|TAMS 0x00000000e0c00000, 0x00000000e0c00000|
|  13|0x00000000e0d00000, 0x00000000e0d00000, 0x00000000e0e00000|  0%| F|  |TS  0|AC  0|TAMS 0x00000000e0d00000, 0x00000000e0d00000|
|  14|0x00000000e0e00000, 0x00000000e0e00000, 0x00000000e0f00000|  0%| F|  |TS  0|AC  0|TAMS 0x00000000e0e00000, 0x00000000e0e00000|
|  15|0x00000000e0f00000, 0x00000000e0f00000, 0x00000000e1000000|  0%| F|  |TS  0|AC  0|TAMS 0x00000000e0f00000, 0x00000000e0f00000|
|  16|0x00000000e1000000, 0x00000000e1000000, 0x00000000e1100000|  0%| F|  |TS  0|AC  0|TAMS 0x00000000e1000000, 0x00000000e1000000|
|  17|0x00000000e1100000, 0x00000000e1100000, 0x00000000e1200000|  0%| F|  |TS  0|AC  0|TAMS 0x00000000e1100000, 0x00000000e1100000|
|  18|0x00000000e1200000, 0x00000000e1200000, 0x00000000e1300000|  0%| F|  |TS  0|AC  0|TAMS 0x00000000e1200000, 0x00000000e1200000|
|  19|0x00000000e1300000, 0x00000000e1300000, 0x00000000e1400000|  0%| F|  |TS  0|AC  0|TAMS 0x00000000e1300000, 0x00000000e1300000|
|  20|0x00000000e1400000, 0x00000000e1400000, 0x00000000e1500000|  0%| F|  |TS  0|AC  0|TAMS 0x00000000e1400000, 0x00000000e1400000|
|  21|0x00000000e1500000, 0x00000000e1500000, 0x00000000e1600000|  0%| F|  |TS  0|AC  0|TAMS 0x00000000e1500000, 0x00000000e1500000|
|  22|0x00000000e1600000, 0x00000000e1600000, 0x00000000e1700000|  0%| F|  |TS  0|AC  0|TAMS 0x00000000e1600000, 0x00000000e1600000|
|  23|0x00000000e1700000, 0x00000000e1700000, 0x00000000e1800000|  0%| F|  |TS  0|AC  0|TAMS 0x00000000e1700000, 0x00000000e1700000|
|  24|0x00000000e1800000, 0x00000000e1800000, 0x00000000e1900000|  0%| F|  |TS  0|AC  0|TAMS 0x00000000e1800000, 0x00000000e1800000|
|  25|0x00000000e1900000, 0x00000000e1900000, 0x00000000e1a00000|  0%| F|  |TS  0|AC  0|TAMS 0x00000000e1900000, 0x00000000e1900000|
|  26|0x00000000e1a00000, 0x00000000e1a00000, 0x00000000e1b00000|  0%| F|  |TS  0|AC  0|TAMS 0x00000000e1a00000, 0x00000000e1a00000|
|  27|0x00000000e1b00000, 0x00000000e1b00000, 0x00000000e1c00000|  0%| F|  |TS  0|AC  0|TAMS 0x00000000e1b00000, 0x00000000e1b00000|
|  28|0x00000000e1c00000, 0x00000000e1c00000, 0x00000000e1d00000|  0%| F|  |TS  0|AC  0|TAMS 0x00000000e1c00000, 0x00000000e1c00000|
|  29|0x00000000e1d00000, 0x00000000e1d00000, 0x00000000e1e00000|  0%| F|  |TS  0|AC  0|TAMS 0x00000000e1d00000, 0x00000000e1d00000|
|  30|0x00000000e1e00000, 0x00000000e1e00000, 0x00000000e1f00000|  0%| F|  |TS  0|AC  0|TAMS 0x00000000e1e00000, 0x00000000e1e00000|
|  31|0x00000000e1f00000, 0x00000000e1f00000, 0x00000000e2000000|  0%| F|  |TS  0|AC  0|TAMS 0x00000000e1f00000, 0x00000000e1f00000|
|  32|0x00000000e2000000, 0x00000000e2000000, 0x00000000e2100000|  0%| F|  |TS  0|AC  0|TAMS 0x00000000e2000000, 0x00000000e2000000|
|  33|0x00000000e2100000, 0x00000000e2100000, 0x00000000e2200000|  0%| F|  |TS  0|AC  0|TAMS 0x00000000e2100000, 0x00000000e2100000|
|  34|0x00000000e2200000, 0x00000000e2200000, 0x00000000e2300000|  0%| F|  |TS  0|AC  0|TAMS 0x00000000e2200000, 0x00000000e2200000|
|  35|0x00000000e2300000, 0x00000000e2300000, 0x00000000e2400000|  0%| F|  |TS  0|AC  0|TAMS 0x00000000e2300000, 0x00000000e2300000|
|  36|0x00000000e2400000, 0x00000000e2400000, 0x00000000e2500000|  0%| F|  |TS  0|AC  0|TAMS 0x00000000e2400000, 0x00000000e2400000|
|  37|0x00000000e2500000, 0x00000000e2500000, 0x00000000e2600000|  0%| F|  |TS  0|AC  0|TAMS 0x00000000e2500000, 0x00000000e2500000|
|  38|0x00000000e2600000, 0x00000000e2600000, 0x00000000e2700000|  0%| F|  |TS  0|AC  0|TAMS 0x00000000e2600000, 0x00000000e2600000|
|  39|0x00000000e2700000, 0x00000000e2700000, 0x00000000e2800000|  0%| F|  |TS  0|AC  0|TAMS 0x00000000e2700000, 0x00000000e2700000|
|  40|0x00000000e2800000, 0x00000000e2800000, 0x00000000e2900000|  0%| F|  |TS  0|AC  0|TAMS 0x00000000e2800000, 0x00000000e2800000|
|  41|0x00000000e2900000, 0x00000000e2900000, 0x00000000e2a00000|  0%| F|  |TS  0|AC  0|TAMS 0x00000000e2900000, 0x00000000e2900000|
|  42|0x00000000e2a00000, 0x00000000e2a00000, 0x00000000e2b00000|  0%| F|  |TS  0|AC  0|TAMS 0x00000000e2a00000, 0x00000000e2a00000|
|  43|0x00000000e2b00000, 0x00000000e2b00000, 0x00000000e2c00000|  0%| F|  |TS  0|AC  0|TAMS 0x00000000e2b00000, 0x00000000e2b00000|
|  44|0x00000000e2c00000, 0x00000000e2c00000, 0x00000000e2d00000|  0%| F|  |TS  0|AC  0|TAMS 0x00000000e2c00000, 0x00000000e2c00000|
|  45|0x00000000e2d00000, 0x00000000e2d00000, 0x00000000e2e00000|  0%| F|  |TS  0|AC  0|TAMS 0x00000000e2d00000, 0x00000000e2d00000|
|  46|0x00000000e2e00000, 0x00000000e2e00000, 0x00000000e2f00000|  0%| F|  |TS  0|AC  0|TAMS 0x00000000e2e00000, 0x00000000e2e00000|
|  47|0x00000000e2f00000, 0x00000000e2f00000, 0x00000000e3000000|  0%| F|  |TS  0|AC  0|TAMS 0x00000000e2f00000, 0x00000000e2f00000|
|  48|0x00000000e3000000, 0x00000000e3000000, 0x00000000e3100000|  0%| F|  |TS  0|AC  0|TAMS 0x00000000e3000000, 0x00000000e3000000|
|  49|0x00000000e3100000, 0x00000000e3100000, 0x00000000e3200000|  0%| F|  |TS  0|AC  0|TAMS 0x00000000e3100000, 0x00000000e3100000|
|  50|0x00000000e3200000, 0x00000000e3200000, 0x00000000e3300000|  0%| F|  |TS  0|AC  0|TAMS 0x00000000e3200000, 0x00000000e3200000|
|  51|0x00000000e3300000, 0x00000000e3300000, 0x00000000e3400000|  0%| F|  |TS  0|AC  0|TAMS 0x00000000e3300000, 0x00000000e3300000|
|  52|0x00000000e3400000, 0x00000000e3400000, 0x00000000e3500000|  0%| F|  |TS  0|AC  0|TAMS 0x00000000e3400000, 0x00000000e3400000|
|  53|0x00000000e3500000, 0x00000000e3500000, 0x00000000e3600000|  0%| F|  |TS  0|AC  0|TAMS 0x00000000e3500000, 0x00000000e3500000|
|  54|0x00000000e3600000, 0x00000000e3600000, 0x00000000e3700000|  0%| F|  |TS  0|AC  0|TAMS 0x00000000e3600000, 0x00000000e3600000|
|  55|0x00000000e3700000, 0x00000000e3700000, 0x00000000e3800000|  0%| F|  |TS  0|AC  0|TAMS 0x00000000e3700000, 0x00000000e3700000|
|  56|0x00000000e3800000, 0x00000000e3800000, 0x00000000e3900000|  0%| F|  |TS  0|AC  0|TAMS 0x00000000e3800000, 0x00000000e3800000|
|  57|0x00000000e3900000, 0x00000000e3900000, 0x00000000e3a00000|  0%| F|  |TS  0|AC  0|TAMS 0x00000000e3900000, 0x00000000e3900000|
|  58|0x00000000e3a00000, 0x00000000e3a00000, 0x00000000e3b00000|  0%| F|  |TS  0|AC  0|TAMS 0x00000000e3a00000, 0x00000000e3a00000|
|  59|0x00000000e3b00000, 0x00000000e3b00000, 0x00000000e3c00000|  0%| F|  |TS  0|AC  0|TAMS 0x00000000e3b00000, 0x00000000e3b00000|
|  60|0x00000000e3c00000, 0x00000000e3c00000, 0x00000000e3d00000|  0%| F|  |TS  0|AC  0|TAMS 0x00000000e3c00000, 0x00000000e3c00000|
|  61|0x00000000e3d00000, 0x00000000e3d00000, 0x00000000e3e00000|  0%| F|  |TS  0|AC  0|TAMS 0x00000000e3d00000, 0x00000000e3d00000|
|  62|0x00000000e3e00000, 0x00000000e3e00000, 0x00000000e3f00000|  0%| F|  |TS  0|AC  0|TAMS 0x00000000e3e00000, 0x00000000e3e00000|
|  63|0x00000000e3f00000, 0x00000000e3f00000, 0x00000000e4000000|  0%| F|  |TS  0|AC  0|TAMS 0x00000000e3f00000, 0x00000000e3f00000|
|  64|0x00000000e4000000, 0x00000000e4000000, 0x00000000e4100000|  0%| F|  |TS  0|AC  0|TAMS 0x00000000e4000000, 0x00000000e4000000|
|  65|0x00000000e4100000, 0x00000000e4100000, 0x00000000e4200000|  0%| F|  |TS  0|AC  0|TAMS 0x00000000e4100000, 0x00000000e4100000|
|  66|0x00000000e4200000, 0x00000000e4200000, 0x00000000e4300000|  0%| F|  |TS  0|AC  0|TAMS 0x00000000e4200000, 0x00000000e4200000|
|  67|0x00000000e4300000, 0x00000000e4300000, 0x00000000e4400000|  0%| F|  |TS  0|AC  0|TAMS 0x00000000e4300000, 0x00000000e4300000|
|  68|0x00000000e4400000, 0x00000000e4400000, 0x00000000e4500000|  0%| F|  |TS  0|AC  0|TAMS 0x00000000e4400000, 0x00000000e4400000|
|  69|0x00000000e4500000, 0x00000000e4500000, 0x00000000e4600000|  0%| F|  |TS  0|AC  0|TAMS 0x00000000e4500000, 0x00000000e4500000|
|  70|0x00000000e4600000, 0x00000000e4600000, 0x00000000e4700000|  0%| F|  |TS  0|AC  0|TAMS 0x00000000e4600000, 0x00000000e4600000|
|  71|0x00000000e4700000, 0x00000000e4700000, 0x00000000e4800000|  0%| F|  |TS  0|AC  0|TAMS 0x00000000e4700000, 0x00000000e4700000|
|  72|0x00000000e4800000, 0x00000000e4800000, 0x00000000e4900000|  0%| F|  |TS  0|AC  0|TAMS 0x00000000e4800000, 0x00000000e4800000|
|  73|0x00000000e4900000, 0x00000000e4900000, 0x00000000e4a00000|  0%| F|  |TS  0|AC  0|TAMS 0x00000000e4900000, 0x00000000e4900000|
|  74|0x00000000e4a00000, 0x00000000e4a00000, 0x00000000e4b00000|  0%| F|  |TS  0|AC  0|TAMS 0x00000000e4a00000, 0x00000000e4a00000|
|  75|0x00000000e4b00000, 0x00000000e4b00000, 0x00000000e4c00000|  0%| F|  |TS  0|AC  0|TAMS 0x00000000e4b00000, 0x00000000e4b00000|
|  76|0x00000000e4c00000, 0x00000000e4c00000, 0x00000000e4d00000|  0%| F|  |TS  0|AC  0|TAMS 0x00000000e4c00000, 0x00000000e4c00000|
|  77|0x00000000e4d00000, 0x00000000e4d00000, 0x00000000e4e00000|  0%| F|  |TS  0|AC  0|TAMS 0x00000000e4d00000, 0x00000000e4d00000|
|  78|0x00000000e4e00000, 0x00000000e4e00000, 0x00000000e4f00000|  0%| F|  |TS  0|AC  0|TAMS 0x00000000e4e00000, 0x00000000e4e00000|
|  79|0x00000000e4f00000, 0x00000000e4f00000, 0x00000000e5000000|  0%| F|  |TS  0|AC  0|TAMS 0x00000000e4f00000, 0x00000000e4f00000|
|  80|0x00000000e5000000, 0x00000000e5000000, 0x00000000e5100000|  0%| F|  |TS  0|AC  0|TAMS 0x00000000e5000000, 0x00000000e5000000|
|  81|0x00000000e5100000, 0x00000000e5100000, 0x00000000e5200000|  0%| F|  |TS  0|AC  0|TAMS 0x00000000e5100000, 0x00000000e5100000|
|  82|0x00000000e5200000, 0x00000000e5200000, 0x00000000e5300000|  0%| F|  |TS  0|AC  0|TAMS 0x00000000e5200000, 0x00000000e5200000|
|  83|0x00000000e5300000, 0x00000000e5300000, 0x00000000e5400000|  0%| F|  |TS  0|AC  0|TAMS 0x00000000e5300000, 0x00000000e5300000|
|  84|0x00000000e5400000, 0x00000000e5400000, 0x00000000e5500000|  0%| F|  |TS  0|AC  0|TAMS 0x00000000e5400000, 0x00000000e5400000|
|  85|0x00000000e5500000, 0x00000000e5500000, 0x00000000e5600000|  0%| F|  |TS  0|AC  0|TAMS 0x00000000e5500000, 0x00000000e5500000|
|  86|0x00000000e5600000, 0x00000000e5600000, 0x00000000e5700000|  0%| F|  |TS  0|AC  0|TAMS 0x00000000e5600000, 0x00000000e5600000|
|  87|0x00000000e5700000, 0x00000000e5700000, 0x00000000e5800000|  0%| F|  |TS  0|AC  0|TAMS 0x00000000e5700000, 0x00000000e5700000|
|  88|0x00000000e5800000, 0x00000000e5800000, 0x00000000e5900000|  0%| F|  |TS  0|AC  0|TAMS 0x00000000e5800000, 0x00000000e5800000|
|  89|0x00000000e5900000, 0x00000000e5900000, 0x00000000e5a00000|  0%| F|  |TS  0|AC  0|TAMS 0x00000000e5900000, 0x00000000e5900000|
|  90|0x00000000e5a00000, 0x00000000e5a00000, 0x00000000e5b00000|  0%| F|  |TS  0|AC  0|TAMS 0x00000000e5a00000, 0x00000000e5a00000|
|  91|0x00000000e5b00000, 0x00000000e5b00000, 0x00000000e5c00000|  0%| F|  |TS  0|AC  0|TAMS 0x00000000e5b00000, 0x00000000e5b00000|
|  92|0x00000000e5c00000, 0x00000000e5c00000, 0x00000000e5d00000|  0%| F|  |TS  0|AC  0|TAMS 0x00000000e5c00000, 0x00000000e5c00000|
|  93|0x00000000e5d00000, 0x00000000e5d00000, 0x00000000e5e00000|  0%| F|  |TS  0|AC  0|TAMS 0x00000000e5d00000, 0x00000000e5d00000|
|  94|0x00000000e5e00000, 0x00000000e5e00000, 0x00000000e5f00000|  0%| F|  |TS  0|AC  0|TAMS 0x00000000e5e00000, 0x00000000e5e00000|
|  95|0x00000000e5f00000, 0x00000000e5f00000, 0x00000000e6000000|  0%| F|  |TS  0|AC  0|TAMS 0x00000000e5f00000, 0x00000000e5f00000|
|  96|0x00000000e6000000, 0x00000000e6000000, 0x00000000e6100000|  0%| F|  |TS  0|AC  0|TAMS 0x00000000e6000000, 0x00000000e6000000|
|  97|0x00000000e6100000, 0x00000000e6100000, 0x00000000e6200000|  0%| F|  |TS  0|AC  0|TAMS 0x00000000e6100000, 0x00000000e6100000|
|  98|0x00000000e6200000, 0x00000000e6200000, 0x00000000e6300000|  0%| F|  |TS  0|AC  0|TAMS 0x00000000e6200000, 0x00000000e6200000|
|  99|0x00000000e6300000, 0x00000000e6300000, 0x00000000e6400000|  0%| F|  |TS  0|AC  0|TAMS 0x00000000e6300000, 0x00000000e6300000|
| 100|0x00000000e6400000, 0x00000000e6400000, 0x00000000e6500000|  0%| F|  |TS  0|AC  0|TAMS 0x00000000e6400000, 0x00000000e6400000|
| 101|0x00000000e6500000, 0x00000000e6500000, 0x00000000e6600000|  0%| F|  |TS  0|AC  0|TAMS 0x00000000e6500000, 0x00000000e6500000|
| 102|0x00000000e6600000, 0x00000000e6600000, 0x00000000e6700000|  0%| F|  |TS  0|AC  0|TAMS 0x00000000e6600000, 0x00000000e6600000|
| 103|0x00000000e6700000, 0x00000000e6700000, 0x00000000e6800000|  0%| F|  |TS  0|AC  0|TAMS 0x00000000e6700000, 0x00000000e6700000|
| 104|0x00000000e6800000, 0x00000000e6800000, 0x00000000e6900000|  0%| F|  |TS  0|AC  0|TAMS 0x00000000e6800000, 0x00000000e6800000|
| 105|0x00000000e6900000, 0x00000000e6900000, 0x00000000e6a00000|  0%| F|  |TS  0|AC  0|TAMS 0x00000000e6900000, 0x00000000e6900000|
| 106|0x00000000e6a00000, 0x00000000e6a00000, 0x00000000e6b00000|  0%| F|  |TS  0|AC  0|TAMS 0x00000000e6a00000, 0x00000000e6a00000|
| 107|0x00000000e6b00000, 0x00000000e6b00000, 0x00000000e6c00000|  0%| F|  |TS  0|AC  0|TAMS 0x00000000e6b00000, 0x00000000e6b00000|
| 108|0x00000000e6c00000, 0x00000000e6c00000, 0x00000000e6d00000|  0%| F|  |TS  0|AC  0|TAMS 0x00000000e6c00000, 0x00000000e6c00000|
| 109|0x00000000e6d00000, 0x00000000e6d00000, 0x00000000e6e00000|  0%| F|  |TS  0|AC  0|TAMS 0x00000000e6d00000, 0x00000000e6d00000|
| 110|0x00000000e6e00000, 0x00000000e6e00000, 0x00000000e6f00000|  0%| F|  |TS  0|AC  0|TAMS 0x00000000e6e00000, 0x00000000e6e00000|
| 111|0x00000000e6f00000, 0x00000000e6f00000, 0x00000000e7000000|  0%| F|  |TS  0|AC  0|TAMS 0x00000000e6f00000, 0x00000000e6f00000|
| 112|0x00000000e7000000, 0x00000000e7000000, 0x00000000e7100000|  0%| F|  |TS  0|AC  0|TAMS 0x00000000e7000000, 0x00000000e7000000|
| 113|0x00000000e7100000, 0x00000000e7100000, 0x00000000e7200000|  0%| F|  |TS  0|AC  0|TAMS 0x00000000e7100000, 0x00000000e7100000|
| 114|0x00000000e7200000, 0x00000000e7200000, 0x00000000e7300000|  0%| F|  |TS  0|AC  0|TAMS 0x00000000e7200000, 0x00000000e7200000|
| 115|0x00000000e7300000, 0x00000000e7300000, 0x00000000e7400000|  0%| F|  |TS  0|AC  0|TAMS 0x00000000e7300000, 0x00000000e7300000|
| 116|0x00000000e7400000, 0x00000000e7400000, 0x00000000e7500000|  0%| F|  |TS  0|AC  0|TAMS 0x00000000e7400000, 0x00000000e7400000|
| 117|0x00000000e7500000, 0x00000000e7500000, 0x00000000e7600000|  0%| F|  |TS  0|AC  0|TAMS 0x00000000e7500000, 0x00000000e7500000|
| 118|0x00000000e7600000, 0x00000000e7600000, 0x00000000e7700000|  0%| F|  |TS  0|AC  0|TAMS 0x00000000e7600000, 0x00000000e7600000|
| 119|0x00000000e7700000, 0x00000000e7700000, 0x00000000e7800000|  0%| F|  |TS  0|AC  0|TAMS 0x00000000e7700000, 0x00000000e7700000|
| 120|0x00000000e7800000, 0x00000000e7800000, 0x00000000e7900000|  0%| F|  |TS  0|AC  0|TAMS 0x00000000e7800000, 0x00000000e7800000|
| 121|0x00000000e7900000, 0x00000000e7900000, 0x00000000e7a00000|  0%| F|  |TS  0|AC  0|TAMS 0x00000000e7900000, 0x00000000e7900000|
| 122|0x00000000e7a00000, 0x00000000e7a00000, 0x00000000e7b00000|  0%| F|  |TS  0|AC  0|TAMS 0x00000000e7a00000, 0x00000000e7a00000|
| 123|0x00000000e7b00000, 0x00000000e7b00000, 0x00000000e7c00000|  0%| F|  |TS  0|AC  0|TAMS 0x00000000e7b00000, 0x00000000e7b00000|
| 124|0x00000000e7c00000, 0x00000000e7c00000, 0x00000000e7d00000|  0%| F|  |TS  0|AC  0|TAMS 0x00000000e7c00000, 0x00000000e7c00000|
| 125|0x00000000e7d00000, 0x00000000e7d00000, 0x00000000e7e00000|  0%| F|  |TS  0|AC  0|TAMS 0x00000000e7d00000, 0x00000000e7d00000|
| 126|0x00000000e7e00000, 0x00000000e7e00000, 0x00000000e7f00000|  0%| F|  |TS  0|AC  0|TAMS 0x00000000e7e00000, 0x00000000e7e00000|
| 127|0x00000000e7f00000, 0x00000000e7f00000, 0x00000000e8000000|  0%| F|  |TS  0|AC  0|TAMS 0x00000000e7f00000, 0x00000000e7f00000|
| 128|0x00000000e8000000, 0x00000000e8000000, 0x00000000e8100000|  0%| F|  |TS  0|AC  0|TAMS 0x00000000e8000000, 0x00000000e8000000|
| 129|0x00000000e8100000, 0x00000000e8100000, 0x00000000e8200000|  0%| F|  |TS  0|AC  0|TAMS 0x00000000e8100000, 0x00000000e8100000|
| 130|0x00000000e8200000, 0x00000000e8200000, 0x00000000e8300000|  0%| F|  |TS  0|AC  0|TAMS 0x00000000e8200000, 0x00000000e8200000|
| 131|0x00000000e8300000, 0x00000000e8300000, 0x00000000e8400000|  0%| F|  |TS  0|AC  0|TAMS 0x00000000e8300000, 0x00000000e8300000|
| 132|0x00000000e8400000, 0x00000000e8400000, 0x00000000e8500000|  0%| F|  |TS  0|AC  0|TAMS 0x00000000e8400000, 0x00000000e8400000|
| 133|0x00000000e8500000, 0x00000000e8500000, 0x00000000e8600000|  0%| F|  |TS  0|AC  0|TAMS 0x00000000e8500000, 0x00000000e8500000|
| 134|0x00000000e8600000, 0x00000000e8600000, 0x00000000e8700000|  0%| F|  |TS  0|AC  0|TAMS 0x00000000e8600000, 0x00000000e8600000|
| 135|0x00000000e8700000, 0x00000000e8700000, 0x00000000e8800000|  0%| F|  |TS  0|AC  0|TAMS 0x00000000e8700000, 0x00000000e8700000|
| 136|0x00000000e8800000, 0x00000000e8800000, 0x00000000e8900000|  0%| F|  |TS  0|AC  0|TAMS 0x00000000e8800000, 0x00000000e8800000|
| 137|0x00000000e8900000, 0x00000000e8900000, 0x00000000e8a00000|  0%| F|  |TS  0|AC  0|TAMS 0x00000000e8900000, 0x00000000e8900000|
| 138|0x00000000e8a00000, 0x00000000e8a00000, 0x00000000e8b00000|  0%| F|  |TS  0|AC  0|TAMS 0x00000000e8a00000, 0x00000000e8a00000|
| 139|0x00000000e8b00000, 0x00000000e8b00000, 0x00000000e8c00000|  0%| F|  |TS  0|AC  0|TAMS 0x00000000e8b00000, 0x00000000e8b00000|
| 140|0x00000000e8c00000, 0x00000000e8c00000, 0x00000000e8d00000|  0%| F|  |TS  0|AC  0|TAMS 0x00000000e8c00000, 0x00000000e8c00000|
| 141|0x00000000e8d00000, 0x00000000e8d00000, 0x00000000e8e00000|  0%| F|  |TS  0|AC  0|TAMS 0x00000000e8d00000, 0x00000000e8d00000|
| 142|0x00000000e8e00000, 0x00000000e8e00000, 0x00000000e8f00000|  0%| F|  |TS  0|AC  0|TAMS 0x00000000e8e00000, 0x00000000e8e00000|
| 143|0x00000000e8f00000, 0x00000000e8f00000, 0x00000000e9000000|  0%| F|  |TS  0|AC  0|TAMS 0x00000000e8f00000, 0x00000000e8f00000|
| 144|0x00000000e9000000, 0x00000000e9000000, 0x00000000e9100000|  0%| F|  |TS  0|AC  0|TAMS 0x00000000e9000000, 0x00000000e9000000|
| 145|0x00000000e9100000, 0x00000000e9100000, 0x00000000e9200000|  0%| F|  |TS  0|AC  0|TAMS 0x00000000e9100000, 0x00000000e9100000|
| 146|0x00000000e9200000, 0x00000000e9200000, 0x00000000e9300000|  0%| F|  |TS  0|AC  0|TAMS 0x00000000e9200000, 0x00000000e9200000|
| 147|0x00000000e9300000, 0x00000000e9300000, 0x00000000e9400000|  0%| F|  |TS  0|AC  0|TAMS 0x00000000e9300000, 0x00000000e9300000|
| 148|0x00000000e9400000, 0x00000000e9400000, 0x00000000e9500000|  0%| F|  |TS  0|AC  0|TAMS 0x00000000e9400000, 0x00000000e9400000|
| 149|0x00000000e9500000, 0x00000000e9500000, 0x00000000e9600000|  0%| F|  |TS  0|AC  0|TAMS 0x00000000e9500000, 0x00000000e9500000|
| 150|0x00000000e9600000, 0x00000000e9600000, 0x00000000e9700000|  0%| F|  |TS  0|AC  0|TAMS 0x00000000e9600000, 0x00000000e9600000|
| 151|0x00000000e9700000, 0x00000000e9700000, 0x00000000e9800000|  0%| F|  |TS  0|AC  0|TAMS 0x00000000e9700000, 0x00000000e9700000|
| 152|0x00000000e9800000, 0x00000000e9800000, 0x00000000e9900000|  0%| F|  |TS  0|AC  0|TAMS 0x00000000e9800000, 0x00000000e9800000|
| 153|0x00000000e9900000, 0x00000000e9900000, 0x00000000e9a00000|  0%| F|  |TS  0|AC  0|TAMS 0x00000000e9900000, 0x00000000e9900000|
| 154|0x00000000e9a00000, 0x00000000e9a00000, 0x00000000e9b00000|  0%| F|  |TS  0|AC  0|TAMS 0x00000000e9a00000, 0x00000000e9a00000|
| 155|0x00000000e9b00000, 0x00000000e9b00000, 0x00000000e9c00000|  0%| F|  |TS  0|AC  0|TAMS 0x00000000e9b00000, 0x00000000e9b00000|
| 156|0x00000000e9c00000, 0x00000000e9c00000, 0x00000000e9d00000|  0%| F|  |TS  0|AC  0|TAMS 0x00000000e9c00000, 0x00000000e9c00000|
| 157|0x00000000e9d00000, 0x00000000e9d00000, 0x00000000e9e00000|  0%| F|  |TS  0|AC  0|TAMS 0x00000000e9d00000, 0x00000000e9d00000|
| 158|0x00000000e9e00000, 0x00000000e9e00000, 0x00000000e9f00000|  0%| F|  |TS  0|AC  0|TAMS 0x00000000e9e00000, 0x00000000e9e00000|
| 159|0x00000000e9f00000, 0x00000000e9f00000, 0x00000000ea000000|  0%| F|  |TS  0|AC  0|TAMS 0x00000000e9f00000, 0x00000000e9f00000|
| 160|0x00000000ea000000, 0x00000000ea0630c0, 0x00000000ea100000| 38%| S|CS|TS  0|AC  0|TAMS 0x00000000ea000000, 0x00000000ea000000|
| 161|0x00000000ea100000, 0x00000000ea200000, 0x00000000ea200000|100%| S|CS|TS  0|AC  0|TAMS 0x00000000ea100000, 0x00000000ea100000|
| 162|0x00000000ea200000, 0x00000000ea300000, 0x00000000ea300000|100%| S|CS|TS  0|AC  0|TAMS 0x00000000ea200000, 0x00000000ea200000|
| 163|0x00000000ea300000, 0x00000000ea400000, 0x00000000ea400000|100%| S|CS|TS  0|AC  0|TAMS 0x00000000ea300000, 0x00000000ea300000|
| 164|0x00000000ea400000, 0x00000000ea500000, 0x00000000ea500000|100%| S|CS|TS  0|AC  0|TAMS 0x00000000ea400000, 0x00000000ea400000|
| 165|0x00000000ea500000, 0x00000000ea600000, 0x00000000ea600000|100%| S|CS|TS  0|AC  0|TAMS 0x00000000ea500000, 0x00000000ea500000|
| 166|0x00000000ea600000, 0x00000000ea700000, 0x00000000ea700000|100%| S|CS|TS  0|AC  0|TAMS 0x00000000ea600000, 0x00000000ea600000|
| 167|0x00000000ea700000, 0x00000000ea800000, 0x00000000ea800000|100%| S|CS|TS  0|AC  0|TAMS 0x00000000ea700000, 0x00000000ea700000|
| 168|0x00000000ea800000, 0x00000000ea900000, 0x00000000ea900000|100%| S|CS|TS  0|AC  0|TAMS 0x00000000ea800000, 0x00000000ea800000|
| 169|0x00000000ea900000, 0x00000000eaa00000, 0x00000000eaa00000|100%| S|CS|TS  0|AC  0|TAMS 0x00000000ea900000, 0x00000000ea900000|
| 170|0x00000000eaa00000, 0x00000000eab00000, 0x00000000eab00000|100%| S|CS|TS  0|AC  0|TAMS 0x00000000eaa00000, 0x00000000eaa00000|
| 171|0x00000000eab00000, 0x00000000eab00000, 0x00000000eac00000|  0%| F|  |TS  0|AC  0|TAMS 0x00000000eab00000, 0x00000000eab00000|
| 172|0x00000000eac00000, 0x00000000eac00000, 0x00000000ead00000|  0%| F|  |TS  0|AC  0|TAMS 0x00000000eac00000, 0x00000000eac00000|
| 173|0x00000000ead00000, 0x00000000ead00000, 0x00000000eae00000|  0%| F|  |TS  0|AC  0|TAMS 0x00000000ead00000, 0x00000000ead00000|
| 174|0x00000000eae00000, 0x00000000eae00000, 0x00000000eaf00000|  0%| F|  |TS  0|AC  0|TAMS 0x00000000eae00000, 0x00000000eae00000|
| 175|0x00000000eaf00000, 0x00000000eaf00000, 0x00000000eb000000|  0%| F|  |TS  0|AC  0|TAMS 0x00000000eaf00000, 0x00000000eaf00000|
| 176|0x00000000eb000000, 0x00000000eb000000, 0x00000000eb100000|  0%| F|  |TS  0|AC  0|TAMS 0x00000000eb000000, 0x00000000eb000000|
| 177|0x00000000eb100000, 0x00000000eb100000, 0x00000000eb200000|  0%| F|  |TS  0|AC  0|TAMS 0x00000000eb100000, 0x00000000eb100000|
| 178|0x00000000eb200000, 0x00000000eb200000, 0x00000000eb300000|  0%| F|  |TS  0|AC  0|TAMS 0x00000000eb200000, 0x00000000eb200000|
| 179|0x00000000eb300000, 0x00000000eb300000, 0x00000000eb400000|  0%| F|  |TS  0|AC  0|TAMS 0x00000000eb300000, 0x00000000eb300000|
| 180|0x00000000eb400000, 0x00000000eb400000, 0x00000000eb500000|  0%| F|  |TS  0|AC  0|TAMS 0x00000000eb400000, 0x00000000eb400000|
| 181|0x00000000eb500000, 0x00000000eb5f5468, 0x00000000eb600000| 95%| E|  |TS  0|AC  0|TAMS 0x00000000eb500000, 0x00000000eb500000|
| 182|0x00000000eb600000, 0x00000000eb700000, 0x00000000eb700000|100%| E|CS|TS  0|AC  0|TAMS 0x00000000eb600000, 0x00000000eb600000|
| 183|0x00000000eb700000, 0x00000000eb800000, 0x00000000eb800000|100%| E|CS|TS  0|AC  0|TAMS 0x00000000eb700000, 0x00000000eb700000|
| 184|0x00000000eb800000, 0x00000000eb900000, 0x00000000eb900000|100%| E|CS|TS  0|AC  0|TAMS 0x00000000eb800000, 0x00000000eb800000|
| 185|0x00000000eb900000, 0x00000000eba00000, 0x00000000eba00000|100%| E|CS|TS  0|AC  0|TAMS 0x00000000eb900000, 0x00000000eb900000|
| 186|0x00000000eba00000, 0x00000000ebb00000, 0x00000000ebb00000|100%| E|CS|TS  0|AC  0|TAMS 0x00000000eba00000, 0x00000000eba00000|
| 187|0x00000000ebb00000, 0x00000000ebc00000, 0x00000000ebc00000|100%| E|CS|TS  0|AC  0|TAMS 0x00000000ebb00000, 0x00000000ebb00000|
| 188|0x00000000ebc00000, 0x00000000ebd00000, 0x00000000ebd00000|100%| E|CS|TS  0|AC  0|TAMS 0x00000000ebc00000, 0x00000000ebc00000|
| 189|0x00000000ebd00000, 0x00000000ebe00000, 0x00000000ebe00000|100%| E|CS|TS  0|AC  0|TAMS 0x00000000ebd00000, 0x00000000ebd00000|
| 190|0x00000000ebe00000, 0x00000000ebf00000, 0x00000000ebf00000|100%| E|CS|TS  0|AC  0|TAMS 0x00000000ebe00000, 0x00000000ebe00000|
| 191|0x00000000ebf00000, 0x00000000ec000000, 0x00000000ec000000|100%| E|CS|TS  0|AC  0|TAMS 0x00000000ebf00000, 0x00000000ebf00000|
| 192|0x00000000ec000000, 0x00000000ec100000, 0x00000000ec100000|100%| E|CS|TS  0|AC  0|TAMS 0x00000000ec000000, 0x00000000ec000000|
| 193|0x00000000ec100000, 0x00000000ec200000, 0x00000000ec200000|100%| E|CS|TS  0|AC  0|TAMS 0x00000000ec100000, 0x00000000ec100000|
| 194|0x00000000ec200000, 0x00000000ec300000, 0x00000000ec300000|100%| E|CS|TS  0|AC  0|TAMS 0x00000000ec200000, 0x00000000ec200000|
| 195|0x00000000ec300000, 0x00000000ec400000, 0x00000000ec400000|100%| E|CS|TS  0|AC  0|TAMS 0x00000000ec300000, 0x00000000ec300000|
| 196|0x00000000ec400000, 0x00000000ec500000, 0x00000000ec500000|100%| E|CS|TS  0|AC  0|TAMS 0x00000000ec400000, 0x00000000ec400000|
| 197|0x00000000ec500000, 0x00000000ec600000, 0x00000000ec600000|100%| E|CS|TS  0|AC  0|TAMS 0x00000000ec500000, 0x00000000ec500000|
| 198|0x00000000ec600000, 0x00000000ec700000, 0x00000000ec700000|100%| E|CS|TS  0|AC  0|TAMS 0x00000000ec600000, 0x00000000ec600000|
| 199|0x00000000ec700000, 0x00000000ec800000, 0x00000000ec800000|100%| E|CS|TS  0|AC  0|TAMS 0x00000000ec700000, 0x00000000ec700000|
| 200|0x00000000ec800000, 0x00000000ec900000, 0x00000000ec900000|100%| E|CS|TS  0|AC  0|TAMS 0x00000000ec800000, 0x00000000ec800000|
| 201|0x00000000ec900000, 0x00000000eca00000, 0x00000000eca00000|100%| E|CS|TS  0|AC  0|TAMS 0x00000000ec900000, 0x00000000ec900000|
| 202|0x00000000eca00000, 0x00000000ecb00000, 0x00000000ecb00000|100%| E|CS|TS  0|AC  0|TAMS 0x00000000eca00000, 0x00000000eca00000|
| 203|0x00000000ecb00000, 0x00000000ecc00000, 0x00000000ecc00000|100%| E|CS|TS  0|AC  0|TAMS 0x00000000ecb00000, 0x00000000ecb00000|
| 204|0x00000000ecc00000, 0x00000000ecd00000, 0x00000000ecd00000|100%| E|CS|TS  0|AC  0|TAMS 0x00000000ecc00000, 0x00000000ecc00000|
| 205|0x00000000ecd00000, 0x00000000ece00000, 0x00000000ece00000|100%| E|CS|TS  0|AC  0|TAMS 0x00000000ecd00000, 0x00000000ecd00000|
| 206|0x00000000ece00000, 0x00000000ecf00000, 0x00000000ecf00000|100%| E|CS|TS  0|AC  0|TAMS 0x00000000ece00000, 0x00000000ece00000|
| 207|0x00000000ecf00000, 0x00000000ed000000, 0x00000000ed000000|100%| E|CS|TS  0|AC  0|TAMS 0x00000000ecf00000, 0x00000000ecf00000|
| 208|0x00000000ed000000, 0x00000000ed100000, 0x00000000ed100000|100%| E|CS|TS  0|AC  0|TAMS 0x00000000ed000000, 0x00000000ed000000|
| 209|0x00000000ed100000, 0x00000000ed200000, 0x00000000ed200000|100%| E|CS|TS  0|AC  0|TAMS 0x00000000ed100000, 0x00000000ed100000|
| 210|0x00000000ed200000, 0x00000000ed300000, 0x00000000ed300000|100%| E|CS|TS  0|AC  0|TAMS 0x00000000ed200000, 0x00000000ed200000|
| 211|0x00000000ed300000, 0x00000000ed400000, 0x00000000ed400000|100%| E|CS|TS  0|AC  0|TAMS 0x00000000ed300000, 0x00000000ed300000|
| 212|0x00000000ed400000, 0x00000000ed500000, 0x00000000ed500000|100%| E|CS|TS  0|AC  0|TAMS 0x00000000ed400000, 0x00000000ed400000|
| 213|0x00000000ed500000, 0x00000000ed600000, 0x00000000ed600000|100%| E|CS|TS  0|AC  0|TAMS 0x00000000ed500000, 0x00000000ed500000|
| 214|0x00000000ed600000, 0x00000000ed700000, 0x00000000ed700000|100%| E|CS|TS  0|AC  0|TAMS 0x00000000ed600000, 0x00000000ed600000|
| 215|0x00000000ed700000, 0x00000000ed800000, 0x00000000ed800000|100%| E|CS|TS  0|AC  0|TAMS 0x00000000ed700000, 0x00000000ed700000|
| 216|0x00000000ed800000, 0x00000000ed900000, 0x00000000ed900000|100%| E|CS|TS  0|AC  0|TAMS 0x00000000ed800000, 0x00000000ed800000|
| 217|0x00000000ed900000, 0x00000000eda00000, 0x00000000eda00000|100%| E|CS|TS  0|AC  0|TAMS 0x00000000ed900000, 0x00000000ed900000|
| 218|0x00000000eda00000, 0x00000000edb00000, 0x00000000edb00000|100%| E|CS|TS  0|AC  0|TAMS 0x00000000eda00000, 0x00000000eda00000|
| 219|0x00000000edb00000, 0x00000000edc00000, 0x00000000edc00000|100%| E|CS|TS  0|AC  0|TAMS 0x00000000edb00000, 0x00000000edb00000|
| 220|0x00000000edc00000, 0x00000000edd00000, 0x00000000edd00000|100%| E|CS|TS  0|AC  0|TAMS 0x00000000edc00000, 0x00000000edc00000|
| 221|0x00000000edd00000, 0x00000000ede00000, 0x00000000ede00000|100%| E|CS|TS  0|AC  0|TAMS 0x00000000edd00000, 0x00000000edd00000|
| 222|0x00000000ede00000, 0x00000000edf00000, 0x00000000edf00000|100%| E|CS|TS  0|AC  0|TAMS 0x00000000ede00000, 0x00000000ede00000|
| 223|0x00000000edf00000, 0x00000000ee000000, 0x00000000ee000000|100%| E|CS|TS  0|AC  0|TAMS 0x00000000edf00000, 0x00000000edf00000|
| 224|0x00000000ee000000, 0x00000000ee100000, 0x00000000ee100000|100%| E|CS|TS  0|AC  0|TAMS 0x00000000ee000000, 0x00000000ee000000|
| 225|0x00000000ee100000, 0x00000000ee200000, 0x00000000ee200000|100%| E|CS|TS  0|AC  0|TAMS 0x00000000ee100000, 0x00000000ee100000|
| 226|0x00000000ee200000, 0x00000000ee300000, 0x00000000ee300000|100%| E|CS|TS  0|AC  0|TAMS 0x00000000ee200000, 0x00000000ee200000|
| 227|0x00000000ee300000, 0x00000000ee400000, 0x00000000ee400000|100%| E|CS|TS  0|AC  0|TAMS 0x00000000ee300000, 0x00000000ee300000|
| 228|0x00000000ee400000, 0x00000000ee500000, 0x00000000ee500000|100%| E|CS|TS  0|AC  0|TAMS 0x00000000ee400000, 0x00000000ee400000|
| 229|0x00000000ee500000, 0x00000000ee600000, 0x00000000ee600000|100%| E|CS|TS  0|AC  0|TAMS 0x00000000ee500000, 0x00000000ee500000|
| 230|0x00000000ee600000, 0x00000000ee700000, 0x00000000ee700000|100%| E|CS|TS  0|AC  0|TAMS 0x00000000ee600000, 0x00000000ee600000|
| 231|0x00000000ee700000, 0x00000000ee800000, 0x00000000ee800000|100%| E|CS|TS  0|AC  0|TAMS 0x00000000ee700000, 0x00000000ee700000|
| 232|0x00000000ee800000, 0x00000000ee900000, 0x00000000ee900000|100%| E|CS|TS  0|AC  0|TAMS 0x00000000ee800000, 0x00000000ee800000|
| 233|0x00000000ee900000, 0x00000000eea00000, 0x00000000eea00000|100%| E|CS|TS  0|AC  0|TAMS 0x00000000ee900000, 0x00000000ee900000|
| 234|0x00000000eea00000, 0x00000000eeb00000, 0x00000000eeb00000|100%| E|CS|TS  0|AC  0|TAMS 0x00000000eea00000, 0x00000000eea00000|
| 235|0x00000000eeb00000, 0x00000000eec00000, 0x00000000eec00000|100%| E|CS|TS  0|AC  0|TAMS 0x00000000eeb00000, 0x00000000eeb00000|
| 236|0x00000000eec00000, 0x00000000eed00000, 0x00000000eed00000|100%| E|CS|TS  0|AC  0|TAMS 0x00000000eec00000, 0x00000000eec00000|
| 237|0x00000000eed00000, 0x00000000eee00000, 0x00000000eee00000|100%| E|CS|TS  0|AC  0|TAMS 0x00000000eed00000, 0x00000000eed00000|
| 238|0x00000000eee00000, 0x00000000eef00000, 0x00000000eef00000|100%| E|CS|TS  0|AC  0|TAMS 0x00000000eee00000, 0x00000000eee00000|
| 239|0x00000000eef00000, 0x00000000ef000000, 0x00000000ef000000|100%| E|CS|TS  0|AC  0|TAMS 0x00000000eef00000, 0x00000000eef00000|
| 240|0x00000000ef000000, 0x00000000ef100000, 0x00000000ef100000|100%| E|CS|TS  0|AC  0|TAMS 0x00000000ef000000, 0x00000000ef000000|
| 241|0x00000000ef100000, 0x00000000ef200000, 0x00000000ef200000|100%| E|CS|TS  0|AC  0|TAMS 0x00000000ef100000, 0x00000000ef100000|
| 242|0x00000000ef200000, 0x00000000ef300000, 0x00000000ef300000|100%| E|CS|TS  0|AC  0|TAMS 0x00000000ef200000, 0x00000000ef200000|
| 243|0x00000000ef300000, 0x00000000ef400000, 0x00000000ef400000|100%| E|CS|TS  0|AC  0|TAMS 0x00000000ef300000, 0x00000000ef300000|
| 244|0x00000000ef400000, 0x00000000ef500000, 0x00000000ef500000|100%| E|CS|TS  0|AC  0|TAMS 0x00000000ef400000, 0x00000000ef400000|
| 245|0x00000000ef500000, 0x00000000ef600000, 0x00000000ef600000|100%| E|CS|TS  0|AC  0|TAMS 0x00000000ef500000, 0x00000000ef500000|
| 246|0x00000000ef600000, 0x00000000ef700000, 0x00000000ef700000|100%| E|CS|TS  0|AC  0|TAMS 0x00000000ef600000, 0x00000000ef600000|
| 247|0x00000000ef700000, 0x00000000ef800000, 0x00000000ef800000|100%| E|CS|TS  0|AC  0|TAMS 0x00000000ef700000, 0x00000000ef700000|
| 248|0x00000000ef800000, 0x00000000ef900000, 0x00000000ef900000|100%| E|CS|TS  0|AC  0|TAMS 0x00000000ef800000, 0x00000000ef800000|
| 249|0x00000000ef900000, 0x00000000efa00000, 0x00000000efa00000|100%| E|CS|TS  0|AC  0|TAMS 0x00000000ef900000, 0x00000000ef900000|
| 250|0x00000000efa00000, 0x00000000efb00000, 0x00000000efb00000|100%| E|CS|TS  0|AC  0|TAMS 0x00000000efa00000, 0x00000000efa00000|
| 251|0x00000000efb00000, 0x00000000efc00000, 0x00000000efc00000|100%| E|CS|TS  0|AC  0|TAMS 0x00000000efb00000, 0x00000000efb00000|
| 252|0x00000000efc00000, 0x00000000efd00000, 0x00000000efd00000|100%| E|CS|TS  0|AC  0|TAMS 0x00000000efc00000, 0x00000000efc00000|
| 253|0x00000000efd00000, 0x00000000efe00000, 0x00000000efe00000|100%| E|CS|TS  0|AC  0|TAMS 0x00000000efd00000, 0x00000000efd00000|
| 254|0x00000000efe00000, 0x00000000eff00000, 0x00000000eff00000|100%| E|CS|TS  0|AC  0|TAMS 0x00000000efe00000, 0x00000000efe00000|
| 255|0x00000000eff00000, 0x00000000f0000000, 0x00000000f0000000|100%| E|CS|TS  0|AC  0|TAMS 0x00000000eff00000, 0x00000000eff00000|

Card table byte_map: [0x000002fe5f520000,0x000002fe5f620000] byte_map_base: 0x000002fe5ee20000

Marking Bits (Prev, Next): (CMBitMap*) 0x000002fe44db84b8, (CMBitMap*) 0x000002fe44db8480
 Prev Bits: [0x000002fe5ff20000, 0x000002fe60720000)
 Next Bits: [0x000002fe5f720000, 0x000002fe5ff20000)

Polling page: 0x000002fe427d0000

CodeHeap 'non-profiled nmethods': size=120000Kb used=1216Kb max_used=1216Kb free=118783Kb
 bounds [0x000002fe57bc0000, 0x000002fe57e30000, 0x000002fe5f0f0000]
CodeHeap 'profiled nmethods': size=120000Kb used=6024Kb max_used=6024Kb free=113975Kb
 bounds [0x000002fe50690000, 0x000002fe50c80000, 0x000002fe57bc0000]
CodeHeap 'non-nmethods': size=5760Kb used=1160Kb max_used=1213Kb free=4599Kb
 bounds [0x000002fe500f0000, 0x000002fe50360000, 0x000002fe50690000]
 total_blobs=3832 nmethods=2803 adapters=408
 compilation: enabled

Compilation events (10 events):
Event: 3.880 Thread 0x000002fe63a14000 nmethod 2782 0x000002fe50c5e690 code [0x000002fe50c5e840, 0x000002fe50c5e9b8]
Event: 3.911 Thread 0x000002fe63a14000 2783       2       java.util.concurrent.ConcurrentHashMap::containsKey (14 bytes)
Event: 3.912 Thread 0x000002fe63a14000 nmethod 2783 0x000002fe50c5ea90 code [0x000002fe50c5ec40, 0x000002fe50c5edd0]
Event: 3.918 Thread 0x000002fe63a14000 2784       2       org.objectweb.asm.Label::accept (65 bytes)
Event: 3.919 Thread 0x000002fe63a14000 nmethod 2784 0x000002fe50c5ee90 code [0x000002fe50c5f080, 0x000002fe50c5f370]
Event: 3.919 Thread 0x000002fe63a14000 2785       2       org.objectweb.asm.Label::addLineNumber (89 bytes)
Event: 3.919 Thread 0x000002fe63a14000 nmethod 2785 0x000002fe50c5f510 code [0x000002fe50c5f6e0, 0x000002fe50c5fb70]
Event: 3.919 Thread 0x000002fe63a14000 2786       2       org.objectweb.asm.MethodWriter::visitLineNumber (50 bytes)
Event: 3.919 Thread 0x000002fe63a14000 nmethod 2786 0x000002fe50c5fd10 code [0x000002fe50c5fee0, 0x000002fe50c60280]
Event: 3.919 Thread 0x000002fe63a14000 2787       2       org.objectweb.asm.MethodWriter::visitJumpInsn (495 bytes)

GC Heap History (4 events):
Event: 0.645 GC heap before
{Heap before GC invocations=0 (full 0):
 garbage-first heap   total 262144K, used 30720K [0x00000000e0000000, 0x0000000100000000)
  region size 1024K, 24 young (24576K), 0 survivors (0K)
 Metaspace       used 10851K, capacity 11132K, committed 11264K, reserved 264192K
  class space    used 1107K, capacity 1186K, committed 1280K, reserved 253952K
}
Event: 0.649 GC heap after
{Heap after GC invocations=1 (full 0):
 garbage-first heap   total 262144K, used 8523K [0x00000000e0000000, 0x0000000100000000)
  region size 1024K, 3 young (3072K), 3 survivors (3072K)
 Metaspace       used 10851K, capacity 11132K, committed 11264K, reserved 264192K
  class space    used 1107K, capacity 1186K, committed 1280K, reserved 253952K
}
Event: 2.594 GC heap before
{Heap before GC invocations=1 (full 0):
 garbage-first heap   total 262144K, used 92491K [0x00000000e0000000, 0x0000000100000000)
  region size 1024K, 85 young (87040K), 3 survivors (3072K)
 Metaspace       used 20676K, capacity 21054K, committed 21296K, reserved 274432K
  class space    used 2497K, capacity 2657K, committed 2688K, reserved 253952K
}
Event: 2.604 GC heap after
{Heap after GC invocations=2 (full 0):
 garbage-first heap   total 262144K, used 16087K [0x00000000e0000000, 0x0000000100000000)
  region size 1024K, 11 young (11264K), 11 survivors (11264K)
 Metaspace       used 20676K, capacity 21054K, committed 21296K, reserved 274432K
  class space    used 2497K, capacity 2657K, committed 2688K, reserved 253952K
}

Deoptimization events (10 events):
Event: 3.409 Thread 0x000002fe6511e800 Uncommon trap: reason=unstable_if action=reinterpret pc=0x000002fe57cd3320 method=java.lang.String.regionMatches(ZILjava/lang/String;II)Z @ 36 c2
Event: 3.411 Thread 0x000002fe6511e800 Uncommon trap: reason=unstable_if action=reinterpret pc=0x000002fe57cc2800 method=java.lang.ClassLoader.getClassLoadingLock(Ljava/lang/String;)Ljava/lang/Object; @ 6 c2
Event: 3.490 Thread 0x000002fe6511e800 Uncommon trap: reason=class_check action=maybe_recompile pc=0x000002fe57ca4f50 method=java.util.Collections$SetFromMap.remove(Ljava/lang/Object;)Z @ 5 c2
Event: 3.510 Thread 0x000002fe6511e800 Uncommon trap: reason=class_check action=maybe_recompile pc=0x000002fe57ca4f50 method=java.util.Collections$SetFromMap.remove(Ljava/lang/Object;)Z @ 5 c2
Event: 3.511 Thread 0x000002fe6511e800 Uncommon trap: reason=class_check action=maybe_recompile pc=0x000002fe57ca4f50 method=java.util.Collections$SetFromMap.remove(Ljava/lang/Object;)Z @ 5 c2
Event: 3.519 Thread 0x000002fe6511e800 Uncommon trap: reason=class_check action=maybe_recompile pc=0x000002fe57ca4f50 method=java.util.Collections$SetFromMap.remove(Ljava/lang/Object;)Z @ 5 c2
Event: 3.593 Thread 0x000002fe6511e800 Uncommon trap: reason=unstable_if action=reinterpret pc=0x000002fe57cb0954 method=java.util.HashMap.hash(Ljava/lang/Object;)I @ 1 c2
Event: 3.593 Thread 0x000002fe6511e800 Uncommon trap: reason=unstable_if action=reinterpret pc=0x000002fe57c948ac method=java.util.HashMap.hash(Ljava/lang/Object;)I @ 1 c2
Event: 3.685 Thread 0x000002fe6511e800 Uncommon trap: reason=unstable_if action=reinterpret pc=0x000002fe57ca411c method=java.util.HashMap.hash(Ljava/lang/Object;)I @ 1 c2
Event: 3.685 Thread 0x000002fe6511e800 Uncommon trap: reason=unstable_if action=reinterpret pc=0x000002fe57c69790 method=java.util.HashMap.hash(Ljava/lang/Object;)I @ 1 c2

Classes redefined (0 events):
No events

Internal exceptions (10 events):
Event: 3.468 Thread 0x000002fe6511e800 Exception <a 'java/lang/ClassNotFoundException'{0x00000000ed146450}: org/gradle/api/internal/project/AbstractPluginAwareBeanInfo> (0x00000000ed146450) thrown at [t:/workspace/open/src/hotspot/share/classfile/systemDictionary.cpp, line 233]
Event: 3.469 Thread 0x000002fe6511e800 Exception <a 'java/lang/ClassNotFoundException'{0x00000000ed169b30}: org/gradle/api/internal/project/AbstractPluginAwareCustomizer> (0x00000000ed169b30) thrown at [t:/workspace/open/src/hotspot/share/classfile/systemDictionary.cpp, line 233]
Event: 3.471 Thread 0x000002fe6511e800 Exception <a 'java/lang/ClassNotFoundException'{0x00000000ed191988}: org/gradle/initialization/DefaultSettingsCustomizer> (0x00000000ed191988) thrown at [t:/workspace/open/src/hotspot/share/classfile/systemDictionary.cpp, line 233]
Event: 3.475 Thread 0x000002fe6511e800 Exception <a 'java/lang/ClassNotFoundException'{0x00000000ed1dab40}: org/gradle/initialization/DefaultSettings_DecoratedCustomizer> (0x00000000ed1dab40) thrown at [t:/workspace/open/src/hotspot/share/classfile/systemDictionary.cpp, line 233]
Event: 3.483 Thread 0x000002fe6511e800 Exception <a 'java/lang/ClassNotFoundException'{0x00000000ed077b20}: org/gradle/initialization/DefaultProjectDescriptorBeanInfo> (0x00000000ed077b20) thrown at [t:/workspace/open/src/hotspot/share/classfile/systemDictionary.cpp, line 233]
Event: 3.483 Thread 0x000002fe6511e800 Exception <a 'java/lang/ClassNotFoundException'{0x00000000ed0986b0}: org/gradle/initialization/DefaultProjectDescriptorCustomizer> (0x00000000ed0986b0) thrown at [t:/workspace/open/src/hotspot/share/classfile/systemDictionary.cpp, line 233]
Event: 3.593 Thread 0x000002fe6511e800 Implicit null exception at 0x000002fe57cb0775 to 0x000002fe57cb0942
Event: 3.593 Thread 0x000002fe6511e800 Implicit null exception at 0x000002fe57c9482f to 0x000002fe57c9489d
Event: 3.685 Thread 0x000002fe6511e800 Implicit null exception at 0x000002fe57ca3ef4 to 0x000002fe57ca4112
Event: 3.685 Thread 0x000002fe6511e800 Implicit null exception at 0x000002fe57c696f8 to 0x000002fe57c69786

Events (10 events):
Event: 3.914 loading class org/gradle/tooling/model/internal/outcomes/GradleBuildOutcome
Event: 3.914 loading class org/gradle/tooling/model/internal/outcomes/GradleBuildOutcome done
Event: 3.915 loading class org/gradle/buildinit/plugins/BuildInitPlugin
Event: 3.915 loading class org/gradle/buildinit/plugins/BuildInitPlugin done
Event: 3.916 loading class org/gradle/api/internal/collections/AbstractIterationOrderRetainingElementSource$ValuePointer
Event: 3.916 loading class org/gradle/api/internal/collections/AbstractIterationOrderRetainingElementSource$ValuePointer done
Event: 3.917 loading class org/gradle/buildinit/tasks/InitBuild
Event: 3.917 loading class org/gradle/buildinit/tasks/InitBuild done
Event: 3.919 loading class org/objectweb/asm/Handle
Event: 3.919 loading class org/objectweb/asm/Handle done


Dynamic libraries:
0x00007ff7fb4b0000 - 0x00007ff7fb4ee000 	D:\JavaSDK\bin\java.exe
0x00007ffd471a0000 - 0x00007ffd47390000 	C:\WINDOWS\SYSTEM32\ntdll.dll
0x00007ffd46aa0000 - 0x00007ffd46b52000 	C:\WINDOWS\System32\KERNEL32.DLL
0x00007ffd442c0000 - 0x00007ffd44563000 	C:\WINDOWS\System32\KERNELBASE.dll
0x00007ffd46460000 - 0x00007ffd46503000 	C:\WINDOWS\System32\ADVAPI32.dll
0x00007ffd45310000 - 0x00007ffd453ae000 	C:\WINDOWS\System32\msvcrt.dll
0x00007ffd45580000 - 0x00007ffd45617000 	C:\WINDOWS\System32\sechost.dll
0x00007ffd46d10000 - 0x00007ffd46e30000 	C:\WINDOWS\System32\RPCRT4.dll
0x00007ffd46e30000 - 0x00007ffd46fc4000 	C:\WINDOWS\System32\USER32.dll
0x00007ffd44570000 - 0x00007ffd44591000 	C:\WINDOWS\System32\win32u.dll
0x00007ffd45250000 - 0x00007ffd45276000 	C:\WINDOWS\System32\GDI32.dll
0x00007ffd445a0000 - 0x00007ffd44734000 	C:\WINDOWS\System32\gdi32full.dll
0x00007ffd451b0000 - 0x00007ffd4524e000 	C:\WINDOWS\System32\msvcp_win.dll
0x00007ffd450b0000 - 0x00007ffd451aa000 	C:\WINDOWS\System32\ucrtbase.dll
0x00007ffd34c20000 - 0x00007ffd34ea5000 	C:\WINDOWS\WinSxS\amd64_microsoft.windows.common-controls_6595b64144ccf1df_6.0.18362.535_none_e6c3b34713100821\COMCTL32.dll
0x00007ffd3d4f0000 - 0x00007ffd3d4fa000 	C:\WINDOWS\SYSTEM32\VERSION.dll
0x00007ffd466e0000 - 0x00007ffd46a16000 	C:\WINDOWS\System32\combase.dll
0x00007ffd448b0000 - 0x00007ffd44930000 	C:\WINDOWS\System32\bcryptPrimitives.dll
0x00007ffd45a90000 - 0x00007ffd45abe000 	C:\WINDOWS\System32\IMM32.DLL
0x00007ffd25060000 - 0x00007ffd2514f000 	D:\JavaSDK\bin\msvcr120.dll
0x00007ffd08300000 - 0x00007ffd083a6000 	D:\JavaSDK\bin\msvcp120.dll
0x0000000063ce0000 - 0x0000000064750000 	D:\JavaSDK\bin\server\jvm.dll
0x00007ffd47150000 - 0x00007ffd47158000 	C:\WINDOWS\System32\PSAPI.DLL
0x00007ffd33310000 - 0x00007ffd33319000 	C:\WINDOWS\SYSTEM32\WSOCK32.dll
0x00007ffd3b630000 - 0x00007ffd3b654000 	C:\WINDOWS\SYSTEM32\WINMM.dll
0x00007ffd453b0000 - 0x00007ffd4541f000 	C:\WINDOWS\System32\WS2_32.dll
0x00007ffd3b600000 - 0x00007ffd3b62d000 	C:\WINDOWS\SYSTEM32\winmmbase.dll
0x00007ffd441e0000 - 0x00007ffd4422a000 	C:\WINDOWS\System32\cfgmgr32.dll
0x00007ffd407d0000 - 0x00007ffd407df000 	D:\JavaSDK\bin\verify.dll
0x00007ffd42930000 - 0x00007ffd42b24000 	C:\WINDOWS\SYSTEM32\DBGHELP.DLL
0x00007ffd32450000 - 0x00007ffd3247a000 	C:\WINDOWS\SYSTEM32\dbgcore.DLL
0x00007ffd3e1e0000 - 0x00007ffd3e207000 	D:\JavaSDK\bin\java.dll
0x00007ffd3c6b0000 - 0x00007ffd3c6c6000 	D:\JavaSDK\bin\zip.dll
0x00007ffd3e240000 - 0x00007ffd3e24a000 	D:\JavaSDK\bin\jimage.dll
0x00007ffd45d70000 - 0x00007ffd46455000 	C:\WINDOWS\System32\SHELL32.dll
0x00007ffd45c60000 - 0x00007ffd45d09000 	C:\WINDOWS\System32\shcore.dll
0x00007ffd44930000 - 0x00007ffd450af000 	C:\WINDOWS\System32\windows.storage.dll
0x00007ffd440f0000 - 0x00007ffd4410f000 	C:\WINDOWS\System32\profapi.dll
0x00007ffd44080000 - 0x00007ffd440ca000 	C:\WINDOWS\System32\powrprof.dll
0x00007ffd44070000 - 0x00007ffd44080000 	C:\WINDOWS\System32\UMPDC.dll
0x00007ffd45bf0000 - 0x00007ffd45c42000 	C:\WINDOWS\System32\shlwapi.dll
0x00007ffd440d0000 - 0x00007ffd440e1000 	C:\WINDOWS\System32\kernel.appcore.dll
0x00007ffd44890000 - 0x00007ffd448a7000 	C:\WINDOWS\System32\cryptsp.dll
0x00007ffd35120000 - 0x00007ffd3513a000 	D:\JavaSDK\bin\net.dll
0x00007ffd392b0000 - 0x00007ffd393a0000 	C:\WINDOWS\SYSTEM32\WINHTTP.dll
0x00007ffd43880000 - 0x00007ffd438e7000 	C:\WINDOWS\system32\mswsock.dll
0x00007ffd260f0000 - 0x00007ffd26101000 	D:\JavaSDK\bin\nio.dll
0x00007ffd24fe0000 - 0x00007ffd25006000 	C:\Users\asus\.gradle\native\30\windows-amd64\native-platform.dll
0x00007ffd350c0000 - 0x00007ffd350c9000 	D:\JavaSDK\bin\management.dll
0x00007ffd26120000 - 0x00007ffd2612a000 	D:\JavaSDK\bin\management_ext.dll
0x00007ffd433f0000 - 0x00007ffd43423000 	C:\WINDOWS\system32\rsaenh.dll
0x00007ffd44290000 - 0x00007ffd442b6000 	C:\WINDOWS\System32\bcrypt.dll
0x00007ffd43f90000 - 0x00007ffd43fb5000 	C:\WINDOWS\SYSTEM32\USERENV.dll
0x00007ffd43ab0000 - 0x00007ffd43abc000 	C:\WINDOWS\SYSTEM32\CRYPTBASE.dll
0x00007ffd43590000 - 0x00007ffd435ca000 	C:\WINDOWS\SYSTEM32\IPHLPAPI.DLL
0x00007ffd45280000 - 0x00007ffd45288000 	C:\WINDOWS\System32\NSI.dll
0x00007ffd3c5c0000 - 0x00007ffd3c5d6000 	C:\WINDOWS\SYSTEM32\dhcpcsvc6.DLL
0x00007ffd3c490000 - 0x00007ffd3c4ac000 	C:\WINDOWS\SYSTEM32\dhcpcsvc.DLL
0x00007ffd435d0000 - 0x00007ffd4369a000 	C:\WINDOWS\SYSTEM32\DNSAPI.dll

dbghelp: loaded successfully - version: 4.0.5 - missing functions: none
symbol engine: initialized successfully - sym options: 0x614 - pdb path: .;D:\JavaSDK\bin;C:\WINDOWS\SYSTEM32;C:\WINDOWS\WinSxS\amd64_microsoft.windows.common-controls_6595b64144ccf1df_6.0.18362.535_none_e6c3b34713100821;D:\JavaSDK\bin\server;C:\Users\asus\.gradle\native\30\windows-amd64

VM Arguments:
jvm_args: --add-opens=java.base/java.util=ALL-UNNAMED --add-opens=java.base/java.lang=ALL-UNNAMED --add-opens=java.base/java.lang.invoke=ALL-UNNAMED --add-opens=java.prefs/java.util.prefs=ALL-UNNAMED -XX:MaxMetaspaceSize=256m -XX:+HeapDumpOnOutOfMemoryError -Xms256m -Xmx512m -Dfile.encoding=GBK -Duser.country=CN -Duser.language=zh -Duser.variant 
java_command: org.gradle.launcher.daemon.bootstrap.GradleDaemon 5.6.4
java_class_path (initial): C:\Users\asus\.gradle\wrapper\dists\gradle-5.6.4-all\ankdp27end7byghfw1q2sw75f\gradle-5.6.4\lib\gradle-launcher-5.6.4.jar
Launcher Type: SUN_STANDARD

Logging:
Log output configuration:
#0: stdout all=warning uptime,level,tags
#1: stderr all=off uptime,level,tags

Environment Variables:
JAVA_HOME=D:\JavaSDK
CLASSPATH=G:\vueProject\server\server\\gradle\wrapper\gradle-wrapper.jar
PATH=C:\Program Files (x86)\Common Files\Oracle\Java\javapath;C:\Program Files\NVIDIA GPU Computing Toolkit\CUDA\v9.1\bin;C:\Program Files\NVIDIA GPU Computing Toolkit\CUDA\v9.1\libnvvp;C:\Program Files\Microsoft MPI\Bin\;F:\Python\Scripts\;F:\Python\;C:\Program Files (x86)\Intel\iCLS Client\;C:\Program Files\Intel\iCLS Client\;C:\Windows\system32;C:\Windows;C:\Windows\System32\Wbem;C:\Windows\System32\WindowsPowerShell\v1.0\;C:\Program Files (x86)\NVIDIA Corporation\PhysX\Common;C:\Program Files (x86)\Intel\Intel(R) Management Engine Components\DAL;C:\Program Files\Intel\Intel(R) Management Engine Components\DAL;C:\Program Files (x86)\Intel\Intel(R) Management Engine Components\IPT;C:\Program Files\Intel\Intel(R) Management Engine Components\IPT;C:\Program Files\Intel\WiFi\bin\;C:\Program Files\Common Files\Intel\WirelessCommon\;C:\Program Files\Microsoft SQL Server\130\Tools\Binn\;C:\Program Files (x86)\GtkSharp\2.12\bin;C:\WINDOWS\system32;C:\WINDOWS;C:\WINDOWS\System32\Wbem;C:\WINDOWS\System32\WindowsPowerShell\v1.0\;D:\opencv\build\x64\vc15\bin;D:\OpenCV2\opencv\build\x64\vc14\bin;C:\Program Files\NVIDIA GPU Computing Toolkit\CUDA\v9.1\lib\x64;C:\Program Files\NVIDIA GPU Computing Toolkit\CUDA\v9.1\include;C:\WINDOWS\System32\OpenSSH\;C:\Program Files\PuTTY\;D:\JavaSDK\jre\bin;D:\JavaSDK\bin;C:\Program Files\NVIDIA Corporation\NVIDIA NvDLISR;D:\node.js\;C:\Program Files\dotnet\;C:\Program Files (x86)\dotnet\;D:\Rational Rose\common;C:\Program Files\PostgreSQL\11\bin;D:\LoadRunner\strawberry-perl\perl\bin;C:\Program Files (x86)\HP\Unified Functional Testing\bin;C:\WINDOWS\system32;C:\WINDOWS;C:\WINDOWS\System32\Wbem;C:\WINDOWS\System32\WindowsPowerShell\v1.0\;C:\WINDOWS\System32\OpenSSH\;D:\Git\cmd;D:\Gradle\gradle-6.0\bin;C:\Program Files\MySQL\MySQL Shell 8.0\bin\;C:\Users\asus\AppData\Local\Microsoft\WindowsApps;C:\ProgramData\NVIDIA GPU Computing Toolkit\v8.0\bin;C:\Users\asus\AppData\Roaming\npm;D:\Microsoft VS Code Insiders\bin;C:\Users\asus\AppData\Local\Git
USERNAME=asus
OS=Windows_NT
PROCESSOR_IDENTIFIER=Intel64 Family 6 Model 158 Stepping 9, GenuineIntel



---------------  S Y S T E M  ---------------

OS: Windows 10 , 64 bit Build 18362 (10.0.18362.329)

CPU:total 8 (initial active 8) (4 cores per cpu, 2 threads per core) family 6 model 158 stepping 9, cmov, cx8, fxsr, mmx, sse, sse2, sse3, ssse3, sse4.1, sse4.2, popcnt, avx, avx2, aes, clmul, erms, 3dnowpref, lzcnt, ht, tsc, tscinvbit, bmi1, bmi2, adx, fma

Memory: 4k page, physical 8330580k(799424k free), swap 15783528k(19356k free)

vm_info: Java HotSpot(TM) 64-Bit Server VM (10.0.2+13) for windows-amd64 JRE (10.0.2+13), built on Jun 28 2018 01:57:56 by "mach5one" with MS VC++ 12.0 (VS2013)

END.
