#
# There is insufficient memory for the Java Runtime Environment to continue.
# Native memory allocation (malloc) failed to allocate 701936 bytes for Chunk::new
# Possible reasons:
#   The system is out of physical RAM or swap space
#   The process is running with CompressedOops enabled, and the Java Heap may be blocking the growth of the native heap
# Possible solutions:
#   Reduce memory load on the system
#   Increase physical memory or swap space
#   Check if swap backing store is full
#   Decrease Java heap size (-Xmx/-Xms)
#   Decrease number of Java threads
#   Decrease Java thread stack sizes (-Xss)
#   Set larger code cache with -XX:ReservedCodeCacheSize=
#   JVM is running with Unscaled Compressed Oops mode in which the Java heap is
#     placed in the first 4GB address space. The Java Heap base address is the
#     maximum limit for the native heap growth. Please use -XX:HeapBaseMinAddress
#     to set the Java Heap base and to place the Java Heap above 4GB virtual address.
# This output file may be truncated or incomplete.
#
#  Out of Memory Error (t:/workspace/open/src/hotspot/share/memory/arena.cpp:198), pid=23016, tid=25884
#
# JRE version: Java(TM) SE Runtime Environment (10.0.2+13) (build 10.0.2+13)
# Java VM: Java HotSpot(TM) 64-Bit Server VM (10.0.2+13, mixed mode, tiered, compressed oops, g1 gc, windows-amd64)
# No core dump will be written. Minidumps are not enabled by default on client versions of Windows
#

---------------  S U M M A R Y ------------

Command Line: --add-opens=java.base/java.util=ALL-UNNAMED --add-opens=java.base/java.lang=ALL-UNNAMED --add-opens=java.base/java.lang.invoke=ALL-UNNAMED --add-opens=java.prefs/java.util.prefs=ALL-UNNAMED -XX:MaxMetaspaceSize=256m -XX:+HeapDumpOnOutOfMemoryError -Xms256m -Xmx512m -Dfile.encoding=GBK -Duser.country=CN -Duser.language=zh -Duser.variant org.gradle.launcher.daemon.bootstrap.GradleDaemon 5.6.4

Host: Intel(R) Core(TM) i7-7700HQ CPU @ 2.80GHz, 8 cores, 7G,  Windows 10 , 64 bit Build 18362 (10.0.18362.329)
Time: Mon Dec 23 22:09:12 2019 ?D1¨²¡À¨º¡Á?¨º¡À?? elapsed time: 15 seconds (0d 0h 0m 15s)

---------------  T H R E A D  ---------------

Current thread (0x000001dffdf9d800):  JavaThread "C2 CompilerThread2" daemon [_thread_in_native, id=25884, stack(0x000000c081f00000,0x000000c082000000)]


Current CompileTask:
C2:  15266 4307       4       io.spring.gradle.dependencymanagement.org.codehaus.plexus.util.xml.pull.MXParser::parseStartTag (1210 bytes)

Stack: [0x000000c081f00000,0x000000c082000000]
Native frames: (J=compiled Java code, j=interpreted, Vv=VM code, C=native code)
V  [jvm.dll+0x5a01a9]
V  [jvm.dll+0x6bcf31]
V  [jvm.dll+0x6be126]
V  [jvm.dll+0x6be7b3]
V  [jvm.dll+0x234978]
V  [jvm.dll+0xbb69c]
V  [jvm.dll+0xbbbac]
V  [jvm.dll+0x34be98]
V  [jvm.dll+0x3110aa]
V  [jvm.dll+0x31063a]
V  [jvm.dll+0x1ffe91]
V  [jvm.dll+0x1ff116]
V  [jvm.dll+0x17c94b]
V  [jvm.dll+0x20c8dd]
V  [jvm.dll+0x20b6a6]
V  [jvm.dll+0x68b7ff]
V  [jvm.dll+0x59f4b0]
C  [msvcr120.dll+0x24f7f]
C  [msvcr120.dll+0x25126]
C  [KERNEL32.DLL+0x17bd4]
C  [ntdll.dll+0x6ced1]


---------------  P R O C E S S  ---------------

Threads class SMR info:
_java_thread_list=0x000001df8fd2aa40, length=49, elements={
0x000001dfeec55000, 0x000001dffe7a6800, 0x000001dffe7b0800, 0x000001dffe80f000,
0x000001dffe80f800, 0x000001dffe810800, 0x000001dffdf98800, 0x000001dffdf9d800,
0x000001dffdf9e000, 0x000001dffe82d000, 0x000001dffea2b800, 0x000001dffea53000,
0x000001df902a7000, 0x000001df905f0000, 0x000001df8fba1000, 0x000001dfff41d000,
0x000001dfff402000, 0x000001df8fd70000, 0x000001df91280000, 0x000001df905e7000,
0x000001df90841800, 0x000001df908e3000, 0x000001df908e4000, 0x000001df908e4800,
0x000001df908e6000, 0x000001df908e5800, 0x000001df908e0000, 0x000001df908e1800,
0x000001df908e2000, 0x000001df8fefb800, 0x000001df8fefc800, 0x000001df8fef8800,
0x000001df8fef9000, 0x000001df8fefa800, 0x000001df8fefa000, 0x000001df8fef5000,
0x000001df8fef6000, 0x000001df8fefd000, 0x000001df8fefe000, 0x000001df8fef7000,
0x000001df8fefe800, 0x000001df8fef7800, 0x000001df8ff04000, 0x000001df8feff800,
0x000001df8ff00000, 0x000001df8ff02800, 0x000001df8ff01000, 0x000001df8ff02000,
0x000001df8ff03800
}

Java Threads: ( => current thread )
  0x000001dfeec55000 JavaThread "main" [_thread_blocked, id=19116, stack(0x000000c080300000,0x000000c080400000)]
  0x000001dffe7a6800 JavaThread "Reference Handler" daemon [_thread_blocked, id=11220, stack(0x000000c081900000,0x000000c081a00000)]
  0x000001dffe7b0800 JavaThread "Finalizer" daemon [_thread_blocked, id=21852, stack(0x000000c081a00000,0x000000c081b00000)]
  0x000001dffe80f000 JavaThread "Signal Dispatcher" daemon [_thread_blocked, id=26096, stack(0x000000c081b00000,0x000000c081c00000)]
  0x000001dffe80f800 JavaThread "Attach Listener" daemon [_thread_blocked, id=12932, stack(0x000000c081c00000,0x000000c081d00000)]
  0x000001dffe810800 JavaThread "C2 CompilerThread0" daemon [_thread_in_native, id=14260, stack(0x000000c081d00000,0x000000c081e00000)]
  0x000001dffdf98800 JavaThread "C2 CompilerThread1" daemon [_thread_in_native, id=23520, stack(0x000000c081e00000,0x000000c081f00000)]
=>0x000001dffdf9d800 JavaThread "C2 CompilerThread2" daemon [_thread_in_native, id=25884, stack(0x000000c081f00000,0x000000c082000000)]
  0x000001dffdf9e000 JavaThread "C1 CompilerThread3" daemon [_thread_in_native, id=14032, stack(0x000000c082000000,0x000000c082100000)]
  0x000001dffe82d000 JavaThread "Sweeper thread" daemon [_thread_blocked, id=25900, stack(0x000000c082100000,0x000000c082200000)]
  0x000001dffea2b800 JavaThread "Common-Cleaner" daemon [_thread_blocked, id=6544, stack(0x000000c082200000,0x000000c082300000)]
  0x000001dffea53000 JavaThread "Service Thread" daemon [_thread_blocked, id=26204, stack(0x000000c082300000,0x000000c082400000)]
  0x000001df902a7000 JavaThread "Daemon health stats" [_thread_blocked, id=4904, stack(0x000000c082500000,0x000000c082600000)]
  0x000001df905f0000 JavaThread "Incoming local TCP Connector on port 49718" [_thread_in_native, id=26224, stack(0x000000c082600000,0x000000c082700000)]
  0x000001df8fba1000 JavaThread "Daemon periodic checks" [_thread_blocked, id=25952, stack(0x000000c082700000,0x000000c082800000)]
  0x000001dfff41d000 JavaThread "Daemon" [_thread_blocked, id=1016, stack(0x000000c082800000,0x000000c082900000)]
  0x000001dfff402000 JavaThread "Handler for socket connection from /127.0.0.1:49718 to /127.0.0.1:49719" [_thread_in_native, id=20832, stack(0x000000c082900000,0x000000c082a00000)]
  0x000001df8fd70000 JavaThread "Cancel handler" [_thread_blocked, id=18464, stack(0x000000c082a00000,0x000000c082b00000)]
  0x000001df91280000 JavaThread "Daemon worker" [_thread_blocked, id=12336, stack(0x000000c082b00000,0x000000c082c00000)]
  0x000001df905e7000 JavaThread "Asynchronous log dispatcher for DefaultDaemonConnection: socket connection from /127.0.0.1:49718 to /127.0.0.1:49719" [_thread_blocked, id=26520, stack(0x000000c082c00000,0x000000c082d00000)]
  0x000001df90841800 JavaThread "Stdin handler" [_thread_blocked, id=15064, stack(0x000000c082d00000,0x000000c082e00000)]
  0x000001df908e3000 JavaThread "Thread-8" [_thread_blocked, id=26144, stack(0x000000c082e00000,0x000000c082f00000)]
  0x000001df908e4000 JavaThread "Cache worker for file hash cache (C:\Users\asus\.gradle\caches\5.6.4\fileHashes)" [_thread_blocked, id=13568, stack(0x000000c082f00000,0x000000c083000000)]
  0x000001df908e4800 JavaThread "File lock request listener" [_thread_in_native, id=15208, stack(0x000000c083000000,0x000000c083100000)]
  0x000001df908e6000 JavaThread "Cache worker for journal cache (C:\Users\asus\.gradle\caches\journal-1)" [_thread_blocked, id=22688, stack(0x000000c083100000,0x000000c083200000)]
  0x000001df908e5800 JavaThread "Cache worker for file hash cache (G:\vueProject\server\server\.gradle\5.6.4\fileHashes)" [_thread_blocked, id=15404, stack(0x000000c083200000,0x000000c083300000)]
  0x000001df908e0000 JavaThread "Cache worker for cache directory md-supplier (C:\Users\asus\.gradle\caches\5.6.4\md-supplier)" [_thread_blocked, id=26108, stack(0x000000c083300000,0x000000c083400000)]
  0x000001df908e1800 JavaThread "Cache worker for cache directory md-rule (C:\Users\asus\.gradle\caches\5.6.4\md-rule)" [_thread_blocked, id=16748, stack(0x000000c083400000,0x000000c083500000)]
  0x000001df908e2000 JavaThread "Cache worker for execution history cache (C:\Users\asus\.gradle\caches\5.6.4\executionHistory)" [_thread_blocked, id=23432, stack(0x000000c083500000,0x000000c083600000)]
  0x000001df8fefb800 JavaThread "Build operations" [_thread_blocked, id=21524, stack(0x000000c083600000,0x000000c083700000)]
  0x000001df8fefc800 JavaThread "Build operations Thread 2" [_thread_blocked, id=25200, stack(0x000000c083700000,0x000000c083800000)]
  0x000001df8fef8800 JavaThread "Build operations Thread 3" [_thread_blocked, id=26104, stack(0x000000c083800000,0x000000c083900000)]
  0x000001df8fef9000 JavaThread "Build operations Thread 4" [_thread_blocked, id=15736, stack(0x000000c083900000,0x000000c083a00000)]
  0x000001df8fefa800 JavaThread "Build operations Thread 5" [_thread_blocked, id=2372, stack(0x000000c083a00000,0x000000c083b00000)]
  0x000001df8fefa000 JavaThread "Build operations Thread 6" [_thread_blocked, id=9328, stack(0x000000c083b00000,0x000000c083c00000)]
  0x000001df8fef5000 JavaThread "Cache worker for Build Output Cleanup Cache (G:\vueProject\server\server\.gradle\buildOutputCleanup)" [_thread_blocked, id=19060, stack(0x000000c083c00000,0x000000c083d00000)]
  0x000001df8fef6000 JavaThread "Memory manager" [_thread_blocked, id=13672, stack(0x000000c083d00000,0x000000c083e00000)]
  0x000001df8fefd000 JavaThread "Cache worker for file content cache (C:\Users\asus\.gradle\caches\5.6.4\fileContent)" [_thread_blocked, id=9572, stack(0x000000c083e00000,0x000000c083f00000)]
  0x000001df8fefe000 JavaThread "Cache worker for file content cache (G:\vueProject\server\server\.gradle\5.6.4\fileContent)" [_thread_blocked, id=2468, stack(0x000000c083f00000,0x000000c084000000)]
  0x000001df8fef7000 JavaThread "Execution worker for ':'" [_thread_blocked, id=15184, stack(0x000000c084000000,0x000000c084100000)]
  0x000001df8fefe800 JavaThread "Execution worker for ':' Thread 2" [_thread_blocked, id=5372, stack(0x000000c084100000,0x000000c084200000)]
  0x000001df8fef7800 JavaThread "Execution worker for ':' Thread 3" [_thread_blocked, id=2148, stack(0x000000c084200000,0x000000c084300000)]
  0x000001df8ff04000 JavaThread "Execution worker for ':' Thread 4" [_thread_blocked, id=23944, stack(0x000000c084300000,0x000000c084400000)]
  0x000001df8feff800 JavaThread "Execution worker for ':' Thread 5" [_thread_blocked, id=25564, stack(0x000000c084400000,0x000000c084500000)]
  0x000001df8ff00000 JavaThread "Execution worker for ':' Thread 6" [_thread_blocked, id=26476, stack(0x000000c084500000,0x000000c084600000)]
  0x000001df8ff02800 JavaThread "Execution worker for ':' Thread 7" [_thread_blocked, id=17648, stack(0x000000c084600000,0x000000c084700000)]
  0x000001df8ff01000 JavaThread "Cache worker for execution history cache (G:\vueProject\server\server\.gradle\5.6.4\executionHistory)" [_thread_blocked, id=16664, stack(0x000000c084700000,0x000000c084800000)]
  0x000001df8ff02000 JavaThread "Build operations Thread 7" [_thread_blocked, id=23192, stack(0x000000c084800000,0x000000c084900000)]
  0x000001df8ff03800 JavaThread "Build operations Thread 8" [_thread_blocked, id=5776, stack(0x000000c084900000,0x000000c084a00000)]

Other Threads:
  0x000001dffe7a0800 VMThread "VM Thread" [stack: 0x000000c081800000,0x000000c081900000] [id=25360]
  0x000001dffea58000 WatcherThread [stack: 0x000000c082400000,0x000000c082500000] [id=3536]
  0x000001dfeec6f800 GCTaskThread "GC Thread#0" [stack: 0x000000c080400000,0x000000c080500000] [id=5612]
  0x000001dfeec70800 GCTaskThread "GC Thread#1" [stack: 0x000000c080500000,0x000000c080600000] [id=13836]
  0x000001dfeec73000 GCTaskThread "GC Thread#2" [stack: 0x000000c080600000,0x000000c080700000] [id=21500]
  0x000001dfeec75000 GCTaskThread "GC Thread#3" [stack: 0x000000c080700000,0x000000c080800000] [id=16496]
  0x000001dfeec78000 GCTaskThread "GC Thread#4" [stack: 0x000000c080800000,0x000000c080900000] [id=21544]
  0x000001dfeec7c000 GCTaskThread "GC Thread#5" [stack: 0x000000c080900000,0x000000c080a00000] [id=13320]
  0x000001dfeec81800 GCTaskThread "GC Thread#6" [stack: 0x000000c080a00000,0x000000c080b00000] [id=9700]
  0x000001dfeec82800 GCTaskThread "GC Thread#7" [stack: 0x000000c080b00000,0x000000c080c00000] [id=14432]
  0x000001dfeeca2800 ConcurrentGCThread "G1 Main Marker" [stack: 0x000000c080c00000,0x000000c080d00000] [id=20308]
  0x000001dfeeca5800 ConcurrentGCThread "G1 Conc#0" [stack: 0x000000c080d00000,0x000000c080e00000] [id=13368]
  0x000001dfeeca7800 ConcurrentGCThread "G1 Conc#1" [stack: 0x000000c080e00000,0x000000c080f00000] [id=16856]
  0x000001dffde0a800 ConcurrentGCThread "G1 Refine#0" [stack: 0x000000c080f00000,0x000000c081000000] [id=9344]
  0x000001dffde0d000 ConcurrentGCThread "G1 Refine#1" [stack: 0x000000c081000000,0x000000c081100000] [id=18024]
  0x000001dffde0d800 ConcurrentGCThread "G1 Refine#2" [stack: 0x000000c081100000,0x000000c081200000] [id=16948]
  0x000001dffde10800 ConcurrentGCThread "G1 Refine#3" [stack: 0x000000c081200000,0x000000c081300000] [id=8592]
  0x000001dffde13000 ConcurrentGCThread "G1 Refine#4" [stack: 0x000000c081300000,0x000000c081400000] [id=12220]
  0x000001dffde16800 ConcurrentGCThread "G1 Refine#5" [stack: 0x000000c081400000,0x000000c081500000] [id=25056]
  0x000001dffde17800 ConcurrentGCThread "G1 Refine#6" [stack: 0x000000c081500000,0x000000c081600000] [id=18968]
  0x000001dffde30000 ConcurrentGCThread "G1 Refine#7" [stack: 0x000000c081600000,0x000000c081700000] [id=26352]
  0x000001dffde30800 ConcurrentGCThread "G1 Young RemSet Sampling" [stack: 0x000000c081700000,0x000000c081800000] [id=25928]

Threads with active compile tasks:
C2 CompilerThread04370   !   4       io.spring.gradle.dependencymanagement.org.apache.maven.model.interpolation.StringSearchModelInterpolator$InterpolateObjectAction::traverseObjectWithParents (118 bytes)
C2 CompilerThread14347   !   4       io.spring.gradle.dependencymanagement.org.apache.maven.model.interpolation.StringSearchModelInterpolator$InterpolateObjectAction::interpolateField (241 bytes)
C2 CompilerThread24307       4       io.spring.gradle.dependencymanagement.org.codehaus.plexus.util.xml.pull.MXParser::parseStartTag (1210 bytes)
C1 CompilerThread34551       3       io.spring.gradle.dependencymanagement.org.apache.maven.model.validation.DefaultModelValidator::validateEffectiveDependency (644 bytes)

VM state:not at safepoint (normal execution)

VM Mutex/Monitor currently owned by a thread: None

Heap address: 0x00000000e0000000, size: 512 MB, Compressed Oops mode: 32-bit
Narrow klass base: 0x0000000000000000, Narrow klass shift: 3
Compressed class space size: 260046848 Address: 0x0000000100000000

Heap:
 garbage-first heap   total 262144K, used 84005K [0x00000000e0000000, 0x0000000100000000)
  region size 1024K, 67 young (68608K), 10 survivors (10240K)
 Metaspace       used 47883K, capacity 48771K, committed 49488K, reserved 296960K
  class space    used 6028K, capacity 6371K, committed 6480K, reserved 253952K
Heap Regions: E=young(eden), S=young(survivor), O=old, HS=humongous(starts), HC=humongous(continues), CS=collection set, F=free, A=archive, TS=gc time stamp, AC=allocation context, TAMS=top-at-mark-start (previous, next)
|   0|0x00000000e0000000, 0x00000000e0000000, 0x00000000e0100000|  0%| F|  |TS  0|AC  0|TAMS 0x00000000e0000000, 0x00000000e0000000|
|   1|0x00000000e0100000, 0x00000000e0100000, 0x00000000e0200000|  0%| F|  |TS  0|AC  0|TAMS 0x00000000e0100000, 0x00000000e0100000|
|   2|0x00000000e0200000, 0x00000000e0200000, 0x00000000e0300000|  0%| F|  |TS  0|AC  0|TAMS 0x00000000e0200000, 0x00000000e0200000|
|   3|0x00000000e0300000, 0x00000000e0400000, 0x00000000e0400000|100%|HS|  |TS  0|AC  0|TAMS 0x00000000e0400000, 0x00000000e0400000|
|   4|0x00000000e0400000, 0x00000000e0500000, 0x00000000e0500000|100%|HC|  |TS  0|AC  0|TAMS 0x00000000e0500000, 0x00000000e0500000|
|   5|0x00000000e0500000, 0x00000000e0600000, 0x00000000e0600000|100%|HC|  |TS  0|AC  0|TAMS 0x00000000e0600000, 0x00000000e0600000|
|   6|0x00000000e0600000, 0x00000000e0700000, 0x00000000e0700000|100%| O|  |TS  0|AC  0|TAMS 0x00000000e0700000, 0x00000000e0700000|
|   7|0x00000000e0700000, 0x00000000e0800000, 0x00000000e0800000|100%| O|  |TS  0|AC  0|TAMS 0x00000000e0800000, 0x00000000e0800000|
|   8|0x00000000e0800000, 0x00000000e0900000, 0x00000000e0900000|100%| O|  |TS  0|AC  0|TAMS 0x00000000e0900000, 0x00000000e0900000|
|   9|0x00000000e0900000, 0x00000000e0a00000, 0x00000000e0a00000|100%| O|  |TS  0|AC  0|TAMS 0x00000000e0a00000, 0x00000000e0a00000|
|  10|0x00000000e0a00000, 0x00000000e0b00000, 0x00000000e0b00000|100%| O|  |TS  0|AC  0|TAMS 0x00000000e0b00000, 0x00000000e0b00000|
|  11|0x00000000e0b00000, 0x00000000e0c00000, 0x00000000e0c00000|100%| O|  |TS  0|AC  0|TAMS 0x00000000e0c00000, 0x00000000e0c00000|
|  12|0x00000000e0c00000, 0x00000000e0d00000, 0x00000000e0d00000|100%| O|  |TS  0|AC  0|TAMS 0x00000000e0d00000, 0x00000000e0d00000|
|  13|0x00000000e0d00000, 0x00000000e0e00000, 0x00000000e0e00000|100%| O|  |TS  0|AC  0|TAMS 0x00000000e0e00000, 0x00000000e0e00000|
|  14|0x00000000e0e00000, 0x00000000e0f00000, 0x00000000e0f00000|100%| O|  |TS  0|AC  0|TAMS 0x00000000e0f00000, 0x00000000e0f00000|
|  15|0x00000000e0f00000, 0x00000000e1000000, 0x00000000e1000000|100%| O|  |TS  0|AC  0|TAMS 0x00000000e1000000, 0x00000000e1000000|
|  16|0x00000000e1000000, 0x00000000e1100000, 0x00000000e1100000|100%| O|  |TS  0|AC  0|TAMS 0x00000000e1100000, 0x00000000e1100000|
|  17|0x00000000e1100000, 0x00000000e1200000, 0x00000000e1200000|100%| O|  |TS  0|AC  0|TAMS 0x00000000e1200000, 0x00000000e1200000|
|  18|0x00000000e1200000, 0x00000000e1300000, 0x00000000e1300000|100%| O|  |TS  0|AC  0|TAMS 0x00000000e1300000, 0x00000000e1300000|
|  19|0x00000000e1300000, 0x00000000e1309400, 0x00000000e1400000|  3%| O|  |TS  1|AC  0|TAMS 0x00000000e1309400, 0x00000000e1309400|
|  20|0x00000000e1400000, 0x00000000e1400000, 0x00000000e1500000|  0%| F|  |TS  0|AC  0|TAMS 0x00000000e1400000, 0x00000000e1400000|
|  21|0x00000000e1500000, 0x00000000e1500000, 0x00000000e1600000|  0%| F|  |TS  0|AC  0|TAMS 0x00000000e1500000, 0x00000000e1500000|
|  22|0x00000000e1600000, 0x00000000e1600000, 0x00000000e1700000|  0%| F|  |TS  0|AC  0|TAMS 0x00000000e1600000, 0x00000000e1600000|
|  23|0x00000000e1700000, 0x00000000e1700000, 0x00000000e1800000|  0%| F|  |TS  0|AC  0|TAMS 0x00000000e1700000, 0x00000000e1700000|
|  24|0x00000000e1800000, 0x00000000e1800000, 0x00000000e1900000|  0%| F|  |TS  0|AC  0|TAMS 0x00000000e1800000, 0x00000000e1800000|
|  25|0x00000000e1900000, 0x00000000e1900000, 0x00000000e1a00000|  0%| F|  |TS  0|AC  0|TAMS 0x00000000e1900000, 0x00000000e1900000|
|  26|0x00000000e1a00000, 0x00000000e1a00000, 0x00000000e1b00000|  0%| F|  |TS  0|AC  0|TAMS 0x00000000e1a00000, 0x00000000e1a00000|
|  27|0x00000000e1b00000, 0x00000000e1b00000, 0x00000000e1c00000|  0%| F|  |TS  0|AC  0|TAMS 0x00000000e1b00000, 0x00000000e1b00000|
|  28|0x00000000e1c00000, 0x00000000e1c00000, 0x00000000e1d00000|  0%| F|  |TS  0|AC  0|TAMS 0x00000000e1c00000, 0x00000000e1c00000|
|  29|0x00000000e1d00000, 0x00000000e1d00000, 0x00000000e1e00000|  0%| F|  |TS  0|AC  0|TAMS 0x00000000e1d00000, 0x00000000e1d00000|
|  30|0x00000000e1e00000, 0x00000000e1e00000, 0x00000000e1f00000|  0%| F|  |TS  0|AC  0|TAMS 0x00000000e1e00000, 0x00000000e1e00000|
|  31|0x00000000e1f00000, 0x00000000e1f00000, 0x00000000e2000000|  0%| F|  |TS  0|AC  0|TAMS 0x00000000e1f00000, 0x00000000e1f00000|
|  32|0x00000000e2000000, 0x00000000e2000000, 0x00000000e2100000|  0%| F|  |TS  0|AC  0|TAMS 0x00000000e2000000, 0x00000000e2000000|
|  33|0x00000000e2100000, 0x00000000e2100000, 0x00000000e2200000|  0%| F|  |TS  0|AC  0|TAMS 0x00000000e2100000, 0x00000000e2100000|
|  34|0x00000000e2200000, 0x00000000e2200000, 0x00000000e2300000|  0%| F|  |TS  0|AC  0|TAMS 0x00000000e2200000, 0x00000000e2200000|
|  35|0x00000000e2300000, 0x00000000e2300000, 0x00000000e2400000|  0%| F|  |TS  0|AC  0|TAMS 0x00000000e2300000, 0x00000000e2300000|
|  36|0x00000000e2400000, 0x00000000e2400000, 0x00000000e2500000|  0%| F|  |TS  0|AC  0|TAMS 0x00000000e2400000, 0x00000000e2400000|
|  37|0x00000000e2500000, 0x00000000e2500000, 0x00000000e2600000|  0%| F|  |TS  0|AC  0|TAMS 0x00000000e2500000, 0x00000000e2500000|
|  38|0x00000000e2600000, 0x00000000e2600000, 0x00000000e2700000|  0%| F|  |TS  0|AC  0|TAMS 0x00000000e2600000, 0x00000000e2600000|
|  39|0x00000000e2700000, 0x00000000e2700000, 0x00000000e2800000|  0%| F|  |TS  0|AC  0|TAMS 0x00000000e2700000, 0x00000000e2700000|
|  40|0x00000000e2800000, 0x00000000e2800000, 0x00000000e2900000|  0%| F|  |TS  0|AC  0|TAMS 0x00000000e2800000, 0x00000000e2800000|
|  41|0x00000000e2900000, 0x00000000e2900000, 0x00000000e2a00000|  0%| F|  |TS  0|AC  0|TAMS 0x00000000e2900000, 0x00000000e2900000|
|  42|0x00000000e2a00000, 0x00000000e2a00000, 0x00000000e2b00000|  0%| F|  |TS  0|AC  0|TAMS 0x00000000e2a00000, 0x00000000e2a00000|
|  43|0x00000000e2b00000, 0x00000000e2b00000, 0x00000000e2c00000|  0%| F|  |TS  0|AC  0|TAMS 0x00000000e2b00000, 0x00000000e2b00000|
|  44|0x00000000e2c00000, 0x00000000e2c00000, 0x00000000e2d00000|  0%| F|  |TS  0|AC  0|TAMS 0x00000000e2c00000, 0x00000000e2c00000|
|  45|0x00000000e2d00000, 0x00000000e2d00000, 0x00000000e2e00000|  0%| F|  |TS  0|AC  0|TAMS 0x00000000e2d00000, 0x00000000e2d00000|
|  46|0x00000000e2e00000, 0x00000000e2e00000, 0x00000000e2f00000|  0%| F|  |TS  0|AC  0|TAMS 0x00000000e2e00000, 0x00000000e2e00000|
|  47|0x00000000e2f00000, 0x00000000e2f00000, 0x00000000e3000000|  0%| F|  |TS  0|AC  0|TAMS 0x00000000e2f00000, 0x00000000e2f00000|
|  48|0x00000000e3000000, 0x00000000e3000000, 0x00000000e3100000|  0%| F|  |TS  0|AC  0|TAMS 0x00000000e3000000, 0x00000000e3000000|
|  49|0x00000000e3100000, 0x00000000e3100000, 0x00000000e3200000|  0%| F|  |TS  0|AC  0|TAMS 0x00000000e3100000, 0x00000000e3100000|
|  50|0x00000000e3200000, 0x00000000e3200000, 0x00000000e3300000|  0%| F|  |TS  0|AC  0|TAMS 0x00000000e3200000, 0x00000000e3200000|
|  51|0x00000000e3300000, 0x00000000e3300000, 0x00000000e3400000|  0%| F|  |TS  0|AC  0|TAMS 0x00000000e3300000, 0x00000000e3300000|
|  52|0x00000000e3400000, 0x00000000e3400000, 0x00000000e3500000|  0%| F|  |TS  0|AC  0|TAMS 0x00000000e3400000, 0x00000000e3400000|
|  53|0x00000000e3500000, 0x00000000e3500000, 0x00000000e3600000|  0%| F|  |TS  0|AC  0|TAMS 0x00000000e3500000, 0x00000000e3500000|
|  54|0x00000000e3600000, 0x00000000e3600000, 0x00000000e3700000|  0%| F|  |TS  0|AC  0|TAMS 0x00000000e3600000, 0x00000000e3600000|
|  55|0x00000000e3700000, 0x00000000e3700000, 0x00000000e3800000|  0%| F|  |TS  0|AC  0|TAMS 0x00000000e3700000, 0x00000000e3700000|
|  56|0x00000000e3800000, 0x00000000e3800000, 0x00000000e3900000|  0%| F|  |TS  0|AC  0|TAMS 0x00000000e3800000, 0x00000000e3800000|
|  57|0x00000000e3900000, 0x00000000e3900000, 0x00000000e3a00000|  0%| F|  |TS  0|AC  0|TAMS 0x00000000e3900000, 0x00000000e3900000|
|  58|0x00000000e3a00000, 0x00000000e3a00000, 0x00000000e3b00000|  0%| F|  |TS  0|AC  0|TAMS 0x00000000e3a00000, 0x00000000e3a00000|
|  59|0x00000000e3b00000, 0x00000000e3b00000, 0x00000000e3c00000|  0%| F|  |TS  0|AC  0|TAMS 0x00000000e3b00000, 0x00000000e3b00000|
|  60|0x00000000e3c00000, 0x00000000e3c00000, 0x00000000e3d00000|  0%| F|  |TS  0|AC  0|TAMS 0x00000000e3c00000, 0x00000000e3c00000|
|  61|0x00000000e3d00000, 0x00000000e3d00000, 0x00000000e3e00000|  0%| F|  |TS  0|AC  0|TAMS 0x00000000e3d00000, 0x00000000e3d00000|
|  62|0x00000000e3e00000, 0x00000000e3e00000, 0x00000000e3f00000|  0%| F|  |TS  0|AC  0|TAMS 0x00000000e3e00000, 0x00000000e3e00000|
|  63|0x00000000e3f00000, 0x00000000e3f00000, 0x00000000e4000000|  0%| F|  |TS  0|AC  0|TAMS 0x00000000e3f00000, 0x00000000e3f00000|
|  64|0x00000000e4000000, 0x00000000e4000000, 0x00000000e4100000|  0%| F|  |TS  0|AC  0|TAMS 0x00000000e4000000, 0x00000000e4000000|
|  65|0x00000000e4100000, 0x00000000e4100000, 0x00000000e4200000|  0%| F|  |TS  0|AC  0|TAMS 0x00000000e4100000, 0x00000000e4100000|
|  66|0x00000000e4200000, 0x00000000e4200000, 0x00000000e4300000|  0%| F|  |TS  0|AC  0|TAMS 0x00000000e4200000, 0x00000000e4200000|
|  67|0x00000000e4300000, 0x00000000e4300000, 0x00000000e4400000|  0%| F|  |TS  0|AC  0|TAMS 0x00000000e4300000, 0x00000000e4300000|
|  68|0x00000000e4400000, 0x00000000e4400000, 0x00000000e4500000|  0%| F|  |TS  0|AC  0|TAMS 0x00000000e4400000, 0x00000000e4400000|
|  69|0x00000000e4500000, 0x00000000e4500000, 0x00000000e4600000|  0%| F|  |TS  0|AC  0|TAMS 0x00000000e4500000, 0x00000000e4500000|
|  70|0x00000000e4600000, 0x00000000e4600000, 0x00000000e4700000|  0%| F|  |TS  0|AC  0|TAMS 0x00000000e4600000, 0x00000000e4600000|
|  71|0x00000000e4700000, 0x00000000e4700000, 0x00000000e4800000|  0%| F|  |TS  0|AC  0|TAMS 0x00000000e4700000, 0x00000000e4700000|
|  72|0x00000000e4800000, 0x00000000e4800000, 0x00000000e4900000|  0%| F|  |TS  0|AC  0|TAMS 0x00000000e4800000, 0x00000000e4800000|
|  73|0x00000000e4900000, 0x00000000e4900000, 0x00000000e4a00000|  0%| F|  |TS  0|AC  0|TAMS 0x00000000e4900000, 0x00000000e4900000|
|  74|0x00000000e4a00000, 0x00000000e4a00000, 0x00000000e4b00000|  0%| F|  |TS  0|AC  0|TAMS 0x00000000e4a00000, 0x00000000e4a00000|
|  75|0x00000000e4b00000, 0x00000000e4b00000, 0x00000000e4c00000|  0%| F|  |TS  0|AC  0|TAMS 0x00000000e4b00000, 0x00000000e4b00000|
|  76|0x00000000e4c00000, 0x00000000e4c00000, 0x00000000e4d00000|  0%| F|  |TS  0|AC  0|TAMS 0x00000000e4c00000, 0x00000000e4c00000|
|  77|0x00000000e4d00000, 0x00000000e4d00000, 0x00000000e4e00000|  0%| F|  |TS  0|AC  0|TAMS 0x00000000e4d00000, 0x00000000e4d00000|
|  78|0x00000000e4e00000, 0x00000000e4e00000, 0x00000000e4f00000|  0%| F|  |TS  0|AC  0|TAMS 0x00000000e4e00000, 0x00000000e4e00000|
|  79|0x00000000e4f00000, 0x00000000e4f00000, 0x00000000e5000000|  0%| F|  |TS  0|AC  0|TAMS 0x00000000e4f00000, 0x00000000e4f00000|
|  80|0x00000000e5000000, 0x00000000e5000000, 0x00000000e5100000|  0%| F|  |TS  0|AC  0|TAMS 0x00000000e5000000, 0x00000000e5000000|
|  81|0x00000000e5100000, 0x00000000e5100000, 0x00000000e5200000|  0%| F|  |TS  0|AC  0|TAMS 0x00000000e5100000, 0x00000000e5100000|
|  82|0x00000000e5200000, 0x00000000e5200000, 0x00000000e5300000|  0%| F|  |TS  0|AC  0|TAMS 0x00000000e5200000, 0x00000000e5200000|
|  83|0x00000000e5300000, 0x00000000e5300000, 0x00000000e5400000|  0%| F|  |TS  0|AC  0|TAMS 0x00000000e5300000, 0x00000000e5300000|
|  84|0x00000000e5400000, 0x00000000e5400000, 0x00000000e5500000|  0%| F|  |TS  0|AC  0|TAMS 0x00000000e5400000, 0x00000000e5400000|
|  85|0x00000000e5500000, 0x00000000e5500000, 0x00000000e5600000|  0%| F|  |TS  0|AC  0|TAMS 0x00000000e5500000, 0x00000000e5500000|
|  86|0x00000000e5600000, 0x00000000e5600000, 0x00000000e5700000|  0%| F|  |TS  0|AC  0|TAMS 0x00000000e5600000, 0x00000000e5600000|
|  87|0x00000000e5700000, 0x00000000e5700000, 0x00000000e5800000|  0%| F|  |TS  0|AC  0|TAMS 0x00000000e5700000, 0x00000000e5700000|
|  88|0x00000000e5800000, 0x00000000e5800000, 0x00000000e5900000|  0%| F|  |TS  0|AC  0|TAMS 0x00000000e5800000, 0x00000000e5800000|
|  89|0x00000000e5900000, 0x00000000e5900000, 0x00000000e5a00000|  0%| F|  |TS  0|AC  0|TAMS 0x00000000e5900000, 0x00000000e5900000|
|  90|0x00000000e5a00000, 0x00000000e5a00000, 0x00000000e5b00000|  0%| F|  |TS  0|AC  0|TAMS 0x00000000e5a00000, 0x00000000e5a00000|
|  91|0x00000000e5b00000, 0x00000000e5b00000, 0x00000000e5c00000|  0%| F|  |TS  0|AC  0|TAMS 0x00000000e5b00000, 0x00000000e5b00000|
|  92|0x00000000e5c00000, 0x00000000e5c00000, 0x00000000e5d00000|  0%| F|  |TS  0|AC  0|TAMS 0x00000000e5c00000, 0x00000000e5c00000|
|  93|0x00000000e5d00000, 0x00000000e5d00000, 0x00000000e5e00000|  0%| F|  |TS  0|AC  0|TAMS 0x00000000e5d00000, 0x00000000e5d00000|
|  94|0x00000000e5e00000, 0x00000000e5e00000, 0x00000000e5f00000|  0%| F|  |TS  0|AC  0|TAMS 0x00000000e5e00000, 0x00000000e5e00000|
|  95|0x00000000e5f00000, 0x00000000e5f00000, 0x00000000e6000000|  0%| F|  |TS  0|AC  0|TAMS 0x00000000e5f00000, 0x00000000e5f00000|
|  96|0x00000000e6000000, 0x00000000e6000000, 0x00000000e6100000|  0%| F|  |TS  0|AC  0|TAMS 0x00000000e6000000, 0x00000000e6000000|
|  97|0x00000000e6100000, 0x00000000e6100000, 0x00000000e6200000|  0%| F|  |TS  0|AC  0|TAMS 0x00000000e6100000, 0x00000000e6100000|
|  98|0x00000000e6200000, 0x00000000e6200000, 0x00000000e6300000|  0%| F|  |TS  0|AC  0|TAMS 0x00000000e6200000, 0x00000000e6200000|
|  99|0x00000000e6300000, 0x00000000e6300000, 0x00000000e6400000|  0%| F|  |TS  0|AC  0|TAMS 0x00000000e6300000, 0x00000000e6300000|
| 100|0x00000000e6400000, 0x00000000e6400000, 0x00000000e6500000|  0%| F|  |TS  0|AC  0|TAMS 0x00000000e6400000, 0x00000000e6400000|
| 101|0x00000000e6500000, 0x00000000e6500000, 0x00000000e6600000|  0%| F|  |TS  0|AC  0|TAMS 0x00000000e6500000, 0x00000000e6500000|
| 102|0x00000000e6600000, 0x00000000e6600000, 0x00000000e6700000|  0%| F|  |TS  0|AC  0|TAMS 0x00000000e6600000, 0x00000000e6600000|
| 103|0x00000000e6700000, 0x00000000e6700000, 0x00000000e6800000|  0%| F|  |TS  0|AC  0|TAMS 0x00000000e6700000, 0x00000000e6700000|
| 104|0x00000000e6800000, 0x00000000e6800000, 0x00000000e6900000|  0%| F|  |TS  0|AC  0|TAMS 0x00000000e6800000, 0x00000000e6800000|
| 105|0x00000000e6900000, 0x00000000e6900000, 0x00000000e6a00000|  0%| F|  |TS  0|AC  0|TAMS 0x00000000e6900000, 0x00000000e6900000|
| 106|0x00000000e6a00000, 0x00000000e6a00000, 0x00000000e6b00000|  0%| F|  |TS  0|AC  0|TAMS 0x00000000e6a00000, 0x00000000e6a00000|
| 107|0x00000000e6b00000, 0x00000000e6b00000, 0x00000000e6c00000|  0%| F|  |TS  0|AC  0|TAMS 0x00000000e6b00000, 0x00000000e6b00000|
| 108|0x00000000e6c00000, 0x00000000e6c00000, 0x00000000e6d00000|  0%| F|  |TS  0|AC  0|TAMS 0x00000000e6c00000, 0x00000000e6c00000|
| 109|0x00000000e6d00000, 0x00000000e6d00000, 0x00000000e6e00000|  0%| F|  |TS  0|AC  0|TAMS 0x00000000e6d00000, 0x00000000e6d00000|
| 110|0x00000000e6e00000, 0x00000000e6e00000, 0x00000000e6f00000|  0%| F|  |TS  0|AC  0|TAMS 0x00000000e6e00000, 0x00000000e6e00000|
| 111|0x00000000e6f00000, 0x00000000e6f00000, 0x00000000e7000000|  0%| F|  |TS  0|AC  0|TAMS 0x00000000e6f00000, 0x00000000e6f00000|
| 112|0x00000000e7000000, 0x00000000e7000000, 0x00000000e7100000|  0%| F|  |TS  0|AC  0|TAMS 0x00000000e7000000, 0x00000000e7000000|
| 113|0x00000000e7100000, 0x00000000e7100000, 0x00000000e7200000|  0%| F|  |TS  0|AC  0|TAMS 0x00000000e7100000, 0x00000000e7100000|
| 114|0x00000000e7200000, 0x00000000e7200000, 0x00000000e7300000|  0%| F|  |TS  0|AC  0|TAMS 0x00000000e7200000, 0x00000000e7200000|
| 115|0x00000000e7300000, 0x00000000e7300000, 0x00000000e7400000|  0%| F|  |TS  0|AC  0|TAMS 0x00000000e7300000, 0x00000000e7300000|
| 116|0x00000000e7400000, 0x00000000e7400000, 0x00000000e7500000|  0%| F|  |TS  0|AC  0|TAMS 0x00000000e7400000, 0x00000000e7400000|
| 117|0x00000000e7500000, 0x00000000e7500000, 0x00000000e7600000|  0%| F|  |TS  0|AC  0|TAMS 0x00000000e7500000, 0x00000000e7500000|
| 118|0x00000000e7600000, 0x00000000e7600000, 0x00000000e7700000|  0%| F|  |TS  0|AC  0|TAMS 0x00000000e7600000, 0x00000000e7600000|
| 119|0x00000000e7700000, 0x00000000e7700000, 0x00000000e7800000|  0%| F|  |TS  0|AC  0|TAMS 0x00000000e7700000, 0x00000000e7700000|
| 120|0x00000000e7800000, 0x00000000e7800000, 0x00000000e7900000|  0%| F|  |TS  0|AC  0|TAMS 0x00000000e7800000, 0x00000000e7800000|
| 121|0x00000000e7900000, 0x00000000e7900000, 0x00000000e7a00000|  0%| F|  |TS  0|AC  0|TAMS 0x00000000e7900000, 0x00000000e7900000|
| 122|0x00000000e7a00000, 0x00000000e7a00000, 0x00000000e7b00000|  0%| F|  |TS  0|AC  0|TAMS 0x00000000e7a00000, 0x00000000e7a00000|
| 123|0x00000000e7b00000, 0x00000000e7b00000, 0x00000000e7c00000|  0%| F|  |TS  0|AC  0|TAMS 0x00000000e7b00000, 0x00000000e7b00000|
| 124|0x00000000e7c00000, 0x00000000e7c00000, 0x00000000e7d00000|  0%| F|  |TS  0|AC  0|TAMS 0x00000000e7c00000, 0x00000000e7c00000|
| 125|0x00000000e7d00000, 0x00000000e7d00000, 0x00000000e7e00000|  0%| F|  |TS  0|AC  0|TAMS 0x00000000e7d00000, 0x00000000e7d00000|
| 126|0x00000000e7e00000, 0x00000000e7e00000, 0x00000000e7f00000|  0%| F|  |TS  0|AC  0|TAMS 0x00000000e7e00000, 0x00000000e7e00000|
| 127|0x00000000e7f00000, 0x00000000e7f00000, 0x00000000e8000000|  0%| F|  |TS  0|AC  0|TAMS 0x00000000e7f00000, 0x00000000e7f00000|
| 128|0x00000000e8000000, 0x00000000e8000000, 0x00000000e8100000|  0%| F|  |TS  0|AC  0|TAMS 0x00000000e8000000, 0x00000000e8000000|
| 129|0x00000000e8100000, 0x00000000e8100000, 0x00000000e8200000|  0%| F|  |TS  0|AC  0|TAMS 0x00000000e8100000, 0x00000000e8100000|
| 130|0x00000000e8200000, 0x00000000e8200000, 0x00000000e8300000|  0%| F|  |TS  0|AC  0|TAMS 0x00000000e8200000, 0x00000000e8200000|
| 131|0x00000000e8300000, 0x00000000e8300000, 0x00000000e8400000|  0%| F|  |TS  0|AC  0|TAMS 0x00000000e8300000, 0x00000000e8300000|
| 132|0x00000000e8400000, 0x00000000e8400000, 0x00000000e8500000|  0%| F|  |TS  0|AC  0|TAMS 0x00000000e8400000, 0x00000000e8400000|
| 133|0x00000000e8500000, 0x00000000e8500000, 0x00000000e8600000|  0%| F|  |TS  0|AC  0|TAMS 0x00000000e8500000, 0x00000000e8500000|
| 134|0x00000000e8600000, 0x00000000e8600000, 0x00000000e8700000|  0%| F|  |TS  0|AC  0|TAMS 0x00000000e8600000, 0x00000000e8600000|
| 135|0x00000000e8700000, 0x00000000e8700000, 0x00000000e8800000|  0%| F|  |TS  0|AC  0|TAMS 0x00000000e8700000, 0x00000000e8700000|
| 136|0x00000000e8800000, 0x00000000e8800000, 0x00000000e8900000|  0%| F|  |TS  0|AC  0|TAMS 0x00000000e8800000, 0x00000000e8800000|
| 137|0x00000000e8900000, 0x00000000e8900000, 0x00000000e8a00000|  0%| F|  |TS  0|AC  0|TAMS 0x00000000e8900000, 0x00000000e8900000|
| 138|0x00000000e8a00000, 0x00000000e8a00000, 0x00000000e8b00000|  0%| F|  |TS  0|AC  0|TAMS 0x00000000e8a00000, 0x00000000e8a00000|
| 139|0x00000000e8b00000, 0x00000000e8b00000, 0x00000000e8c00000|  0%| F|  |TS  0|AC  0|TAMS 0x00000000e8b00000, 0x00000000e8b00000|
| 140|0x00000000e8c00000, 0x00000000e8c00000, 0x00000000e8d00000|  0%| F|  |TS  0|AC  0|TAMS 0x00000000e8c00000, 0x00000000e8c00000|
| 141|0x00000000e8d00000, 0x00000000e8d00000, 0x00000000e8e00000|  0%| F|  |TS  0|AC  0|TAMS 0x00000000e8d00000, 0x00000000e8d00000|
| 142|0x00000000e8e00000, 0x00000000e8e00000, 0x00000000e8f00000|  0%| F|  |TS  0|AC  0|TAMS 0x00000000e8e00000, 0x00000000e8e00000|
| 143|0x00000000e8f00000, 0x00000000e8f00000, 0x00000000e9000000|  0%| F|  |TS  0|AC  0|TAMS 0x00000000e8f00000, 0x00000000e8f00000|
| 144|0x00000000e9000000, 0x00000000e9000000, 0x00000000e9100000|  0%| F|  |TS  0|AC  0|TAMS 0x00000000e9000000, 0x00000000e9000000|
| 145|0x00000000e9100000, 0x00000000e9100000, 0x00000000e9200000|  0%| F|  |TS  0|AC  0|TAMS 0x00000000e9100000, 0x00000000e9100000|
| 146|0x00000000e9200000, 0x00000000e9200000, 0x00000000e9300000|  0%| F|  |TS  0|AC  0|TAMS 0x00000000e9200000, 0x00000000e9200000|
| 147|0x00000000e9300000, 0x00000000e9300000, 0x00000000e9400000|  0%| F|  |TS  0|AC  0|TAMS 0x00000000e9300000, 0x00000000e9300000|
| 148|0x00000000e9400000, 0x00000000e9400000, 0x00000000e9500000|  0%| F|  |TS  0|AC  0|TAMS 0x00000000e9400000, 0x00000000e9400000|
| 149|0x00000000e9500000, 0x00000000e9600000, 0x00000000e9600000|100%| S|CS|TS  1|AC  0|TAMS 0x00000000e9500000, 0x00000000e9500000|
| 150|0x00000000e9600000, 0x00000000e9700000, 0x00000000e9700000|100%| S|CS|TS  1|AC  0|TAMS 0x00000000e9600000, 0x00000000e9600000|
| 151|0x00000000e9700000, 0x00000000e9800000, 0x00000000e9800000|100%| S|CS|TS  1|AC  0|TAMS 0x00000000e9700000, 0x00000000e9700000|
| 152|0x00000000e9800000, 0x00000000e9900000, 0x00000000e9900000|100%| S|CS|TS  1|AC  0|TAMS 0x00000000e9800000, 0x00000000e9800000|
| 153|0x00000000e9900000, 0x00000000e9a00000, 0x00000000e9a00000|100%| S|CS|TS  1|AC  0|TAMS 0x00000000e9900000, 0x00000000e9900000|
| 154|0x00000000e9a00000, 0x00000000e9b00000, 0x00000000e9b00000|100%| S|CS|TS  1|AC  0|TAMS 0x00000000e9a00000, 0x00000000e9a00000|
| 155|0x00000000e9b00000, 0x00000000e9c00000, 0x00000000e9c00000|100%| S|CS|TS  1|AC  0|TAMS 0x00000000e9b00000, 0x00000000e9b00000|
| 156|0x00000000e9c00000, 0x00000000e9d00000, 0x00000000e9d00000|100%| S|CS|TS  1|AC  0|TAMS 0x00000000e9c00000, 0x00000000e9c00000|
| 157|0x00000000e9d00000, 0x00000000e9d00000, 0x00000000e9e00000|  0%| F|  |TS  1|AC  0|TAMS 0x00000000e9d00000, 0x00000000e9d00000|
| 158|0x00000000e9e00000, 0x00000000e9e00000, 0x00000000e9f00000|  0%| F|  |TS  1|AC  0|TAMS 0x00000000e9e00000, 0x00000000e9e00000|
| 159|0x00000000e9f00000, 0x00000000ea000000, 0x00000000ea000000|100%| S|CS|TS  1|AC  0|TAMS 0x00000000e9f00000, 0x00000000e9f00000|
| 160|0x00000000ea000000, 0x00000000ea100000, 0x00000000ea100000|100%| S|CS|TS  1|AC  0|TAMS 0x00000000ea000000, 0x00000000ea000000|
| 161|0x00000000ea100000, 0x00000000ea100000, 0x00000000ea200000|  0%| F|  |TS  1|AC  0|TAMS 0x00000000ea100000, 0x00000000ea100000|
| 162|0x00000000ea200000, 0x00000000ea200000, 0x00000000ea300000|  0%| F|  |TS  1|AC  0|TAMS 0x00000000ea200000, 0x00000000ea200000|
| 163|0x00000000ea300000, 0x00000000ea300000, 0x00000000ea400000|  0%| F|  |TS  1|AC  0|TAMS 0x00000000ea300000, 0x00000000ea300000|
| 164|0x00000000ea400000, 0x00000000ea400000, 0x00000000ea500000|  0%| F|  |TS  1|AC  0|TAMS 0x00000000ea400000, 0x00000000ea400000|
| 165|0x00000000ea500000, 0x00000000ea500000, 0x00000000ea600000|  0%| F|  |TS  1|AC  0|TAMS 0x00000000ea500000, 0x00000000ea500000|
| 166|0x00000000ea600000, 0x00000000ea600000, 0x00000000ea700000|  0%| F|  |TS  1|AC  0|TAMS 0x00000000ea600000, 0x00000000ea600000|
| 167|0x00000000ea700000, 0x00000000ea700000, 0x00000000ea800000|  0%| F|  |TS  1|AC  0|TAMS 0x00000000ea700000, 0x00000000ea700000|
| 168|0x00000000ea800000, 0x00000000ea800000, 0x00000000ea900000|  0%| F|  |TS  1|AC  0|TAMS 0x00000000ea800000, 0x00000000ea800000|
| 169|0x00000000ea900000, 0x00000000ea900000, 0x00000000eaa00000|  0%| F|  |TS  1|AC  0|TAMS 0x00000000ea900000, 0x00000000ea900000|
| 170|0x00000000eaa00000, 0x00000000eaa00000, 0x00000000eab00000|  0%| F|  |TS  1|AC  0|TAMS 0x00000000eaa00000, 0x00000000eaa00000|
| 171|0x00000000eab00000, 0x00000000eab00000, 0x00000000eac00000|  0%| F|  |TS  1|AC  0|TAMS 0x00000000eab00000, 0x00000000eab00000|
| 172|0x00000000eac00000, 0x00000000eac00000, 0x00000000ead00000|  0%| F|  |TS  1|AC  0|TAMS 0x00000000eac00000, 0x00000000eac00000|
| 173|0x00000000ead00000, 0x00000000ead00000, 0x00000000eae00000|  0%| F|  |TS  1|AC  0|TAMS 0x00000000ead00000, 0x00000000ead00000|
| 174|0x00000000eae00000, 0x00000000eae00000, 0x00000000eaf00000|  0%| F|  |TS  1|AC  0|TAMS 0x00000000eae00000, 0x00000000eae00000|
| 175|0x00000000eaf00000, 0x00000000eaf00000, 0x00000000eb000000|  0%| F|  |TS  1|AC  0|TAMS 0x00000000eaf00000, 0x00000000eaf00000|
| 176|0x00000000eb000000, 0x00000000eb000000, 0x00000000eb100000|  0%| F|  |TS  1|AC  0|TAMS 0x00000000eb000000, 0x00000000eb000000|
| 177|0x00000000eb100000, 0x00000000eb100000, 0x00000000eb200000|  0%| F|  |TS  1|AC  0|TAMS 0x00000000eb100000, 0x00000000eb100000|
| 178|0x00000000eb200000, 0x00000000eb200000, 0x00000000eb300000|  0%| F|  |TS  1|AC  0|TAMS 0x00000000eb200000, 0x00000000eb200000|
| 179|0x00000000eb300000, 0x00000000eb300000, 0x00000000eb400000|  0%| F|  |TS  1|AC  0|TAMS 0x00000000eb300000, 0x00000000eb300000|
| 180|0x00000000eb400000, 0x00000000eb400000, 0x00000000eb500000|  0%| F|  |TS  1|AC  0|TAMS 0x00000000eb400000, 0x00000000eb400000|
| 181|0x00000000eb500000, 0x00000000eb500000, 0x00000000eb600000|  0%| F|  |TS  1|AC  0|TAMS 0x00000000eb500000, 0x00000000eb500000|
| 182|0x00000000eb600000, 0x00000000eb600000, 0x00000000eb700000|  0%| F|  |TS  1|AC  0|TAMS 0x00000000eb600000, 0x00000000eb600000|
| 183|0x00000000eb700000, 0x00000000eb700000, 0x00000000eb800000|  0%| F|  |TS  1|AC  0|TAMS 0x00000000eb700000, 0x00000000eb700000|
| 184|0x00000000eb800000, 0x00000000eb800000, 0x00000000eb900000|  0%| F|  |TS  1|AC  0|TAMS 0x00000000eb800000, 0x00000000eb800000|
| 185|0x00000000eb900000, 0x00000000eb900000, 0x00000000eba00000|  0%| F|  |TS  1|AC  0|TAMS 0x00000000eb900000, 0x00000000eb900000|
| 186|0x00000000eba00000, 0x00000000eba00000, 0x00000000ebb00000|  0%| F|  |TS  1|AC  0|TAMS 0x00000000eba00000, 0x00000000eba00000|
| 187|0x00000000ebb00000, 0x00000000ebb00000, 0x00000000ebc00000|  0%| F|  |TS  1|AC  0|TAMS 0x00000000ebb00000, 0x00000000ebb00000|
| 188|0x00000000ebc00000, 0x00000000ebc00000, 0x00000000ebd00000|  0%| F|  |TS  1|AC  0|TAMS 0x00000000ebc00000, 0x00000000ebc00000|
| 189|0x00000000ebd00000, 0x00000000ebd00000, 0x00000000ebe00000|  0%| F|  |TS  1|AC  0|TAMS 0x00000000ebd00000, 0x00000000ebd00000|
| 190|0x00000000ebe00000, 0x00000000ebe00000, 0x00000000ebf00000|  0%| F|  |TS  1|AC  0|TAMS 0x00000000ebe00000, 0x00000000ebe00000|
| 191|0x00000000ebf00000, 0x00000000ebf00000, 0x00000000ec000000|  0%| F|  |TS  1|AC  0|TAMS 0x00000000ebf00000, 0x00000000ebf00000|
| 192|0x00000000ec000000, 0x00000000ec000000, 0x00000000ec100000|  0%| F|  |TS  1|AC  0|TAMS 0x00000000ec000000, 0x00000000ec000000|
| 193|0x00000000ec100000, 0x00000000ec100000, 0x00000000ec200000|  0%| F|  |TS  1|AC  0|TAMS 0x00000000ec100000, 0x00000000ec100000|
| 194|0x00000000ec200000, 0x00000000ec200000, 0x00000000ec300000|  0%| F|  |TS  1|AC  0|TAMS 0x00000000ec200000, 0x00000000ec200000|
| 195|0x00000000ec300000, 0x00000000ec300000, 0x00000000ec400000|  0%| F|  |TS  1|AC  0|TAMS 0x00000000ec300000, 0x00000000ec300000|
| 196|0x00000000ec400000, 0x00000000ec400000, 0x00000000ec500000|  0%| F|  |TS  1|AC  0|TAMS 0x00000000ec400000, 0x00000000ec400000|
| 197|0x00000000ec500000, 0x00000000ec500000, 0x00000000ec600000|  0%| F|  |TS  1|AC  0|TAMS 0x00000000ec500000, 0x00000000ec500000|
| 198|0x00000000ec600000, 0x00000000ec600000, 0x00000000ec700000|  0%| F|  |TS  1|AC  0|TAMS 0x00000000ec600000, 0x00000000ec600000|
| 199|0x00000000ec700000, 0x00000000ec743108, 0x00000000ec800000| 26%| E|  |TS  1|AC  0|TAMS 0x00000000ec700000, 0x00000000ec700000|
| 200|0x00000000ec800000, 0x00000000ec900000, 0x00000000ec900000|100%| E|CS|TS  1|AC  0|TAMS 0x00000000ec800000, 0x00000000ec800000|
| 201|0x00000000ec900000, 0x00000000eca00000, 0x00000000eca00000|100%| E|CS|TS  1|AC  0|TAMS 0x00000000ec900000, 0x00000000ec900000|
| 202|0x00000000eca00000, 0x00000000ecb00000, 0x00000000ecb00000|100%| E|CS|TS  1|AC  0|TAMS 0x00000000eca00000, 0x00000000eca00000|
| 203|0x00000000ecb00000, 0x00000000ecc00000, 0x00000000ecc00000|100%| E|CS|TS  1|AC  0|TAMS 0x00000000ecb00000, 0x00000000ecb00000|
| 204|0x00000000ecc00000, 0x00000000ecd00000, 0x00000000ecd00000|100%| E|CS|TS  1|AC  0|TAMS 0x00000000ecc00000, 0x00000000ecc00000|
| 205|0x00000000ecd00000, 0x00000000ece00000, 0x00000000ece00000|100%| E|CS|TS  1|AC  0|TAMS 0x00000000ecd00000, 0x00000000ecd00000|
| 206|0x00000000ece00000, 0x00000000ecf00000, 0x00000000ecf00000|100%| E|CS|TS  1|AC  0|TAMS 0x00000000ece00000, 0x00000000ece00000|
| 207|0x00000000ecf00000, 0x00000000ed000000, 0x00000000ed000000|100%| E|CS|TS  1|AC  0|TAMS 0x00000000ecf00000, 0x00000000ecf00000|
| 208|0x00000000ed000000, 0x00000000ed100000, 0x00000000ed100000|100%| E|CS|TS  1|AC  0|TAMS 0x00000000ed000000, 0x00000000ed000000|
| 209|0x00000000ed100000, 0x00000000ed200000, 0x00000000ed200000|100%| E|CS|TS  1|AC  0|TAMS 0x00000000ed100000, 0x00000000ed100000|
| 210|0x00000000ed200000, 0x00000000ed300000, 0x00000000ed300000|100%| E|CS|TS  1|AC  0|TAMS 0x00000000ed200000, 0x00000000ed200000|
| 211|0x00000000ed300000, 0x00000000ed400000, 0x00000000ed400000|100%| E|CS|TS  1|AC  0|TAMS 0x00000000ed300000, 0x00000000ed300000|
| 212|0x00000000ed400000, 0x00000000ed500000, 0x00000000ed500000|100%| E|CS|TS  1|AC  0|TAMS 0x00000000ed400000, 0x00000000ed400000|
| 213|0x00000000ed500000, 0x00000000ed600000, 0x00000000ed600000|100%| E|CS|TS  1|AC  0|TAMS 0x00000000ed500000, 0x00000000ed500000|
| 214|0x00000000ed600000, 0x00000000ed700000, 0x00000000ed700000|100%| E|CS|TS  1|AC  0|TAMS 0x00000000ed600000, 0x00000000ed600000|
| 215|0x00000000ed700000, 0x00000000ed800000, 0x00000000ed800000|100%| E|CS|TS  1|AC  0|TAMS 0x00000000ed700000, 0x00000000ed700000|
| 216|0x00000000ed800000, 0x00000000ed900000, 0x00000000ed900000|100%| E|CS|TS  1|AC  0|TAMS 0x00000000ed800000, 0x00000000ed800000|
| 217|0x00000000ed900000, 0x00000000eda00000, 0x00000000eda00000|100%| E|CS|TS  1|AC  0|TAMS 0x00000000ed900000, 0x00000000ed900000|
| 218|0x00000000eda00000, 0x00000000edb00000, 0x00000000edb00000|100%| E|CS|TS  1|AC  0|TAMS 0x00000000eda00000, 0x00000000eda00000|
| 219|0x00000000edb00000, 0x00000000edc00000, 0x00000000edc00000|100%| E|CS|TS  1|AC  0|TAMS 0x00000000edb00000, 0x00000000edb00000|
| 220|0x00000000edc00000, 0x00000000edd00000, 0x00000000edd00000|100%| E|CS|TS  1|AC  0|TAMS 0x00000000edc00000, 0x00000000edc00000|
| 221|0x00000000edd00000, 0x00000000ede00000, 0x00000000ede00000|100%| E|CS|TS  1|AC  0|TAMS 0x00000000edd00000, 0x00000000edd00000|
| 222|0x00000000ede00000, 0x00000000edf00000, 0x00000000edf00000|100%| E|CS|TS  1|AC  0|TAMS 0x00000000ede00000, 0x00000000ede00000|
| 223|0x00000000edf00000, 0x00000000ee000000, 0x00000000ee000000|100%| E|CS|TS  1|AC  0|TAMS 0x00000000edf00000, 0x00000000edf00000|
| 224|0x00000000ee000000, 0x00000000ee100000, 0x00000000ee100000|100%| E|CS|TS  1|AC  0|TAMS 0x00000000ee000000, 0x00000000ee000000|
| 225|0x00000000ee100000, 0x00000000ee200000, 0x00000000ee200000|100%| E|CS|TS  1|AC  0|TAMS 0x00000000ee100000, 0x00000000ee100000|
| 226|0x00000000ee200000, 0x00000000ee300000, 0x00000000ee300000|100%| E|CS|TS  1|AC  0|TAMS 0x00000000ee200000, 0x00000000ee200000|
| 227|0x00000000ee300000, 0x00000000ee400000, 0x00000000ee400000|100%| E|CS|TS  1|AC  0|TAMS 0x00000000ee300000, 0x00000000ee300000|
| 228|0x00000000ee400000, 0x00000000ee500000, 0x00000000ee500000|100%| E|CS|TS  1|AC  0|TAMS 0x00000000ee400000, 0x00000000ee400000|
| 229|0x00000000ee500000, 0x00000000ee600000, 0x00000000ee600000|100%| E|CS|TS  1|AC  0|TAMS 0x00000000ee500000, 0x00000000ee500000|
| 230|0x00000000ee600000, 0x00000000ee700000, 0x00000000ee700000|100%| E|CS|TS  1|AC  0|TAMS 0x00000000ee600000, 0x00000000ee600000|
| 231|0x00000000ee700000, 0x00000000ee800000, 0x00000000ee800000|100%| E|CS|TS  1|AC  0|TAMS 0x00000000ee700000, 0x00000000ee700000|
| 232|0x00000000ee800000, 0x00000000ee900000, 0x00000000ee900000|100%| E|CS|TS  1|AC  0|TAMS 0x00000000ee800000, 0x00000000ee800000|
| 233|0x00000000ee900000, 0x00000000eea00000, 0x00000000eea00000|100%| E|CS|TS  1|AC  0|TAMS 0x00000000ee900000, 0x00000000ee900000|
| 234|0x00000000eea00000, 0x00000000eeb00000, 0x00000000eeb00000|100%| E|CS|TS  1|AC  0|TAMS 0x00000000eea00000, 0x00000000eea00000|
| 235|0x00000000eeb00000, 0x00000000eec00000, 0x00000000eec00000|100%| E|CS|TS  1|AC  0|TAMS 0x00000000eeb00000, 0x00000000eeb00000|
| 236|0x00000000eec00000, 0x00000000eed00000, 0x00000000eed00000|100%| E|CS|TS  1|AC  0|TAMS 0x00000000eec00000, 0x00000000eec00000|
| 237|0x00000000eed00000, 0x00000000eee00000, 0x00000000eee00000|100%| E|CS|TS  1|AC  0|TAMS 0x00000000eed00000, 0x00000000eed00000|
| 238|0x00000000eee00000, 0x00000000eef00000, 0x00000000eef00000|100%| E|CS|TS  1|AC  0|TAMS 0x00000000eee00000, 0x00000000eee00000|
| 239|0x00000000eef00000, 0x00000000ef000000, 0x00000000ef000000|100%| E|CS|TS  1|AC  0|TAMS 0x00000000eef00000, 0x00000000eef00000|
| 240|0x00000000ef000000, 0x00000000ef100000, 0x00000000ef100000|100%| E|CS|TS  1|AC  0|TAMS 0x00000000ef000000, 0x00000000ef000000|
| 241|0x00000000ef100000, 0x00000000ef200000, 0x00000000ef200000|100%| E|CS|TS  1|AC  0|TAMS 0x00000000ef100000, 0x00000000ef100000|
| 242|0x00000000ef200000, 0x00000000ef300000, 0x00000000ef300000|100%| E|CS|TS  1|AC  0|TAMS 0x00000000ef200000, 0x00000000ef200000|
| 243|0x00000000ef300000, 0x00000000ef400000, 0x00000000ef400000|100%| E|CS|TS  1|AC  0|TAMS 0x00000000ef300000, 0x00000000ef300000|
| 244|0x00000000ef400000, 0x00000000ef500000, 0x00000000ef500000|100%| E|CS|TS  1|AC  0|TAMS 0x00000000ef400000, 0x00000000ef400000|
| 245|0x00000000ef500000, 0x00000000ef600000, 0x00000000ef600000|100%| E|CS|TS  1|AC  0|TAMS 0x00000000ef500000, 0x00000000ef500000|
| 246|0x00000000ef600000, 0x00000000ef700000, 0x00000000ef700000|100%| E|CS|TS  1|AC  0|TAMS 0x00000000ef600000, 0x00000000ef600000|
| 247|0x00000000ef700000, 0x00000000ef800000, 0x00000000ef800000|100%| E|CS|TS  1|AC  0|TAMS 0x00000000ef700000, 0x00000000ef700000|
| 248|0x00000000ef800000, 0x00000000ef900000, 0x00000000ef900000|100%| E|CS|TS  1|AC  0|TAMS 0x00000000ef800000, 0x00000000ef800000|
| 249|0x00000000ef900000, 0x00000000efa00000, 0x00000000efa00000|100%| E|CS|TS  1|AC  0|TAMS 0x00000000ef900000, 0x00000000ef900000|
| 250|0x00000000efa00000, 0x00000000efb00000, 0x00000000efb00000|100%| E|CS|TS  1|AC  0|TAMS 0x00000000efa00000, 0x00000000efa00000|
| 251|0x00000000efb00000, 0x00000000efc00000, 0x00000000efc00000|100%| E|CS|TS  1|AC  0|TAMS 0x00000000efb00000, 0x00000000efb00000|
| 252|0x00000000efc00000, 0x00000000efd00000, 0x00000000efd00000|100%| E|CS|TS  1|AC  0|TAMS 0x00000000efc00000, 0x00000000efc00000|
| 253|0x00000000efd00000, 0x00000000efe00000, 0x00000000efe00000|100%| E|CS|TS  1|AC  0|TAMS 0x00000000efd00000, 0x00000000efd00000|
| 254|0x00000000efe00000, 0x00000000eff00000, 0x00000000eff00000|100%| E|CS|TS  1|AC  0|TAMS 0x00000000efe00000, 0x00000000efe00000|
| 255|0x00000000eff00000, 0x00000000f0000000, 0x00000000f0000000|100%| E|CS|TS  1|AC  0|TAMS 0x00000000eff00000, 0x00000000eff00000|

Card table byte_map: [0x000001dffa310000,0x000001dffa410000] byte_map_base: 0x000001dff9c10000

Marking Bits (Prev, Next): (CMBitMap*) 0x000001dfeeca1fc0, (CMBitMap*) 0x000001dfeeca1ff8
 Prev Bits: [0x000001dffa510000, 0x000001dffad10000)
 Next Bits: [0x000001dffad10000, 0x000001dffb510000)

Polling page: 0x000001dfec6c0000

CodeHeap 'non-profiled nmethods': size=120000Kb used=2806Kb max_used=2806Kb free=117193Kb
 bounds [0x000001df87ad0000, 0x000001df87d90000, 0x000001df8f000000]
CodeHeap 'profiled nmethods': size=120000Kb used=9373Kb max_used=9373Kb free=110626Kb
 bounds [0x000001df805a0000, 0x000001df80ed0000, 0x000001df87ad0000]
CodeHeap 'non-nmethods': size=5760Kb used=2208Kb max_used=2259Kb free=3551Kb
 bounds [0x000001df80000000, 0x000001df80270000, 0x000001df805a0000]
 total_blobs=6448 nmethods=4310 adapters=682
 compilation: enabled

Compilation events (10 events):
Event: 15.178 Thread 0x000001dffdf9e000 4393       3       io.spring.gradle.dependencymanagement.org.codehaus.plexus.interpolation.reflection.ClassMap::makeMethodKey (59 bytes)
Event: 15.179 Thread 0x000001dffdf9e000 nmethod 4393 0x000001df80e61510 code [0x000001df80e61760, 0x000001df80e62110]
Event: 15.179 Thread 0x000001dffdf9e000 4395       3       java.util.regex.Pattern$BmpCharPredicate::union (23 bytes)
Event: 15.179 Thread 0x000001dffdf9e000 nmethod 4395 0x000001df80e62410 code [0x000001df80e62620, 0x000001df80e62e90]
Event: 15.179 Thread 0x000001dffdf9e000 4396       3       java.util.regex.Pattern$BmpCharPredicate$$Lambda$12/1076835071::get$Lambda (10 bytes)
Event: 15.179 Thread 0x000001dffdf9e000 nmethod 4396 0x000001df80e63090 code [0x000001df80e63260, 0x000001df80e63578]
Event: 15.179 Thread 0x000001dffdf9e000 4397       3       java.util.regex.Pattern$BmpCharPredicate$$Lambda$12/1076835071::<init> (15 bytes)
Event: 15.179 Thread 0x000001dffdf9e000 nmethod 4397 0x000001df80e63690 code [0x000001df80e63840, 0x000001df80e63ab8]
Event: 15.180 Thread 0x000001dffdf9e000 4398       3       java.util.ArrayList::grow (11 bytes)
Event: 15.180 Thread 0x000001dffdf9e000 nmethod 4398 0x000001df80e63b90 code [0x000001df80e63d80, 0x000001df80e640c0]

GC Heap History (8 events):
Event: 0.929 GC heap before
{Heap before GC invocations=0 (full 0):
 garbage-first heap   total 262144K, used 30720K [0x00000000e0000000, 0x0000000100000000)
  region size 1024K, 24 young (24576K), 0 survivors (0K)
 Metaspace       used 10738K, capacity 10976K, committed 11264K, reserved 264192K
  class space    used 1093K, capacity 1154K, committed 1280K, reserved 253952K
}
Event: 0.933 GC heap after
{Heap after GC invocations=1 (full 0):
 garbage-first heap   total 262144K, used 8971K [0x00000000e0000000, 0x0000000100000000)
  region size 1024K, 3 young (3072K), 3 survivors (3072K)
 Metaspace       used 10738K, capacity 10976K, committed 11264K, reserved 264192K
  class space    used 1093K, capacity 1154K, committed 1280K, reserved 253952K
}
Event: 9.085 GC heap before
{Heap before GC invocations=1 (full 0):
 garbage-first heap   total 262144K, used 93963K [0x00000000e0000000, 0x0000000100000000)
  region size 1024K, 86 young (88064K), 3 survivors (3072K)
 Metaspace       used 20636K, capacity 21058K, committed 21296K, reserved 274432K
  class space    used 2495K, capacity 2657K, committed 2688K, reserved 253952K
}
Event: 9.107 GC heap after
{Heap after GC invocations=2 (full 0):
 garbage-first heap   total 262144K, used 16985K [0x00000000e0000000, 0x0000000100000000)
  region size 1024K, 11 young (11264K), 11 survivors (11264K)
 Metaspace       used 20636K, capacity 21058K, committed 21296K, reserved 274432K
  class space    used 2495K, capacity 2657K, committed 2688K, reserved 253952K
}
Event: 11.930 GC heap before
{Heap before GC invocations=3 (full 0):
 garbage-first heap   total 262144K, used 103001K [0x00000000e0000000, 0x0000000100000000)
  region size 1024K, 93 young (95232K), 11 survivors (11264K)
 Metaspace       used 34961K, capacity 35456K, committed 35920K, reserved 286720K
  class space    used 4171K, capacity 4404K, committed 4432K, reserved 253952K
}
Event: 11.943 GC heap after
{Heap after GC invocations=4 (full 0):
 garbage-first heap   total 262144K, used 21897K [0x00000000e0000000, 0x0000000100000000)
  region size 1024K, 6 young (6144K), 6 survivors (6144K)
 Metaspace       used 34961K, capacity 35456K, committed 35920K, reserved 286720K
  class space    used 4171K, capacity 4404K, committed 4432K, reserved 253952K
}
Event: 13.667 GC heap before
{Heap before GC invocations=5 (full 0):
 garbage-first heap   total 262144K, used 115081K [0x00000000e0000000, 0x0000000100000000)
  region size 1024K, 97 young (99328K), 6 survivors (6144K)
 Metaspace       used 43267K, capacity 44048K, committed 44624K, reserved 292864K
  class space    used 5455K, capacity 5702K, committed 5712K, reserved 253952K
}
Event: 13.676 GC heap after
{Heap after GC invocations=6 (full 0):
 garbage-first heap   total 262144K, used 26661K [0x00000000e0000000, 0x0000000100000000)
  region size 1024K, 10 young (10240K), 10 survivors (10240K)
 Metaspace       used 43267K, capacity 44048K, committed 44624K, reserved 292864K
  class space    used 5455K, capacity 5702K, committed 5712K, reserved 253952K
}

Deoptimization events (10 events):
Event: 14.747 Thread 0x000001df8ff01000 Uncommon trap: reason=bimorphic_or_optimized_type_check action=maybe_recompile pc=0x000001df87d5ac1c method=java.util.Arrays.binarySearch0([Ljava/lang/Object;IILjava/lang/Object;Ljava/util/Comparator;)I @ 48 c2
Event: 14.816 Thread 0x000001df8feff800 Uncommon trap: reason=unstable_if action=reinterpret pc=0x000001df87bd57cc method=java.lang.StringLatin1.regionMatchesCI([BI[BII)Z @ 66 c2
Event: 14.816 Thread 0x000001df8feff800 Uncommon trap: reason=unstable_if action=reinterpret pc=0x000001df87be1d90 method=java.lang.StringLatin1.regionMatchesCI([BI[BII)Z @ 66 c2
Event: 14.955 Thread 0x000001df8feff800 Uncommon trap: reason=unstable_if action=reinterpret pc=0x000001df87ccc044 method=java.io.BufferedInputStream.read([BII)I @ 31 c2
Event: 14.970 Thread 0x000001df8feff800 Uncommon trap: reason=unstable_if action=reinterpret pc=0x000001df87af374c method=java.lang.String.toCharArray()[C @ 4 c2
Event: 14.970 Thread 0x000001df8feff800 Uncommon trap: reason=unstable_if action=reinterpret pc=0x000001df87adeff8 method=java.lang.String.isLatin1()Z @ 10 c2
Event: 14.976 Thread 0x000001df8feff800 Uncommon trap: reason=unstable_if action=reinterpret pc=0x000001df87d680c4 method=io.spring.gradle.dependencymanagement.org.codehaus.plexus.util.xml.pull.MXParser.more()C @ 8 c2
Event: 14.995 Thread 0x000001df8feff800 Uncommon trap: reason=unstable_if action=reinterpret pc=0x000001df87d6aa0c method=io.spring.gradle.dependencymanagement.org.codehaus.plexus.util.xml.pull.MXParser.nextImpl()I @ 91 c2
Event: 14.996 Thread 0x000001df8feff800 Uncommon trap: reason=unstable_if action=reinterpret pc=0x000001df87d692c8 method=io.spring.gradle.dependencymanagement.org.codehaus.plexus.util.xml.pull.MXParser.isWhitespace()Z @ 20 c2
Event: 15.129 Thread 0x000001df8feff800 Uncommon trap: reason=unstable_if action=reinterpret pc=0x000001df87d77c24 method=io.spring.gradle.dependencymanagement.org.apache.maven.model.interpolation.StringSearchModelInterpolator$InterpolateObjectAction.isQualifiedForInterpolation(Ljava/lang/refle

Classes redefined (0 events):
No events

Internal exceptions (10 events):
Event: 14.513 Thread 0x000001df91280000 Implicit null exception at 0x000001df87cd8cb9 to 0x000001df87cd8d9a
Event: 14.825 Thread 0x000001df8feff800 Exception <a 'java/lang/NoSuchMethodError'{0x00000000edac8688}: java.lang.invoke.DirectMethodHandle$Holder.invokeStatic(Ljava/lang/Object;Ljava/lang/Object;Ljava/lang/Object;Ljava/lang/Object;Ljava/lang/Object;Ljava/lang/Object;Ljava/lang/Object;)V> (0x00
Event: 14.826 Thread 0x000001df8feff800 Exception <a 'java/lang/NoSuchMethodError'{0x00000000edadb270}: method resolution failed> (0x00000000edadb270) thrown at [t:/workspace/open/src/hotspot/share/prims/methodHandles.cpp, line 1226]
Event: 14.835 Thread 0x000001df8feff800 Exception <a 'java/lang/ClassNotFoundException'{0x00000000ed8a9438}: org/gradle/api/internal/artifacts/configurations/DefaultConfiguration_DecoratedBeanInfo> (0x00000000ed8a9438) thrown at [t:/workspace/open/src/hotspot/share/classfile/systemDictionary.cp
Event: 14.836 Thread 0x000001df8feff800 Exception <a 'java/lang/ClassNotFoundException'{0x00000000ed8c4218}: org/gradle/api/internal/artifacts/configurations/DefaultConfigurationBeanInfo> (0x00000000ed8c4218) thrown at [t:/workspace/open/src/hotspot/share/classfile/systemDictionary.cpp, line 23
Event: 14.836 Thread 0x000001df8feff800 Exception <a 'java/lang/ClassNotFoundException'{0x00000000ed8d3100}: org/gradle/api/internal/file/AbstractFileCollectionBeanInfo> (0x00000000ed8d3100) thrown at [t:/workspace/open/src/hotspot/share/classfile/systemDictionary.cpp, line 233]
Event: 14.836 Thread 0x000001df8feff800 Exception <a 'java/lang/ClassNotFoundException'{0x00000000ed8e2018}: org/gradle/api/internal/file/AbstractFileCollectionCustomizer> (0x00000000ed8e2018) thrown at [t:/workspace/open/src/hotspot/share/classfile/systemDictionary.cpp, line 233]
Event: 14.838 Thread 0x000001df8feff800 Exception <a 'java/lang/ClassNotFoundException'{0x00000000ed708fd0}: org/gradle/api/internal/artifacts/configurations/DefaultConfigurationCustomizer> (0x00000000ed708fd0) thrown at [t:/workspace/open/src/hotspot/share/classfile/systemDictionary.cpp, line 
Event: 14.840 Thread 0x000001df8feff800 Exception <a 'java/lang/ClassNotFoundException'{0x00000000ed768438}: org/gradle/api/internal/artifacts/configurations/DefaultConfiguration_DecoratedCustomizer> (0x00000000ed768438) thrown at [t:/workspace/open/src/hotspot/share/classfile/systemDictionary.
Event: 14.945 Thread 0x000001df8feff800 Exception <a 'java/lang/NoSuchMethodError'{0x00000000ed3f02b0}: java.lang.Object.lambda$union$1(Ljava/util/regex/Pattern$CharPredicate;I)Z> (0x00000000ed3f02b0) thrown at [t:/workspace/open/src/hotspot/share/interpreter/linkResolver.cpp, line 741]

Events (10 events):
Event: 15.129 Thread 0x000001df8feff800 DEOPT PACKING pc=0x000001df87d77c24 sp=0x000000c0844fa550
Event: 15.129 Thread 0x000001df8feff800 DEOPT UNPACKING pc=0x000001df80028a2f sp=0x000000c0844fa4f0 mode 2
Event: 15.131 loading class io/spring/gradle/dependencymanagement/org/apache/maven/model/Site
Event: 15.131 loading class io/spring/gradle/dependencymanagement/org/apache/maven/model/Site done
Event: 15.132 loading class io/spring/gradle/dependencymanagement/org/apache/maven/model/Relocation
Event: 15.132 loading class io/spring/gradle/dependencymanagement/org/apache/maven/model/Relocation done
Event: 15.149 loading class io/spring/gradle/dependencymanagement/internal/maven/RelaxedModelValidator$2
Event: 15.149 loading class io/spring/gradle/dependencymanagement/internal/maven/RelaxedModelValidator$2 done
Event: 15.176 Thread 0x000001df8feff800 DEOPT PACKING pc=0x000001df80951362 sp=0x000000c0844fba00
Event: 15.176 Thread 0x000001df8feff800 DEOPT UNPACKING pc=0x000001df8002884e sp=0x000000c0844fae88 mode 0


Dynamic libraries:
0x00007ff7fb4b0000 - 0x00007ff7fb4ee000 	D:\JavaSDK\bin\java.exe
0x00007ffd471a0000 - 0x00007ffd47390000 	C:\WINDOWS\SYSTEM32\ntdll.dll
0x00007ffd46aa0000 - 0x00007ffd46b52000 	C:\WINDOWS\System32\KERNEL32.DLL
0x00007ffd442c0000 - 0x00007ffd44563000 	C:\WINDOWS\System32\KERNELBASE.dll
0x00007ffd46460000 - 0x00007ffd46503000 	C:\WINDOWS\System32\ADVAPI32.dll
0x00007ffd45310000 - 0x00007ffd453ae000 	C:\WINDOWS\System32\msvcrt.dll
0x00007ffd45580000 - 0x00007ffd45617000 	C:\WINDOWS\System32\sechost.dll
0x00007ffd46d10000 - 0x00007ffd46e30000 	C:\WINDOWS\System32\RPCRT4.dll
0x00007ffd46e30000 - 0x00007ffd46fc4000 	C:\WINDOWS\System32\USER32.dll
0x00007ffd44570000 - 0x00007ffd44591000 	C:\WINDOWS\System32\win32u.dll
0x00007ffd45250000 - 0x00007ffd45276000 	C:\WINDOWS\System32\GDI32.dll
0x00007ffd445a0000 - 0x00007ffd44734000 	C:\WINDOWS\System32\gdi32full.dll
0x00007ffd451b0000 - 0x00007ffd4524e000 	C:\WINDOWS\System32\msvcp_win.dll
0x00007ffd450b0000 - 0x00007ffd451aa000 	C:\WINDOWS\System32\ucrtbase.dll
0x00007ffd34c20000 - 0x00007ffd34ea5000 	C:\WINDOWS\WinSxS\amd64_microsoft.windows.common-controls_6595b64144ccf1df_6.0.18362.535_none_e6c3b34713100821\COMCTL32.dll
0x00007ffd3d4f0000 - 0x00007ffd3d4fa000 	C:\WINDOWS\SYSTEM32\VERSION.dll
0x00007ffd466e0000 - 0x00007ffd46a16000 	C:\WINDOWS\System32\combase.dll
0x00007ffd448b0000 - 0x00007ffd44930000 	C:\WINDOWS\System32\bcryptPrimitives.dll
0x00007ffd45a90000 - 0x00007ffd45abe000 	C:\WINDOWS\System32\IMM32.DLL
0x00007ffd082c0000 - 0x00007ffd083af000 	D:\JavaSDK\bin\msvcr120.dll
0x00007ffd08210000 - 0x00007ffd082b6000 	D:\JavaSDK\bin\msvcp120.dll
0x0000000063ce0000 - 0x0000000064750000 	D:\JavaSDK\bin\server\jvm.dll
0x00007ffd47150000 - 0x00007ffd47158000 	C:\WINDOWS\System32\PSAPI.DLL
0x00007ffd33310000 - 0x00007ffd33319000 	C:\WINDOWS\SYSTEM32\WSOCK32.dll
0x00007ffd3b630000 - 0x00007ffd3b654000 	C:\WINDOWS\SYSTEM32\WINMM.dll
0x00007ffd453b0000 - 0x00007ffd4541f000 	C:\WINDOWS\System32\WS2_32.dll
0x00007ffd3b600000 - 0x00007ffd3b62d000 	C:\WINDOWS\SYSTEM32\winmmbase.dll
0x00007ffd441e0000 - 0x00007ffd4422a000 	C:\WINDOWS\System32\cfgmgr32.dll
0x00007ffd3e240000 - 0x00007ffd3e24f000 	D:\JavaSDK\bin\verify.dll
0x00007ffd42930000 - 0x00007ffd42b24000 	C:\WINDOWS\SYSTEM32\DBGHELP.DLL
0x00007ffd32450000 - 0x00007ffd3247a000 	C:\WINDOWS\SYSTEM32\dbgcore.DLL
0x00007ffd35110000 - 0x00007ffd35137000 	D:\JavaSDK\bin\java.dll
0x00007ffd3c6b0000 - 0x00007ffd3c6c6000 	D:\JavaSDK\bin\zip.dll
0x00007ffd3e1e0000 - 0x00007ffd3e1ea000 	D:\JavaSDK\bin\jimage.dll
0x00007ffd45d70000 - 0x00007ffd46455000 	C:\WINDOWS\System32\SHELL32.dll
0x00007ffd45c60000 - 0x00007ffd45d09000 	C:\WINDOWS\System32\shcore.dll
0x00007ffd44930000 - 0x00007ffd450af000 	C:\WINDOWS\System32\windows.storage.dll
0x00007ffd440f0000 - 0x00007ffd4410f000 	C:\WINDOWS\System32\profapi.dll
0x00007ffd44080000 - 0x00007ffd440ca000 	C:\WINDOWS\System32\powrprof.dll
0x00007ffd44070000 - 0x00007ffd44080000 	C:\WINDOWS\System32\UMPDC.dll
0x00007ffd45bf0000 - 0x00007ffd45c42000 	C:\WINDOWS\System32\shlwapi.dll
0x00007ffd440d0000 - 0x00007ffd440e1000 	C:\WINDOWS\System32\kernel.appcore.dll
0x00007ffd44890000 - 0x00007ffd448a7000 	C:\WINDOWS\System32\cryptsp.dll
0x00007ffd24fe0000 - 0x00007ffd24ffa000 	D:\JavaSDK\bin\net.dll
0x00007ffd392b0000 - 0x00007ffd393a0000 	C:\WINDOWS\SYSTEM32\WINHTTP.dll
0x00007ffd43880000 - 0x00007ffd438e7000 	C:\WINDOWS\system32\mswsock.dll
0x00007ffd20cf0000 - 0x00007ffd20d01000 	D:\JavaSDK\bin\nio.dll
0x00007ffd24e50000 - 0x00007ffd24e76000 	C:\Users\asus\.gradle\native\30\windows-amd64\native-platform.dll
0x00007ffd26120000 - 0x00007ffd26129000 	D:\JavaSDK\bin\management.dll
0x00007ffd24fd0000 - 0x00007ffd24fda000 	D:\JavaSDK\bin\management_ext.dll
0x00007ffd433f0000 - 0x00007ffd43423000 	C:\WINDOWS\system32\rsaenh.dll
0x00007ffd44290000 - 0x00007ffd442b6000 	C:\WINDOWS\System32\bcrypt.dll
0x00007ffd43f90000 - 0x00007ffd43fb5000 	C:\WINDOWS\SYSTEM32\USERENV.dll
0x00007ffd43ab0000 - 0x00007ffd43abc000 	C:\WINDOWS\SYSTEM32\CRYPTBASE.dll
0x00007ffd43590000 - 0x00007ffd435ca000 	C:\WINDOWS\SYSTEM32\IPHLPAPI.DLL
0x00007ffd45280000 - 0x00007ffd45288000 	C:\WINDOWS\System32\NSI.dll
0x00007ffd3c5c0000 - 0x00007ffd3c5d6000 	C:\WINDOWS\SYSTEM32\dhcpcsvc6.DLL
0x00007ffd3c490000 - 0x00007ffd3c4ac000 	C:\WINDOWS\SYSTEM32\dhcpcsvc.DLL
0x00007ffd435d0000 - 0x00007ffd4369a000 	C:\WINDOWS\SYSTEM32\DNSAPI.dll

dbghelp: loaded successfully - version: 4.0.5 - missing functions: none
symbol engine: initialized successfully - sym options: 0x614 - pdb path: .;D:\JavaSDK\bin;C:\WINDOWS\SYSTEM32;C:\WINDOWS\WinSxS\amd64_microsoft.windows.common-controls_6595b64144ccf1df_6.0.18362.535_none_e6c3b34713100821;D:\JavaSDK\bin\server;C:\Users\asus\.gradle\native\30\windows-amd64

VM Arguments:
jvm_args: --add-opens=java.base/java.util=ALL-UNNAMED --add-opens=java.base/java.lang=ALL-UNNAMED --add-opens=java.base/java.lang.invoke=ALL-UNNAMED --add-opens=java.prefs/java.util.prefs=ALL-UNNAMED -XX:MaxMetaspaceSize=256m -XX:+HeapDumpOnOutOfMemoryError -Xms256m -Xmx512m -Dfile.encoding=GBK -Duser.country=CN -Duser.language=zh -Duser.variant 
java_command: org.gradle.launcher.daemon.bootstrap.GradleDaemon 5.6.4
java_class_path (initial): C:\Users\asus\.gradle\wrapper\dists\gradle-5.6.4-all\ankdp27end7byghfw1q2sw75f\gradle-5.6.4\lib\gradle-launcher-5.6.4.jar
Launcher Type: SUN_STANDARD

Logging:
Log output configuration:
#0: stdout all=warning uptime,level,tags
#1: stderr all=off uptime,level,tags

Environment Variables:
JAVA_HOME=D:\JavaSDK
CLASSPATH=G:\vueProject\server\server\\gradle\wrapper\gradle-wrapper.jar
PATH=C:\Program Files (x86)\Common Files\Oracle\Java\javapath;C:\Program Files\NVIDIA GPU Computing Toolkit\CUDA\v9.1\bin;C:\Program Files\NVIDIA GPU Computing Toolkit\CUDA\v9.1\libnvvp;C:\Program Files\Microsoft MPI\Bin\;F:\Python\Scripts\;F:\Python\;C:\Program Files (x86)\Intel\iCLS Client\;C:\Program Files\Intel\iCLS Client\;C:\Windows\system32;C:\Windows;C:\Windows\System32\Wbem;C:\Windows\System32\WindowsPowerShell\v1.0\;C:\Program Files (x86)\NVIDIA Corporation\PhysX\Common;C:\Program Files (x86)\Intel\Intel(R) Management Engine Components\DAL;C:\Program Files\Intel\Intel(R) Management Engine Components\DAL;C:\Program Files (x86)\Intel\Intel(R) Management Engine Components\IPT;C:\Program Files\Intel\Intel(R) Management Engine Components\IPT;C:\Program Files\Intel\WiFi\bin\;C:\Program Files\Common Files\Intel\WirelessCommon\;C:\Program Files\Microsoft SQL Server\130\Tools\Binn\;C:\Program Files (x86)\GtkSharp\2.12\bin;C:\WINDOWS\system32;C:\WINDOWS;C:\WINDOWS\System32\Wbem;C:\WINDOWS\System32\WindowsPowerShell\v1.0\;D:\opencv\build\x64\vc15\bin;D:\OpenCV2\opencv\build\x64\vc14\bin;C:\Program Files\NVIDIA GPU Computing Toolkit\CUDA\v9.1\lib\x64;C:\Program Files\NVIDIA GPU Computing Toolkit\CUDA\v9.1\include;C:\WINDOWS\System32\OpenSSH\;C:\Program Files\PuTTY\;D:\JavaSDK\jre\bin;D:\JavaSDK\bin;C:\Program Files\NVIDIA Corporation\NVIDIA NvDLISR;D:\node.js\;C:\Program Files\dotnet\;C:\Program Files (x86)\dotnet\;D:\Rational Rose\common;C:\Program Files\PostgreSQL\11\bin;D:\LoadRunner\strawberry-perl\perl\bin;C:\Program Files (x86)\HP\Unified Functional Testing\bin;C:\WINDOWS\system32;C:\WINDOWS;C:\WINDOWS\System32\Wbem;C:\WINDOWS\System32\WindowsPowerShell\v1.0\;C:\WINDOWS\System32\OpenSSH\;D:\Git\cmd;D:\Gradle\gradle-6.0\bin;C:\Program Files\MySQL\MySQL Shell 8.0\bin\;C:\Users\asus\AppData\Local\Microsoft\WindowsApps;C:\ProgramData\NVIDIA GPU Computing Toolkit\v8.0\bin;C:\Users\asus\AppData\Roaming\npm;D:\Microsoft VS Code Insiders\bin;C:\Users\asus\AppData\Local\Git
USERNAME=asus
OS=Windows_NT
PROCESSOR_IDENTIFIER=Intel64 Family 6 Model 158 Stepping 9, GenuineIntel



---------------  S Y S T E M  ---------------

OS: Windows 10 , 64 bit Build 18362 (10.0.18362.329)

CPU:total 8 (initial active 8) (4 cores per cpu, 2 threads per core) family 6 model 158 stepping 9, cmov, cx8, fxsr, mmx, sse, sse2, sse3, ssse3, sse4.1, sse4.2, popcnt, avx, avx2, aes, clmul, erms, 3dnowpref, lzcnt, ht, tsc, tscinvbit, bmi1, bmi2, adx, fma

Memory: 4k page, physical 8330580k(843780k free), swap 15783528k(6652k free)

vm_info: Java HotSpot(TM) 64-Bit Server VM (10.0.2+13) for windows-amd64 JRE (10.0.2+13), built on Jun 28 2018 01:57:56 by "mach5one" with MS VC++ 12.0 (VS2013)

END.
